{"D:\\MY FILES\\Studies\\5 SEMESTER\\Software engineering\\eds-store\\frontend\\src\\App.js": {"path":"D:\\MY FILES\\Studies\\5 SEMESTER\\Software engineering\\eds-store\\frontend\\src\\App.js","statementMap":{"0":{"start":{"line":27,"column":12},"end":{"line":69,"column":1}},"1":{"start":{"line":28,"column":2},"end":{"line":68,"column":4}}},"fnMap":{"0":{"name":"(anonymous_0)","decl":{"start":{"line":27,"column":12},"end":{"line":27,"column":13}},"loc":{"start":{"line":27,"column":18},"end":{"line":69,"column":1}},"line":27}},"branchMap":{},"s":{"0":1,"1":1},"f":{"0":1},"b":{},"_coverageSchema":"43e27e138ebf9cfc5966b082cf9a028302ed4184","hash":"188cd5e0185e2a5d316057bdbbd2edaa8b7a3962"}
,"D:\\MY FILES\\Studies\\5 SEMESTER\\Software engineering\\eds-store\\frontend\\src\\store.js": {"path":"D:\\MY FILES\\Studies\\5 SEMESTER\\Software engineering\\eds-store\\frontend\\src\\store.js","statementMap":{"0":{"start":{"line":31,"column":16},"end":{"line":52,"column":2}},"1":{"start":{"line":54,"column":29},"end":{"line":56,"column":6}},"2":{"start":{"line":58,"column":28},"end":{"line":60,"column":8}},"3":{"start":{"line":62,"column":35},"end":{"line":64,"column":6}},"4":{"start":{"line":66,"column":33},"end":{"line":68,"column":6}},"5":{"start":{"line":70,"column":21},"end":{"line":77,"column":1}},"6":{"start":{"line":79,"column":19},"end":{"line":79,"column":26}},"7":{"start":{"line":81,"column":14},"end":{"line":85,"column":1}}},"fnMap":{},"branchMap":{"0":{"loc":{"start":{"line":54,"column":29},"end":{"line":56,"column":6}},"type":"cond-expr","locations":[{"start":{"line":55,"column":4},"end":{"line":55,"column":49}},{"start":{"line":56,"column":4},"end":{"line":56,"column":6}}],"line":54},"1":{"loc":{"start":{"line":58,"column":28},"end":{"line":60,"column":8}},"type":"cond-expr","locations":[{"start":{"line":59,"column":4},"end":{"line":59,"column":48}},{"start":{"line":60,"column":4},"end":{"line":60,"column":8}}],"line":58},"2":{"loc":{"start":{"line":62,"column":35},"end":{"line":64,"column":6}},"type":"cond-expr","locations":[{"start":{"line":63,"column":4},"end":{"line":63,"column":55}},{"start":{"line":64,"column":4},"end":{"line":64,"column":6}}],"line":62},"3":{"loc":{"start":{"line":66,"column":33},"end":{"line":68,"column":6}},"type":"cond-expr","locations":[{"start":{"line":67,"column":4},"end":{"line":67,"column":53}},{"start":{"line":68,"column":4},"end":{"line":68,"column":6}}],"line":66}},"s":{"0":0,"1":0,"2":0,"3":0,"4":0,"5":0,"6":0,"7":0},"f":{},"b":{"0":[0,0],"1":[0,0],"2":[0,0],"3":[0,0]},"hash":"3f68f6f5e8335b33797dcf2953a3f4f703ae59f1"}
,"D:\\MY FILES\\Studies\\5 SEMESTER\\Software engineering\\eds-store\\frontend\\src\\actions\\cartActions.js": {"path":"D:\\MY FILES\\Studies\\5 SEMESTER\\Software engineering\\eds-store\\frontend\\src\\actions\\cartActions.js","statementMap":{"0":{"start":{"line":9,"column":25},"end":{"line":26,"column":1}},"1":{"start":{"line":9,"column":38},"end":{"line":26,"column":1}},"2":{"start":{"line":10,"column":19},"end":{"line":10,"column":57}},"3":{"start":{"line":12,"column":2},"end":{"line":22,"column":5}},"4":{"start":{"line":25,"column":2},"end":{"line":25,"column":79}},"5":{"start":{"line":28,"column":30},"end":{"line":34,"column":1}},"6":{"start":{"line":28,"column":38},"end":{"line":34,"column":1}},"7":{"start":{"line":29,"column":2},"end":{"line":32,"column":5}},"8":{"start":{"line":33,"column":2},"end":{"line":33,"column":79}},"9":{"start":{"line":36,"column":35},"end":{"line":42,"column":1}},"10":{"start":{"line":36,"column":45},"end":{"line":42,"column":1}},"11":{"start":{"line":37,"column":2},"end":{"line":40,"column":5}},"12":{"start":{"line":41,"column":2},"end":{"line":41,"column":64}},"13":{"start":{"line":44,"column":33},"end":{"line":50,"column":1}},"14":{"start":{"line":44,"column":43},"end":{"line":50,"column":1}},"15":{"start":{"line":45,"column":2},"end":{"line":48,"column":5}},"16":{"start":{"line":49,"column":2},"end":{"line":49,"column":62}}},"fnMap":{"0":{"name":"(anonymous_0)","decl":{"start":{"line":9,"column":25},"end":{"line":9,"column":26}},"loc":{"start":{"line":9,"column":38},"end":{"line":26,"column":1}},"line":9},"1":{"name":"(anonymous_1)","decl":{"start":{"line":9,"column":38},"end":{"line":9,"column":39}},"loc":{"start":{"line":9,"column":68},"end":{"line":26,"column":1}},"line":9},"2":{"name":"(anonymous_2)","decl":{"start":{"line":28,"column":30},"end":{"line":28,"column":31}},"loc":{"start":{"line":28,"column":38},"end":{"line":34,"column":1}},"line":28},"3":{"name":"(anonymous_3)","decl":{"start":{"line":28,"column":38},"end":{"line":28,"column":39}},"loc":{"start":{"line":28,"column":62},"end":{"line":34,"column":1}},"line":28},"4":{"name":"(anonymous_4)","decl":{"start":{"line":36,"column":35},"end":{"line":36,"column":36}},"loc":{"start":{"line":36,"column":45},"end":{"line":42,"column":1}},"line":36},"5":{"name":"(anonymous_5)","decl":{"start":{"line":36,"column":45},"end":{"line":36,"column":46}},"loc":{"start":{"line":36,"column":59},"end":{"line":42,"column":1}},"line":36},"6":{"name":"(anonymous_6)","decl":{"start":{"line":44,"column":33},"end":{"line":44,"column":34}},"loc":{"start":{"line":44,"column":43},"end":{"line":50,"column":1}},"line":44},"7":{"name":"(anonymous_7)","decl":{"start":{"line":44,"column":43},"end":{"line":44,"column":44}},"loc":{"start":{"line":44,"column":57},"end":{"line":50,"column":1}},"line":44}},"branchMap":{},"s":{"0":5,"1":0,"2":0,"3":0,"4":0,"5":5,"6":0,"7":0,"8":0,"9":5,"10":0,"11":0,"12":0,"13":5,"14":0,"15":0,"16":0},"f":{"0":0,"1":0,"2":0,"3":0,"4":0,"5":0,"6":0,"7":0},"b":{},"_coverageSchema":"43e27e138ebf9cfc5966b082cf9a028302ed4184","hash":"e7ffc77487f8c53a96b847e1cfb944e3756c1558"}
,"D:\\MY FILES\\Studies\\5 SEMESTER\\Software engineering\\eds-store\\frontend\\src\\actions\\orderActions.js": {"path":"D:\\MY FILES\\Studies\\5 SEMESTER\\Software engineering\\eds-store\\frontend\\src\\actions\\orderActions.js","statementMap":{"0":{"start":{"line":24,"column":27},"end":{"line":56,"column":1}},"1":{"start":{"line":24,"column":38},"end":{"line":56,"column":1}},"2":{"start":{"line":25,"column":2},"end":{"line":55,"column":3}},"3":{"start":{"line":26,"column":4},"end":{"line":28,"column":7}},"4":{"start":{"line":32,"column":8},"end":{"line":32,"column":18}},"5":{"start":{"line":34,"column":19},"end":{"line":39,"column":5}},"6":{"start":{"line":41,"column":21},"end":{"line":41,"column":67}},"7":{"start":{"line":43,"column":4},"end":{"line":46,"column":7}},"8":{"start":{"line":48,"column":4},"end":{"line":54,"column":7}},"9":{"start":{"line":58,"column":31},"end":{"line":89,"column":1}},"10":{"start":{"line":58,"column":39},"end":{"line":89,"column":1}},"11":{"start":{"line":59,"column":2},"end":{"line":88,"column":3}},"12":{"start":{"line":60,"column":4},"end":{"line":62,"column":7}},"13":{"start":{"line":66,"column":8},"end":{"line":66,"column":18}},"14":{"start":{"line":68,"column":19},"end":{"line":72,"column":5}},"15":{"start":{"line":74,"column":21},"end":{"line":74,"column":65}},"16":{"start":{"line":76,"column":4},"end":{"line":79,"column":7}},"17":{"start":{"line":81,"column":4},"end":{"line":87,"column":7}},"18":{"start":{"line":91,"column":24},"end":{"line":130,"column":1}},"19":{"start":{"line":91,"column":52},"end":{"line":130,"column":1}},"20":{"start":{"line":95,"column":2},"end":{"line":129,"column":3}},"21":{"start":{"line":96,"column":4},"end":{"line":98,"column":7}},"22":{"start":{"line":102,"column":8},"end":{"line":102,"column":18}},"23":{"start":{"line":104,"column":19},"end":{"line":109,"column":5}},"24":{"start":{"line":111,"column":21},"end":{"line":115,"column":5}},"25":{"start":{"line":117,"column":4},"end":{"line":120,"column":7}},"26":{"start":{"line":122,"column":4},"end":{"line":128,"column":7}},"27":{"start":{"line":132,"column":28},"end":{"line":171,"column":1}},"28":{"start":{"line":132,"column":39},"end":{"line":171,"column":1}},"29":{"start":{"line":133,"column":2},"end":{"line":170,"column":3}},"30":{"start":{"line":134,"column":4},"end":{"line":136,"column":7}},"31":{"start":{"line":140,"column":8},"end":{"line":140,"column":18}},"32":{"start":{"line":142,"column":19},"end":{"line":146,"column":5}},"33":{"start":{"line":148,"column":21},"end":{"line":152,"column":5}},"34":{"start":{"line":154,"column":4},"end":{"line":157,"column":7}},"35":{"start":{"line":160,"column":6},"end":{"line":162,"column":23}},"36":{"start":{"line":163,"column":4},"end":{"line":165,"column":5}},"37":{"start":{"line":164,"column":6},"end":{"line":164,"column":25}},"38":{"start":{"line":166,"column":4},"end":{"line":169,"column":7}},"39":{"start":{"line":173,"column":28},"end":{"line":204,"column":1}},"40":{"start":{"line":173,"column":34},"end":{"line":204,"column":1}},"41":{"start":{"line":174,"column":2},"end":{"line":203,"column":3}},"42":{"start":{"line":175,"column":4},"end":{"line":177,"column":7}},"43":{"start":{"line":181,"column":8},"end":{"line":181,"column":18}},"44":{"start":{"line":183,"column":19},"end":{"line":187,"column":5}},"45":{"start":{"line":189,"column":21},"end":{"line":189,"column":68}},"46":{"start":{"line":191,"column":4},"end":{"line":194,"column":7}},"47":{"start":{"line":196,"column":4},"end":{"line":202,"column":7}},"48":{"start":{"line":206,"column":26},"end":{"line":237,"column":1}},"49":{"start":{"line":206,"column":32},"end":{"line":237,"column":1}},"50":{"start":{"line":207,"column":2},"end":{"line":236,"column":3}},"51":{"start":{"line":208,"column":4},"end":{"line":210,"column":7}},"52":{"start":{"line":214,"column":8},"end":{"line":214,"column":18}},"53":{"start":{"line":216,"column":19},"end":{"line":220,"column":5}},"54":{"start":{"line":222,"column":21},"end":{"line":222,"column":59}},"55":{"start":{"line":224,"column":4},"end":{"line":227,"column":7}},"56":{"start":{"line":229,"column":4},"end":{"line":235,"column":7}}},"fnMap":{"0":{"name":"(anonymous_0)","decl":{"start":{"line":24,"column":27},"end":{"line":24,"column":28}},"loc":{"start":{"line":24,"column":38},"end":{"line":56,"column":1}},"line":24},"1":{"name":"(anonymous_1)","decl":{"start":{"line":24,"column":38},"end":{"line":24,"column":39}},"loc":{"start":{"line":24,"column":68},"end":{"line":56,"column":1}},"line":24},"2":{"name":"(anonymous_2)","decl":{"start":{"line":58,"column":31},"end":{"line":58,"column":32}},"loc":{"start":{"line":58,"column":39},"end":{"line":89,"column":1}},"line":58},"3":{"name":"(anonymous_3)","decl":{"start":{"line":58,"column":39},"end":{"line":58,"column":40}},"loc":{"start":{"line":58,"column":69},"end":{"line":89,"column":1}},"line":58},"4":{"name":"(anonymous_4)","decl":{"start":{"line":91,"column":24},"end":{"line":91,"column":25}},"loc":{"start":{"line":91,"column":52},"end":{"line":130,"column":1}},"line":91},"5":{"name":"(anonymous_5)","decl":{"start":{"line":91,"column":52},"end":{"line":91,"column":53}},"loc":{"start":{"line":94,"column":5},"end":{"line":130,"column":1}},"line":94},"6":{"name":"(anonymous_6)","decl":{"start":{"line":132,"column":28},"end":{"line":132,"column":29}},"loc":{"start":{"line":132,"column":39},"end":{"line":171,"column":1}},"line":132},"7":{"name":"(anonymous_7)","decl":{"start":{"line":132,"column":39},"end":{"line":132,"column":40}},"loc":{"start":{"line":132,"column":69},"end":{"line":171,"column":1}},"line":132},"8":{"name":"(anonymous_8)","decl":{"start":{"line":173,"column":28},"end":{"line":173,"column":29}},"loc":{"start":{"line":173,"column":34},"end":{"line":204,"column":1}},"line":173},"9":{"name":"(anonymous_9)","decl":{"start":{"line":173,"column":34},"end":{"line":173,"column":35}},"loc":{"start":{"line":173,"column":64},"end":{"line":204,"column":1}},"line":173},"10":{"name":"(anonymous_10)","decl":{"start":{"line":206,"column":26},"end":{"line":206,"column":27}},"loc":{"start":{"line":206,"column":32},"end":{"line":237,"column":1}},"line":206},"11":{"name":"(anonymous_11)","decl":{"start":{"line":206,"column":32},"end":{"line":206,"column":33}},"loc":{"start":{"line":206,"column":62},"end":{"line":237,"column":1}},"line":206}},"branchMap":{"0":{"loc":{"start":{"line":51,"column":8},"end":{"line":53,"column":25}},"type":"cond-expr","locations":[{"start":{"line":52,"column":12},"end":{"line":52,"column":39}},{"start":{"line":53,"column":12},"end":{"line":53,"column":25}}],"line":51},"1":{"loc":{"start":{"line":51,"column":8},"end":{"line":51,"column":53}},"type":"binary-expr","locations":[{"start":{"line":51,"column":8},"end":{"line":51,"column":22}},{"start":{"line":51,"column":26},"end":{"line":51,"column":53}}],"line":51},"2":{"loc":{"start":{"line":84,"column":8},"end":{"line":86,"column":25}},"type":"cond-expr","locations":[{"start":{"line":85,"column":12},"end":{"line":85,"column":39}},{"start":{"line":86,"column":12},"end":{"line":86,"column":25}}],"line":84},"3":{"loc":{"start":{"line":84,"column":8},"end":{"line":84,"column":53}},"type":"binary-expr","locations":[{"start":{"line":84,"column":8},"end":{"line":84,"column":22}},{"start":{"line":84,"column":26},"end":{"line":84,"column":53}}],"line":84},"4":{"loc":{"start":{"line":125,"column":8},"end":{"line":127,"column":25}},"type":"cond-expr","locations":[{"start":{"line":126,"column":12},"end":{"line":126,"column":39}},{"start":{"line":127,"column":12},"end":{"line":127,"column":25}}],"line":125},"5":{"loc":{"start":{"line":125,"column":8},"end":{"line":125,"column":53}},"type":"binary-expr","locations":[{"start":{"line":125,"column":8},"end":{"line":125,"column":22}},{"start":{"line":125,"column":26},"end":{"line":125,"column":53}}],"line":125},"6":{"loc":{"start":{"line":160,"column":6},"end":{"line":162,"column":23}},"type":"cond-expr","locations":[{"start":{"line":161,"column":10},"end":{"line":161,"column":37}},{"start":{"line":162,"column":10},"end":{"line":162,"column":23}}],"line":160},"7":{"loc":{"start":{"line":160,"column":6},"end":{"line":160,"column":51}},"type":"binary-expr","locations":[{"start":{"line":160,"column":6},"end":{"line":160,"column":20}},{"start":{"line":160,"column":24},"end":{"line":160,"column":51}}],"line":160},"8":{"loc":{"start":{"line":163,"column":4},"end":{"line":165,"column":5}},"type":"if","locations":[{"start":{"line":163,"column":4},"end":{"line":165,"column":5}},{"start":{"line":163,"column":4},"end":{"line":165,"column":5}}],"line":163},"9":{"loc":{"start":{"line":199,"column":8},"end":{"line":201,"column":25}},"type":"cond-expr","locations":[{"start":{"line":200,"column":12},"end":{"line":200,"column":39}},{"start":{"line":201,"column":12},"end":{"line":201,"column":25}}],"line":199},"10":{"loc":{"start":{"line":199,"column":8},"end":{"line":199,"column":53}},"type":"binary-expr","locations":[{"start":{"line":199,"column":8},"end":{"line":199,"column":22}},{"start":{"line":199,"column":26},"end":{"line":199,"column":53}}],"line":199},"11":{"loc":{"start":{"line":232,"column":8},"end":{"line":234,"column":25}},"type":"cond-expr","locations":[{"start":{"line":233,"column":12},"end":{"line":233,"column":39}},{"start":{"line":234,"column":12},"end":{"line":234,"column":25}}],"line":232},"12":{"loc":{"start":{"line":232,"column":8},"end":{"line":232,"column":53}},"type":"binary-expr","locations":[{"start":{"line":232,"column":8},"end":{"line":232,"column":22}},{"start":{"line":232,"column":26},"end":{"line":232,"column":53}}],"line":232}},"s":{"0":6,"1":0,"2":0,"3":0,"4":0,"5":0,"6":0,"7":0,"8":0,"9":6,"10":0,"11":0,"12":0,"13":0,"14":0,"15":0,"16":0,"17":0,"18":6,"19":0,"20":0,"21":0,"22":0,"23":0,"24":0,"25":0,"26":0,"27":6,"28":0,"29":0,"30":0,"31":0,"32":0,"33":0,"34":0,"35":0,"36":0,"37":0,"38":0,"39":6,"40":0,"41":0,"42":0,"43":0,"44":0,"45":0,"46":0,"47":0,"48":6,"49":0,"50":0,"51":0,"52":0,"53":0,"54":0,"55":0,"56":0},"f":{"0":0,"1":0,"2":0,"3":0,"4":0,"5":0,"6":0,"7":0,"8":0,"9":0,"10":0,"11":0},"b":{"0":[0,0],"1":[0,0],"2":[0,0],"3":[0,0],"4":[0,0],"5":[0,0],"6":[0,0],"7":[0,0],"8":[0,0],"9":[0,0],"10":[0,0],"11":[0,0],"12":[0,0]},"_coverageSchema":"43e27e138ebf9cfc5966b082cf9a028302ed4184","hash":"759d475ff74e9b9eb6764786c47a7aa7f6c212a5"}
,"D:\\MY FILES\\Studies\\5 SEMESTER\\Software engineering\\eds-store\\frontend\\src\\actions\\productActions.js": {"path":"D:\\MY FILES\\Studies\\5 SEMESTER\\Software engineering\\eds-store\\frontend\\src\\actions\\productActions.js","statementMap":{"0":{"start":{"line":23,"column":28},"end":{"line":46,"column":1}},"1":{"start":{"line":23,"column":63},"end":{"line":46,"column":1}},"2":{"start":{"line":26,"column":2},"end":{"line":45,"column":3}},"3":{"start":{"line":27,"column":4},"end":{"line":27,"column":45}},"4":{"start":{"line":29,"column":21},"end":{"line":31,"column":5}},"5":{"start":{"line":33,"column":4},"end":{"line":36,"column":7}},"6":{"start":{"line":38,"column":4},"end":{"line":44,"column":7}},"7":{"start":{"line":48,"column":34},"end":{"line":67,"column":1}},"8":{"start":{"line":48,"column":42},"end":{"line":67,"column":1}},"9":{"start":{"line":49,"column":2},"end":{"line":66,"column":3}},"10":{"start":{"line":50,"column":4},"end":{"line":50,"column":48}},"11":{"start":{"line":52,"column":21},"end":{"line":52,"column":59}},"12":{"start":{"line":54,"column":4},"end":{"line":57,"column":7}},"13":{"start":{"line":59,"column":4},"end":{"line":65,"column":7}},"14":{"start":{"line":69,"column":29},"end":{"line":99,"column":1}},"15":{"start":{"line":69,"column":37},"end":{"line":99,"column":1}},"16":{"start":{"line":70,"column":2},"end":{"line":98,"column":3}},"17":{"start":{"line":71,"column":4},"end":{"line":73,"column":7}},"18":{"start":{"line":77,"column":8},"end":{"line":77,"column":18}},"19":{"start":{"line":79,"column":19},"end":{"line":83,"column":5}},"20":{"start":{"line":85,"column":4},"end":{"line":85,"column":54}},"21":{"start":{"line":87,"column":4},"end":{"line":89,"column":7}},"22":{"start":{"line":91,"column":4},"end":{"line":97,"column":7}},"23":{"start":{"line":101,"column":29},"end":{"line":132,"column":1}},"24":{"start":{"line":101,"column":35},"end":{"line":132,"column":1}},"25":{"start":{"line":102,"column":2},"end":{"line":131,"column":3}},"26":{"start":{"line":103,"column":4},"end":{"line":105,"column":7}},"27":{"start":{"line":109,"column":8},"end":{"line":109,"column":18}},"28":{"start":{"line":111,"column":19},"end":{"line":115,"column":5}},"29":{"start":{"line":117,"column":21},"end":{"line":117,"column":66}},"30":{"start":{"line":119,"column":4},"end":{"line":122,"column":7}},"31":{"start":{"line":124,"column":4},"end":{"line":130,"column":7}},"32":{"start":{"line":134,"column":29},"end":{"line":173,"column":1}},"33":{"start":{"line":134,"column":42},"end":{"line":173,"column":1}},"34":{"start":{"line":135,"column":2},"end":{"line":172,"column":3}},"35":{"start":{"line":136,"column":4},"end":{"line":138,"column":7}},"36":{"start":{"line":142,"column":8},"end":{"line":142,"column":18}},"37":{"start":{"line":144,"column":19},"end":{"line":149,"column":5}},"38":{"start":{"line":151,"column":21},"end":{"line":155,"column":5}},"39":{"start":{"line":157,"column":4},"end":{"line":160,"column":7}},"40":{"start":{"line":162,"column":4},"end":{"line":162,"column":62}},"41":{"start":{"line":165,"column":4},"end":{"line":171,"column":7}},"42":{"start":{"line":175,"column":35},"end":{"line":209,"column":1}},"43":{"start":{"line":175,"column":58},"end":{"line":209,"column":1}},"44":{"start":{"line":179,"column":2},"end":{"line":208,"column":3}},"45":{"start":{"line":180,"column":4},"end":{"line":182,"column":7}},"46":{"start":{"line":186,"column":8},"end":{"line":186,"column":18}},"47":{"start":{"line":188,"column":19},"end":{"line":193,"column":5}},"48":{"start":{"line":195,"column":4},"end":{"line":195,"column":75}},"49":{"start":{"line":197,"column":4},"end":{"line":199,"column":7}},"50":{"start":{"line":201,"column":4},"end":{"line":207,"column":7}}},"fnMap":{"0":{"name":"(anonymous_0)","decl":{"start":{"line":23,"column":28},"end":{"line":23,"column":29}},"loc":{"start":{"line":23,"column":63},"end":{"line":46,"column":1}},"line":23},"1":{"name":"(anonymous_1)","decl":{"start":{"line":23,"column":63},"end":{"line":23,"column":64}},"loc":{"start":{"line":25,"column":5},"end":{"line":46,"column":1}},"line":25},"2":{"name":"(anonymous_2)","decl":{"start":{"line":48,"column":34},"end":{"line":48,"column":35}},"loc":{"start":{"line":48,"column":42},"end":{"line":67,"column":1}},"line":48},"3":{"name":"(anonymous_3)","decl":{"start":{"line":48,"column":42},"end":{"line":48,"column":43}},"loc":{"start":{"line":48,"column":62},"end":{"line":67,"column":1}},"line":48},"4":{"name":"(anonymous_4)","decl":{"start":{"line":69,"column":29},"end":{"line":69,"column":30}},"loc":{"start":{"line":69,"column":37},"end":{"line":99,"column":1}},"line":69},"5":{"name":"(anonymous_5)","decl":{"start":{"line":69,"column":37},"end":{"line":69,"column":38}},"loc":{"start":{"line":69,"column":67},"end":{"line":99,"column":1}},"line":69},"6":{"name":"(anonymous_6)","decl":{"start":{"line":101,"column":29},"end":{"line":101,"column":30}},"loc":{"start":{"line":101,"column":35},"end":{"line":132,"column":1}},"line":101},"7":{"name":"(anonymous_7)","decl":{"start":{"line":101,"column":35},"end":{"line":101,"column":36}},"loc":{"start":{"line":101,"column":65},"end":{"line":132,"column":1}},"line":101},"8":{"name":"(anonymous_8)","decl":{"start":{"line":134,"column":29},"end":{"line":134,"column":30}},"loc":{"start":{"line":134,"column":42},"end":{"line":173,"column":1}},"line":134},"9":{"name":"(anonymous_9)","decl":{"start":{"line":134,"column":42},"end":{"line":134,"column":43}},"loc":{"start":{"line":134,"column":72},"end":{"line":173,"column":1}},"line":134},"10":{"name":"(anonymous_10)","decl":{"start":{"line":175,"column":35},"end":{"line":175,"column":36}},"loc":{"start":{"line":175,"column":58},"end":{"line":209,"column":1}},"line":175},"11":{"name":"(anonymous_11)","decl":{"start":{"line":175,"column":58},"end":{"line":175,"column":59}},"loc":{"start":{"line":178,"column":5},"end":{"line":209,"column":1}},"line":178}},"branchMap":{"0":{"loc":{"start":{"line":23,"column":29},"end":{"line":23,"column":41}},"type":"default-arg","locations":[{"start":{"line":23,"column":39},"end":{"line":23,"column":41}}],"line":23},"1":{"loc":{"start":{"line":23,"column":43},"end":{"line":23,"column":58}},"type":"default-arg","locations":[{"start":{"line":23,"column":56},"end":{"line":23,"column":58}}],"line":23},"2":{"loc":{"start":{"line":41,"column":8},"end":{"line":43,"column":25}},"type":"cond-expr","locations":[{"start":{"line":42,"column":12},"end":{"line":42,"column":39}},{"start":{"line":43,"column":12},"end":{"line":43,"column":25}}],"line":41},"3":{"loc":{"start":{"line":41,"column":8},"end":{"line":41,"column":53}},"type":"binary-expr","locations":[{"start":{"line":41,"column":8},"end":{"line":41,"column":22}},{"start":{"line":41,"column":26},"end":{"line":41,"column":53}}],"line":41},"4":{"loc":{"start":{"line":62,"column":8},"end":{"line":64,"column":25}},"type":"cond-expr","locations":[{"start":{"line":63,"column":12},"end":{"line":63,"column":39}},{"start":{"line":64,"column":12},"end":{"line":64,"column":25}}],"line":62},"5":{"loc":{"start":{"line":62,"column":8},"end":{"line":62,"column":53}},"type":"binary-expr","locations":[{"start":{"line":62,"column":8},"end":{"line":62,"column":22}},{"start":{"line":62,"column":26},"end":{"line":62,"column":53}}],"line":62},"6":{"loc":{"start":{"line":94,"column":8},"end":{"line":96,"column":25}},"type":"cond-expr","locations":[{"start":{"line":95,"column":12},"end":{"line":95,"column":39}},{"start":{"line":96,"column":12},"end":{"line":96,"column":25}}],"line":94},"7":{"loc":{"start":{"line":94,"column":8},"end":{"line":94,"column":53}},"type":"binary-expr","locations":[{"start":{"line":94,"column":8},"end":{"line":94,"column":22}},{"start":{"line":94,"column":26},"end":{"line":94,"column":53}}],"line":94},"8":{"loc":{"start":{"line":127,"column":8},"end":{"line":129,"column":25}},"type":"cond-expr","locations":[{"start":{"line":128,"column":12},"end":{"line":128,"column":39}},{"start":{"line":129,"column":12},"end":{"line":129,"column":25}}],"line":127},"9":{"loc":{"start":{"line":127,"column":8},"end":{"line":127,"column":53}},"type":"binary-expr","locations":[{"start":{"line":127,"column":8},"end":{"line":127,"column":22}},{"start":{"line":127,"column":26},"end":{"line":127,"column":53}}],"line":127},"10":{"loc":{"start":{"line":168,"column":8},"end":{"line":170,"column":25}},"type":"cond-expr","locations":[{"start":{"line":169,"column":12},"end":{"line":169,"column":39}},{"start":{"line":170,"column":12},"end":{"line":170,"column":25}}],"line":168},"11":{"loc":{"start":{"line":168,"column":8},"end":{"line":168,"column":53}},"type":"binary-expr","locations":[{"start":{"line":168,"column":8},"end":{"line":168,"column":22}},{"start":{"line":168,"column":26},"end":{"line":168,"column":53}}],"line":168},"12":{"loc":{"start":{"line":204,"column":8},"end":{"line":206,"column":25}},"type":"cond-expr","locations":[{"start":{"line":205,"column":12},"end":{"line":205,"column":39}},{"start":{"line":206,"column":12},"end":{"line":206,"column":25}}],"line":204},"13":{"loc":{"start":{"line":204,"column":8},"end":{"line":204,"column":53}},"type":"binary-expr","locations":[{"start":{"line":204,"column":8},"end":{"line":204,"column":22}},{"start":{"line":204,"column":26},"end":{"line":204,"column":53}}],"line":204}},"s":{"0":8,"1":0,"2":0,"3":0,"4":0,"5":0,"6":0,"7":8,"8":0,"9":0,"10":0,"11":0,"12":0,"13":0,"14":8,"15":0,"16":0,"17":0,"18":0,"19":0,"20":0,"21":0,"22":0,"23":8,"24":0,"25":0,"26":0,"27":0,"28":0,"29":0,"30":0,"31":0,"32":8,"33":0,"34":0,"35":0,"36":0,"37":0,"38":0,"39":0,"40":0,"41":0,"42":8,"43":0,"44":0,"45":0,"46":0,"47":0,"48":0,"49":0,"50":0},"f":{"0":0,"1":0,"2":0,"3":0,"4":0,"5":0,"6":0,"7":0,"8":0,"9":0,"10":0,"11":0},"b":{"0":[0],"1":[0],"2":[0,0],"3":[0,0],"4":[0,0],"5":[0,0],"6":[0,0],"7":[0,0],"8":[0,0],"9":[0,0],"10":[0,0],"11":[0,0],"12":[0,0],"13":[0,0]},"_coverageSchema":"43e27e138ebf9cfc5966b082cf9a028302ed4184","hash":"96fcc3637335f15d38f696bcbb9c6bdb9bf3c01d"}
,"D:\\MY FILES\\Studies\\5 SEMESTER\\Software engineering\\eds-store\\frontend\\src\\actions\\userActions.js": {"path":"D:\\MY FILES\\Studies\\5 SEMESTER\\Software engineering\\eds-store\\frontend\\src\\actions\\userActions.js","statementMap":{"0":{"start":{"line":29,"column":21},"end":{"line":62,"column":1}},"1":{"start":{"line":29,"column":42},"end":{"line":62,"column":1}},"2":{"start":{"line":30,"column":2},"end":{"line":61,"column":3}},"3":{"start":{"line":31,"column":4},"end":{"line":33,"column":7}},"4":{"start":{"line":35,"column":19},"end":{"line":39,"column":5}},"5":{"start":{"line":41,"column":21},"end":{"line":45,"column":5}},"6":{"start":{"line":47,"column":4},"end":{"line":50,"column":7}},"7":{"start":{"line":52,"column":4},"end":{"line":52,"column":59}},"8":{"start":{"line":54,"column":4},"end":{"line":60,"column":7}},"9":{"start":{"line":64,"column":22},"end":{"line":70,"column":1}},"10":{"start":{"line":64,"column":28},"end":{"line":70,"column":1}},"11":{"start":{"line":65,"column":2},"end":{"line":65,"column":38}},"12":{"start":{"line":66,"column":2},"end":{"line":66,"column":34}},"13":{"start":{"line":67,"column":2},"end":{"line":67,"column":41}},"14":{"start":{"line":68,"column":2},"end":{"line":68,"column":42}},"15":{"start":{"line":69,"column":2},"end":{"line":69,"column":38}},"16":{"start":{"line":72,"column":24},"end":{"line":110,"column":1}},"17":{"start":{"line":72,"column":51},"end":{"line":110,"column":1}},"18":{"start":{"line":73,"column":2},"end":{"line":109,"column":3}},"19":{"start":{"line":74,"column":4},"end":{"line":76,"column":7}},"20":{"start":{"line":78,"column":19},"end":{"line":82,"column":5}},"21":{"start":{"line":84,"column":21},"end":{"line":88,"column":5}},"22":{"start":{"line":90,"column":4},"end":{"line":93,"column":7}},"23":{"start":{"line":95,"column":4},"end":{"line":98,"column":7}},"24":{"start":{"line":100,"column":4},"end":{"line":100,"column":59}},"25":{"start":{"line":102,"column":4},"end":{"line":108,"column":7}},"26":{"start":{"line":112,"column":30},"end":{"line":144,"column":1}},"27":{"start":{"line":112,"column":38},"end":{"line":144,"column":1}},"28":{"start":{"line":113,"column":2},"end":{"line":143,"column":3}},"29":{"start":{"line":114,"column":4},"end":{"line":116,"column":7}},"30":{"start":{"line":120,"column":8},"end":{"line":120,"column":18}},"31":{"start":{"line":122,"column":19},"end":{"line":127,"column":5}},"32":{"start":{"line":129,"column":21},"end":{"line":129,"column":64}},"33":{"start":{"line":131,"column":4},"end":{"line":134,"column":7}},"34":{"start":{"line":136,"column":4},"end":{"line":142,"column":7}},"35":{"start":{"line":146,"column":33},"end":{"line":178,"column":1}},"36":{"start":{"line":146,"column":43},"end":{"line":178,"column":1}},"37":{"start":{"line":147,"column":2},"end":{"line":177,"column":3}},"38":{"start":{"line":148,"column":4},"end":{"line":150,"column":7}},"39":{"start":{"line":154,"column":8},"end":{"line":154,"column":18}},"40":{"start":{"line":156,"column":19},"end":{"line":161,"column":5}},"41":{"start":{"line":163,"column":21},"end":{"line":163,"column":72}},"42":{"start":{"line":165,"column":4},"end":{"line":168,"column":7}},"43":{"start":{"line":170,"column":4},"end":{"line":176,"column":7}},"44":{"start":{"line":180,"column":25},"end":{"line":211,"column":1}},"45":{"start":{"line":180,"column":31},"end":{"line":211,"column":1}},"46":{"start":{"line":181,"column":2},"end":{"line":210,"column":3}},"47":{"start":{"line":182,"column":4},"end":{"line":184,"column":7}},"48":{"start":{"line":188,"column":8},"end":{"line":188,"column":18}},"49":{"start":{"line":190,"column":19},"end":{"line":194,"column":5}},"50":{"start":{"line":196,"column":21},"end":{"line":196,"column":58}},"51":{"start":{"line":198,"column":4},"end":{"line":201,"column":7}},"52":{"start":{"line":203,"column":4},"end":{"line":209,"column":7}},"53":{"start":{"line":213,"column":26},"end":{"line":241,"column":1}},"54":{"start":{"line":213,"column":34},"end":{"line":241,"column":1}},"55":{"start":{"line":214,"column":2},"end":{"line":240,"column":3}},"56":{"start":{"line":215,"column":4},"end":{"line":217,"column":7}},"57":{"start":{"line":221,"column":8},"end":{"line":221,"column":18}},"58":{"start":{"line":223,"column":19},"end":{"line":227,"column":5}},"59":{"start":{"line":229,"column":4},"end":{"line":229,"column":51}},"60":{"start":{"line":231,"column":4},"end":{"line":231,"column":44}},"61":{"start":{"line":233,"column":4},"end":{"line":239,"column":7}},"62":{"start":{"line":243,"column":26},"end":{"line":274,"column":1}},"63":{"start":{"line":243,"column":36},"end":{"line":274,"column":1}},"64":{"start":{"line":244,"column":2},"end":{"line":273,"column":3}},"65":{"start":{"line":245,"column":4},"end":{"line":247,"column":7}},"66":{"start":{"line":251,"column":8},"end":{"line":251,"column":18}},"67":{"start":{"line":253,"column":19},"end":{"line":258,"column":5}},"68":{"start":{"line":260,"column":19},"end":{"line":260,"column":74}},"69":{"start":{"line":262,"column":4},"end":{"line":262,"column":44}},"70":{"start":{"line":263,"column":4},"end":{"line":263,"column":60}},"71":{"start":{"line":264,"column":4},"end":{"line":264,"column":43}},"72":{"start":{"line":266,"column":4},"end":{"line":272,"column":7}}},"fnMap":{"0":{"name":"(anonymous_0)","decl":{"start":{"line":29,"column":21},"end":{"line":29,"column":22}},"loc":{"start":{"line":29,"column":42},"end":{"line":62,"column":1}},"line":29},"1":{"name":"(anonymous_1)","decl":{"start":{"line":29,"column":42},"end":{"line":29,"column":43}},"loc":{"start":{"line":29,"column":62},"end":{"line":62,"column":1}},"line":29},"2":{"name":"(anonymous_2)","decl":{"start":{"line":64,"column":22},"end":{"line":64,"column":23}},"loc":{"start":{"line":64,"column":28},"end":{"line":70,"column":1}},"line":64},"3":{"name":"(anonymous_3)","decl":{"start":{"line":64,"column":28},"end":{"line":64,"column":29}},"loc":{"start":{"line":64,"column":42},"end":{"line":70,"column":1}},"line":64},"4":{"name":"(anonymous_4)","decl":{"start":{"line":72,"column":24},"end":{"line":72,"column":25}},"loc":{"start":{"line":72,"column":51},"end":{"line":110,"column":1}},"line":72},"5":{"name":"(anonymous_5)","decl":{"start":{"line":72,"column":51},"end":{"line":72,"column":52}},"loc":{"start":{"line":72,"column":71},"end":{"line":110,"column":1}},"line":72},"6":{"name":"(anonymous_6)","decl":{"start":{"line":112,"column":30},"end":{"line":112,"column":31}},"loc":{"start":{"line":112,"column":38},"end":{"line":144,"column":1}},"line":112},"7":{"name":"(anonymous_7)","decl":{"start":{"line":112,"column":38},"end":{"line":112,"column":39}},"loc":{"start":{"line":112,"column":68},"end":{"line":144,"column":1}},"line":112},"8":{"name":"(anonymous_8)","decl":{"start":{"line":146,"column":33},"end":{"line":146,"column":34}},"loc":{"start":{"line":146,"column":43},"end":{"line":178,"column":1}},"line":146},"9":{"name":"(anonymous_9)","decl":{"start":{"line":146,"column":43},"end":{"line":146,"column":44}},"loc":{"start":{"line":146,"column":73},"end":{"line":178,"column":1}},"line":146},"10":{"name":"(anonymous_10)","decl":{"start":{"line":180,"column":25},"end":{"line":180,"column":26}},"loc":{"start":{"line":180,"column":31},"end":{"line":211,"column":1}},"line":180},"11":{"name":"(anonymous_11)","decl":{"start":{"line":180,"column":31},"end":{"line":180,"column":32}},"loc":{"start":{"line":180,"column":61},"end":{"line":211,"column":1}},"line":180},"12":{"name":"(anonymous_12)","decl":{"start":{"line":213,"column":26},"end":{"line":213,"column":27}},"loc":{"start":{"line":213,"column":34},"end":{"line":241,"column":1}},"line":213},"13":{"name":"(anonymous_13)","decl":{"start":{"line":213,"column":34},"end":{"line":213,"column":35}},"loc":{"start":{"line":213,"column":64},"end":{"line":241,"column":1}},"line":213},"14":{"name":"(anonymous_14)","decl":{"start":{"line":243,"column":26},"end":{"line":243,"column":27}},"loc":{"start":{"line":243,"column":36},"end":{"line":274,"column":1}},"line":243},"15":{"name":"(anonymous_15)","decl":{"start":{"line":243,"column":36},"end":{"line":243,"column":37}},"loc":{"start":{"line":243,"column":66},"end":{"line":274,"column":1}},"line":243}},"branchMap":{"0":{"loc":{"start":{"line":57,"column":8},"end":{"line":59,"column":25}},"type":"cond-expr","locations":[{"start":{"line":58,"column":12},"end":{"line":58,"column":39}},{"start":{"line":59,"column":12},"end":{"line":59,"column":25}}],"line":57},"1":{"loc":{"start":{"line":57,"column":8},"end":{"line":57,"column":53}},"type":"binary-expr","locations":[{"start":{"line":57,"column":8},"end":{"line":57,"column":22}},{"start":{"line":57,"column":26},"end":{"line":57,"column":53}}],"line":57},"2":{"loc":{"start":{"line":105,"column":8},"end":{"line":107,"column":25}},"type":"cond-expr","locations":[{"start":{"line":106,"column":12},"end":{"line":106,"column":39}},{"start":{"line":107,"column":12},"end":{"line":107,"column":25}}],"line":105},"3":{"loc":{"start":{"line":105,"column":8},"end":{"line":105,"column":53}},"type":"binary-expr","locations":[{"start":{"line":105,"column":8},"end":{"line":105,"column":22}},{"start":{"line":105,"column":26},"end":{"line":105,"column":53}}],"line":105},"4":{"loc":{"start":{"line":139,"column":8},"end":{"line":141,"column":25}},"type":"cond-expr","locations":[{"start":{"line":140,"column":12},"end":{"line":140,"column":39}},{"start":{"line":141,"column":12},"end":{"line":141,"column":25}}],"line":139},"5":{"loc":{"start":{"line":139,"column":8},"end":{"line":139,"column":53}},"type":"binary-expr","locations":[{"start":{"line":139,"column":8},"end":{"line":139,"column":22}},{"start":{"line":139,"column":26},"end":{"line":139,"column":53}}],"line":139},"6":{"loc":{"start":{"line":173,"column":8},"end":{"line":175,"column":25}},"type":"cond-expr","locations":[{"start":{"line":174,"column":12},"end":{"line":174,"column":39}},{"start":{"line":175,"column":12},"end":{"line":175,"column":25}}],"line":173},"7":{"loc":{"start":{"line":173,"column":8},"end":{"line":173,"column":53}},"type":"binary-expr","locations":[{"start":{"line":173,"column":8},"end":{"line":173,"column":22}},{"start":{"line":173,"column":26},"end":{"line":173,"column":53}}],"line":173},"8":{"loc":{"start":{"line":206,"column":8},"end":{"line":208,"column":25}},"type":"cond-expr","locations":[{"start":{"line":207,"column":12},"end":{"line":207,"column":39}},{"start":{"line":208,"column":12},"end":{"line":208,"column":25}}],"line":206},"9":{"loc":{"start":{"line":206,"column":8},"end":{"line":206,"column":53}},"type":"binary-expr","locations":[{"start":{"line":206,"column":8},"end":{"line":206,"column":22}},{"start":{"line":206,"column":26},"end":{"line":206,"column":53}}],"line":206},"10":{"loc":{"start":{"line":236,"column":8},"end":{"line":238,"column":25}},"type":"cond-expr","locations":[{"start":{"line":237,"column":12},"end":{"line":237,"column":39}},{"start":{"line":238,"column":12},"end":{"line":238,"column":25}}],"line":236},"11":{"loc":{"start":{"line":236,"column":8},"end":{"line":236,"column":53}},"type":"binary-expr","locations":[{"start":{"line":236,"column":8},"end":{"line":236,"column":22}},{"start":{"line":236,"column":26},"end":{"line":236,"column":53}}],"line":236},"12":{"loc":{"start":{"line":269,"column":8},"end":{"line":271,"column":25}},"type":"cond-expr","locations":[{"start":{"line":270,"column":12},"end":{"line":270,"column":39}},{"start":{"line":271,"column":12},"end":{"line":271,"column":25}}],"line":269},"13":{"loc":{"start":{"line":269,"column":8},"end":{"line":269,"column":53}},"type":"binary-expr","locations":[{"start":{"line":269,"column":8},"end":{"line":269,"column":22}},{"start":{"line":269,"column":26},"end":{"line":269,"column":53}}],"line":269}},"s":{"0":10,"1":0,"2":0,"3":0,"4":0,"5":0,"6":0,"7":0,"8":0,"9":10,"10":0,"11":0,"12":0,"13":0,"14":0,"15":0,"16":10,"17":0,"18":0,"19":0,"20":0,"21":0,"22":0,"23":0,"24":0,"25":0,"26":10,"27":0,"28":0,"29":0,"30":0,"31":0,"32":0,"33":0,"34":0,"35":10,"36":0,"37":0,"38":0,"39":0,"40":0,"41":0,"42":0,"43":0,"44":10,"45":0,"46":0,"47":0,"48":0,"49":0,"50":0,"51":0,"52":0,"53":10,"54":0,"55":0,"56":0,"57":0,"58":0,"59":0,"60":0,"61":0,"62":10,"63":0,"64":0,"65":0,"66":0,"67":0,"68":0,"69":0,"70":0,"71":0,"72":0},"f":{"0":0,"1":0,"2":0,"3":0,"4":0,"5":0,"6":0,"7":0,"8":0,"9":0,"10":0,"11":0,"12":0,"13":0,"14":0,"15":0},"b":{"0":[0,0],"1":[0,0],"2":[0,0],"3":[0,0],"4":[0,0],"5":[0,0],"6":[0,0],"7":[0,0],"8":[0,0],"9":[0,0],"10":[0,0],"11":[0,0],"12":[0,0],"13":[0,0]},"_coverageSchema":"43e27e138ebf9cfc5966b082cf9a028302ed4184","hash":"fe872e98c25f7781b1c98a6a8f79eb495b96b7c6"}
,"D:\\MY FILES\\Studies\\5 SEMESTER\\Software engineering\\eds-store\\frontend\\src\\assets\\utlils.js": {"path":"D:\\MY FILES\\Studies\\5 SEMESTER\\Software engineering\\eds-store\\frontend\\src\\assets\\utlils.js","statementMap":{"0":{"start":{"line":2,"column":29},"end":{"line":4,"column":1}},"1":{"start":{"line":3,"column":4},"end":{"line":3,"column":22}},"2":{"start":{"line":9,"column":31},"end":{"line":54,"column":1}},"3":{"start":{"line":10,"column":4},"end":{"line":27,"column":5}},"4":{"start":{"line":11,"column":8},"end":{"line":26,"column":12}},"5":{"start":{"line":13,"column":16},"end":{"line":15,"column":17}},"6":{"start":{"line":14,"column":20},"end":{"line":14,"column":88}},"7":{"start":{"line":17,"column":26},"end":{"line":17,"column":28}},"8":{"start":{"line":19,"column":16},"end":{"line":22,"column":19}},"9":{"start":{"line":20,"column":20},"end":{"line":20,"column":43}},"10":{"start":{"line":21,"column":20},"end":{"line":21,"column":29}},"11":{"start":{"line":24,"column":16},"end":{"line":24,"column":27}},"12":{"start":{"line":29,"column":4},"end":{"line":42,"column":5}},"13":{"start":{"line":30,"column":8},"end":{"line":41,"column":14}},"14":{"start":{"line":32,"column":30},"end":{"line":32,"column":91}},"15":{"start":{"line":34,"column":25},"end":{"line":34,"column":29}},"16":{"start":{"line":36,"column":16},"end":{"line":39,"column":67}},"17":{"start":{"line":37,"column":20},"end":{"line":37,"column":39}},"18":{"start":{"line":38,"column":20},"end":{"line":38,"column":70}},"19":{"start":{"line":40,"column":16},"end":{"line":40,"column":26}},"20":{"start":{"line":44,"column":4},"end":{"line":53,"column":5}},"21":{"start":{"line":45,"column":8},"end":{"line":52,"column":10}},"22":{"start":{"line":46,"column":23},"end":{"line":46,"column":27}},"23":{"start":{"line":47,"column":27},"end":{"line":47,"column":54}},"24":{"start":{"line":48,"column":12},"end":{"line":50,"column":13}},"25":{"start":{"line":48,"column":26},"end":{"line":48,"column":27}},"26":{"start":{"line":49,"column":16},"end":{"line":49,"column":55}},"27":{"start":{"line":49,"column":46},"end":{"line":49,"column":55}},"28":{"start":{"line":51,"column":12},"end":{"line":51,"column":21}},"29":{"start":{"line":59,"column":28},"end":{"line":62,"column":1}},"30":{"start":{"line":60,"column":4},"end":{"line":60,"column":16}},"31":{"start":{"line":61,"column":4},"end":{"line":61,"column":17}},"32":{"start":{"line":69,"column":16},"end":{"line":69,"column":81}},"33":{"start":{"line":70,"column":4},"end":{"line":72,"column":5}},"34":{"start":{"line":70,"column":18},"end":{"line":70,"column":19}},"35":{"start":{"line":71,"column":8},"end":{"line":71,"column":75}},"36":{"start":{"line":80,"column":16},"end":{"line":80,"column":78}},"37":{"start":{"line":81,"column":4},"end":{"line":83,"column":5}},"38":{"start":{"line":81,"column":18},"end":{"line":81,"column":19}},"39":{"start":{"line":82,"column":8},"end":{"line":82,"column":75}},"40":{"start":{"line":87,"column":16},"end":{"line":87,"column":78}},"41":{"start":{"line":89,"column":4},"end":{"line":91,"column":5}},"42":{"start":{"line":89,"column":18},"end":{"line":89,"column":19}},"43":{"start":{"line":90,"column":8},"end":{"line":90,"column":75}},"44":{"start":{"line":95,"column":4},"end":{"line":95,"column":23}},"45":{"start":{"line":102,"column":35},"end":{"line":141,"column":1}},"46":{"start":{"line":104,"column":14},"end":{"line":104,"column":97}},"47":{"start":{"line":106,"column":23},"end":{"line":106,"column":65}},"48":{"start":{"line":107,"column":17},"end":{"line":107,"column":18}},"49":{"start":{"line":109,"column":4},"end":{"line":111,"column":5}},"50":{"start":{"line":110,"column":8},"end":{"line":110,"column":43}},"51":{"start":{"line":113,"column":4},"end":{"line":136,"column":5}},"52":{"start":{"line":114,"column":8},"end":{"line":127,"column":9}},"53":{"start":{"line":115,"column":12},"end":{"line":115,"column":50}},"54":{"start":{"line":116,"column":12},"end":{"line":122,"column":13}},"55":{"start":{"line":117,"column":30},"end":{"line":117,"column":61}},"56":{"start":{"line":118,"column":16},"end":{"line":118,"column":53}},"57":{"start":{"line":119,"column":16},"end":{"line":119,"column":78}},"58":{"start":{"line":120,"column":16},"end":{"line":120,"column":111}},"59":{"start":{"line":121,"column":16},"end":{"line":121,"column":112}},"60":{"start":{"line":124,"column":12},"end":{"line":126,"column":13}},"61":{"start":{"line":125,"column":16},"end":{"line":125,"column":112}},"62":{"start":{"line":129,"column":8},"end":{"line":131,"column":9}},"63":{"start":{"line":130,"column":12},"end":{"line":130,"column":53}},"64":{"start":{"line":133,"column":8},"end":{"line":135,"column":9}},"65":{"start":{"line":134,"column":12},"end":{"line":134,"column":83}},"66":{"start":{"line":138,"column":4},"end":{"line":140,"column":5}},"67":{"start":{"line":139,"column":8},"end":{"line":139,"column":74}},"68":{"start":{"line":148,"column":31},"end":{"line":157,"column":1}},"69":{"start":{"line":149,"column":4},"end":{"line":156,"column":5}},"70":{"start":{"line":150,"column":8},"end":{"line":150,"column":68}},"71":{"start":{"line":151,"column":8},"end":{"line":151,"column":37}},"72":{"start":{"line":151,"column":30},"end":{"line":151,"column":37}},"73":{"start":{"line":152,"column":8},"end":{"line":152,"column":27}},"74":{"start":{"line":153,"column":8},"end":{"line":153,"column":50}},"75":{"start":{"line":154,"column":8},"end":{"line":154,"column":50}},"76":{"start":{"line":155,"column":8},"end":{"line":155,"column":38}},"77":{"start":{"line":163,"column":4},"end":{"line":163,"column":203}},"78":{"start":{"line":170,"column":35},"end":{"line":200,"column":1}},"79":{"start":{"line":171,"column":4},"end":{"line":199,"column":5}},"80":{"start":{"line":172,"column":8},"end":{"line":172,"column":97}},"81":{"start":{"line":173,"column":8},"end":{"line":173,"column":88}},"82":{"start":{"line":174,"column":8},"end":{"line":174,"column":62}},"83":{"start":{"line":176,"column":8},"end":{"line":198,"column":9}},"84":{"start":{"line":177,"column":12},"end":{"line":177,"column":52}},"85":{"start":{"line":178,"column":12},"end":{"line":178,"column":48}},"86":{"start":{"line":181,"column":12},"end":{"line":185,"column":13}},"87":{"start":{"line":182,"column":16},"end":{"line":182,"column":58}},"88":{"start":{"line":183,"column":16},"end":{"line":183,"column":46}},"89":{"start":{"line":184,"column":16},"end":{"line":184,"column":63}},"90":{"start":{"line":187,"column":12},"end":{"line":191,"column":13}},"91":{"start":{"line":188,"column":16},"end":{"line":188,"column":55}},"92":{"start":{"line":189,"column":16},"end":{"line":189,"column":59}},"93":{"start":{"line":190,"column":16},"end":{"line":190,"column":63}},"94":{"start":{"line":192,"column":12},"end":{"line":197,"column":13}},"95":{"start":{"line":193,"column":16},"end":{"line":193,"column":58}},"96":{"start":{"line":194,"column":16},"end":{"line":194,"column":63}},"97":{"start":{"line":195,"column":16},"end":{"line":195,"column":49}},"98":{"start":{"line":196,"column":16},"end":{"line":196,"column":49}},"99":{"start":{"line":207,"column":25},"end":{"line":234,"column":1}},"100":{"start":{"line":208,"column":20},"end":{"line":208,"column":59}},"101":{"start":{"line":209,"column":4},"end":{"line":215,"column":15}},"102":{"start":{"line":210,"column":8},"end":{"line":214,"column":9}},"103":{"start":{"line":211,"column":12},"end":{"line":211,"column":46}},"104":{"start":{"line":213,"column":12},"end":{"line":213,"column":49}},"105":{"start":{"line":217,"column":4},"end":{"line":233,"column":8}},"106":{"start":{"line":218,"column":8},"end":{"line":231,"column":9}},"107":{"start":{"line":219,"column":22},"end":{"line":219,"column":40}},"108":{"start":{"line":220,"column":26},"end":{"line":225,"column":18}},"109":{"start":{"line":221,"column":16},"end":{"line":222,"column":45}},"110":{"start":{"line":222,"column":20},"end":{"line":222,"column":45}},"111":{"start":{"line":223,"column":16},"end":{"line":223,"column":43}},"112":{"start":{"line":224,"column":16},"end":{"line":224,"column":27}},"113":{"start":{"line":227,"column":12},"end":{"line":230,"column":15}},"114":{"start":{"line":232,"column":8},"end":{"line":232,"column":27}},"115":{"start":{"line":240,"column":31},"end":{"line":257,"column":1}},"116":{"start":{"line":241,"column":14},"end":{"line":241,"column":134}},"117":{"start":{"line":242,"column":4},"end":{"line":255,"column":5}},"118":{"start":{"line":243,"column":18},"end":{"line":243,"column":36}},"119":{"start":{"line":244,"column":22},"end":{"line":249,"column":14}},"120":{"start":{"line":245,"column":12},"end":{"line":246,"column":41}},"121":{"start":{"line":246,"column":16},"end":{"line":246,"column":41}},"122":{"start":{"line":247,"column":12},"end":{"line":247,"column":37}},"123":{"start":{"line":248,"column":12},"end":{"line":248,"column":22}},"124":{"start":{"line":251,"column":8},"end":{"line":254,"column":12}},"125":{"start":{"line":256,"column":4},"end":{"line":256,"column":23}},"126":{"start":{"line":262,"column":26},"end":{"line":349,"column":1}},"127":{"start":{"line":263,"column":21},"end":{"line":263,"column":69}},"128":{"start":{"line":264,"column":21},"end":{"line":264,"column":53}},"129":{"start":{"line":266,"column":4},"end":{"line":268,"column":8}},"130":{"start":{"line":267,"column":8},"end":{"line":267,"column":51}},"131":{"start":{"line":270,"column":22},"end":{"line":270,"column":68}},"132":{"start":{"line":271,"column":4},"end":{"line":273,"column":8}},"133":{"start":{"line":272,"column":8},"end":{"line":272,"column":54}},"134":{"start":{"line":275,"column":18},"end":{"line":275,"column":66}},"135":{"start":{"line":276,"column":4},"end":{"line":278,"column":8}},"136":{"start":{"line":277,"column":8},"end":{"line":277,"column":54}},"137":{"start":{"line":280,"column":16},"end":{"line":280,"column":81}},"138":{"start":{"line":282,"column":4},"end":{"line":295,"column":5}},"139":{"start":{"line":282,"column":18},"end":{"line":282,"column":19}},"140":{"start":{"line":283,"column":19},"end":{"line":283,"column":29}},"141":{"start":{"line":284,"column":8},"end":{"line":288,"column":9}},"142":{"start":{"line":285,"column":23},"end":{"line":285,"column":55}},"143":{"start":{"line":286,"column":12},"end":{"line":286,"column":41}},"144":{"start":{"line":287,"column":12},"end":{"line":287,"column":58}},"145":{"start":{"line":290,"column":8},"end":{"line":294,"column":11}},"146":{"start":{"line":291,"column":12},"end":{"line":293,"column":13}},"147":{"start":{"line":292,"column":16},"end":{"line":292,"column":62}},"148":{"start":{"line":297,"column":4},"end":{"line":297,"column":54}},"149":{"start":{"line":298,"column":4},"end":{"line":348,"column":5}},"150":{"start":{"line":298,"column":18},"end":{"line":298,"column":19}},"151":{"start":{"line":299,"column":19},"end":{"line":299,"column":29}},"152":{"start":{"line":301,"column":8},"end":{"line":347,"column":12}},"153":{"start":{"line":302,"column":25},"end":{"line":302,"column":57}},"154":{"start":{"line":303,"column":27},"end":{"line":303,"column":55}},"155":{"start":{"line":304,"column":12},"end":{"line":304,"column":84}},"156":{"start":{"line":306,"column":31},"end":{"line":306,"column":52}},"157":{"start":{"line":307,"column":24},"end":{"line":307,"column":41}},"158":{"start":{"line":309,"column":12},"end":{"line":311,"column":13}},"159":{"start":{"line":310,"column":16},"end":{"line":310,"column":42}},"160":{"start":{"line":313,"column":12},"end":{"line":343,"column":13}},"161":{"start":{"line":314,"column":29},"end":{"line":314,"column":30}},"162":{"start":{"line":315,"column":30},"end":{"line":325,"column":22}},"163":{"start":{"line":316,"column":20},"end":{"line":321,"column":21}},"164":{"start":{"line":317,"column":24},"end":{"line":317,"column":60}},"165":{"start":{"line":318,"column":24},"end":{"line":318,"column":76}},"166":{"start":{"line":319,"column":24},"end":{"line":319,"column":49}},"167":{"start":{"line":320,"column":24},"end":{"line":320,"column":36}},"168":{"start":{"line":323,"column":20},"end":{"line":323,"column":115}},"169":{"start":{"line":324,"column":20},"end":{"line":324,"column":36}},"170":{"start":{"line":327,"column":16},"end":{"line":327,"column":47}},"171":{"start":{"line":329,"column":29},"end":{"line":329,"column":41}},"172":{"start":{"line":330,"column":30},"end":{"line":340,"column":22}},"173":{"start":{"line":331,"column":20},"end":{"line":336,"column":21}},"174":{"start":{"line":332,"column":24},"end":{"line":332,"column":60}},"175":{"start":{"line":333,"column":24},"end":{"line":333,"column":75}},"176":{"start":{"line":334,"column":24},"end":{"line":334,"column":49}},"177":{"start":{"line":335,"column":24},"end":{"line":335,"column":36}},"178":{"start":{"line":338,"column":20},"end":{"line":338,"column":115}},"179":{"start":{"line":339,"column":20},"end":{"line":339,"column":36}},"180":{"start":{"line":342,"column":16},"end":{"line":342,"column":50}},"181":{"start":{"line":345,"column":12},"end":{"line":345,"column":32}},"182":{"start":{"line":346,"column":12},"end":{"line":346,"column":31}},"183":{"start":{"line":354,"column":24},"end":{"line":367,"column":1}},"184":{"start":{"line":355,"column":19},"end":{"line":355,"column":62}},"185":{"start":{"line":357,"column":4},"end":{"line":366,"column":5}},"186":{"start":{"line":357,"column":18},"end":{"line":357,"column":19}},"187":{"start":{"line":358,"column":16},"end":{"line":358,"column":17}},"188":{"start":{"line":359,"column":8},"end":{"line":363,"column":9}},"189":{"start":{"line":360,"column":12},"end":{"line":360,"column":60}},"190":{"start":{"line":362,"column":12},"end":{"line":362,"column":101}},"191":{"start":{"line":365,"column":8},"end":{"line":365,"column":58}},"192":{"start":{"line":374,"column":27},"end":{"line":388,"column":1}},"193":{"start":{"line":375,"column":25},"end":{"line":375,"column":78}},"194":{"start":{"line":378,"column":4},"end":{"line":380,"column":5}},"195":{"start":{"line":379,"column":8},"end":{"line":379,"column":48}},"196":{"start":{"line":383,"column":4},"end":{"line":383,"column":49}},"197":{"start":{"line":385,"column":4},"end":{"line":387,"column":5}},"198":{"start":{"line":394,"column":27},"end":{"line":415,"column":1}},"199":{"start":{"line":395,"column":16},"end":{"line":395,"column":57}},"200":{"start":{"line":397,"column":4},"end":{"line":414,"column":5}},"201":{"start":{"line":397,"column":18},"end":{"line":397,"column":19}},"202":{"start":{"line":398,"column":19},"end":{"line":398,"column":29}},"203":{"start":{"line":400,"column":8},"end":{"line":400,"column":70}},"204":{"start":{"line":401,"column":8},"end":{"line":401,"column":72}},"205":{"start":{"line":404,"column":27},"end":{"line":404,"column":155}},"206":{"start":{"line":405,"column":31},"end":{"line":405,"column":94}},"207":{"start":{"line":406,"column":12},"end":{"line":406,"column":126}},"208":{"start":{"line":407,"column":12},"end":{"line":407,"column":124}},"209":{"start":{"line":411,"column":12},"end":{"line":411,"column":128}},"210":{"start":{"line":412,"column":12},"end":{"line":412,"column":102}},"211":{"start":{"line":421,"column":30},"end":{"line":462,"column":1}},"212":{"start":{"line":422,"column":16},"end":{"line":422,"column":67}},"213":{"start":{"line":424,"column":4},"end":{"line":461,"column":5}},"214":{"start":{"line":424,"column":18},"end":{"line":424,"column":19}},"215":{"start":{"line":425,"column":19},"end":{"line":425,"column":29}},"216":{"start":{"line":427,"column":8},"end":{"line":460,"column":9}},"217":{"start":{"line":428,"column":22},"end":{"line":428,"column":48}},"218":{"start":{"line":429,"column":22},"end":{"line":429,"column":48}},"219":{"start":{"line":430,"column":23},"end":{"line":430,"column":50}},"220":{"start":{"line":431,"column":26},"end":{"line":431,"column":57}},"221":{"start":{"line":433,"column":12},"end":{"line":433,"column":60}},"222":{"start":{"line":434,"column":12},"end":{"line":434,"column":441}},"223":{"start":{"line":435,"column":12},"end":{"line":435,"column":62}},"224":{"start":{"line":436,"column":12},"end":{"line":436,"column":40}},"225":{"start":{"line":438,"column":30},"end":{"line":438,"column":75}},"226":{"start":{"line":439,"column":12},"end":{"line":439,"column":43}},"227":{"start":{"line":441,"column":12},"end":{"line":441,"column":105}},"228":{"start":{"line":443,"column":12},"end":{"line":443,"column":105}},"229":{"start":{"line":446,"column":16},"end":{"line":450,"column":17}},"230":{"start":{"line":447,"column":20},"end":{"line":447,"column":89}},"231":{"start":{"line":448,"column":20},"end":{"line":448,"column":51}},"232":{"start":{"line":449,"column":20},"end":{"line":449,"column":68}},"233":{"start":{"line":454,"column":16},"end":{"line":458,"column":17}},"234":{"start":{"line":455,"column":20},"end":{"line":455,"column":89}},"235":{"start":{"line":456,"column":20},"end":{"line":456,"column":51}},"236":{"start":{"line":457,"column":20},"end":{"line":457,"column":68}},"237":{"start":{"line":469,"column":27},"end":{"line":474,"column":1}},"238":{"start":{"line":470,"column":17},"end":{"line":470,"column":36}},"239":{"start":{"line":471,"column":4},"end":{"line":472,"column":20}},"240":{"start":{"line":472,"column":8},"end":{"line":472,"column":20}},"241":{"start":{"line":473,"column":4},"end":{"line":473,"column":17}},"242":{"start":{"line":481,"column":31},"end":{"line":486,"column":1}},"243":{"start":{"line":482,"column":17},"end":{"line":482,"column":36}},"244":{"start":{"line":483,"column":4},"end":{"line":484,"column":20}},"245":{"start":{"line":484,"column":8},"end":{"line":484,"column":20}},"246":{"start":{"line":485,"column":4},"end":{"line":485,"column":17}},"247":{"start":{"line":493,"column":29},"end":{"line":498,"column":1}},"248":{"start":{"line":494,"column":17},"end":{"line":494,"column":36}},"249":{"start":{"line":495,"column":4},"end":{"line":496,"column":20}},"250":{"start":{"line":496,"column":8},"end":{"line":496,"column":20}},"251":{"start":{"line":497,"column":4},"end":{"line":497,"column":17}},"252":{"start":{"line":504,"column":25},"end":{"line":512,"column":1}},"253":{"start":{"line":505,"column":4},"end":{"line":510,"column":5}},"254":{"start":{"line":506,"column":8},"end":{"line":509,"column":9}},"255":{"start":{"line":506,"column":22},"end":{"line":506,"column":23}},"256":{"start":{"line":507,"column":12},"end":{"line":508,"column":25}},"257":{"start":{"line":508,"column":16},"end":{"line":508,"column":25}},"258":{"start":{"line":511,"column":4},"end":{"line":511,"column":14}},"259":{"start":{"line":518,"column":23},"end":{"line":552,"column":1}},"260":{"start":{"line":519,"column":16},"end":{"line":519,"column":53}},"261":{"start":{"line":521,"column":4},"end":{"line":551,"column":5}},"262":{"start":{"line":522,"column":8},"end":{"line":550,"column":9}},"263":{"start":{"line":522,"column":22},"end":{"line":522,"column":23}},"264":{"start":{"line":524,"column":23},"end":{"line":524,"column":33}},"265":{"start":{"line":525,"column":25},"end":{"line":525,"column":122}},"266":{"start":{"line":526,"column":23},"end":{"line":526,"column":72}},"267":{"start":{"line":527,"column":27},"end":{"line":527,"column":87}},"268":{"start":{"line":528,"column":21},"end":{"line":528,"column":22}},"269":{"start":{"line":529,"column":25},"end":{"line":529,"column":81}},"270":{"start":{"line":530,"column":23},"end":{"line":530,"column":24}},"271":{"start":{"line":532,"column":12},"end":{"line":532,"column":78}},"272":{"start":{"line":535,"column":16},"end":{"line":548,"column":17}},"273":{"start":{"line":536,"column":20},"end":{"line":545,"column":21}},"274":{"start":{"line":537,"column":38},"end":{"line":544,"column":37}},"275":{"start":{"line":538,"column":28},"end":{"line":540,"column":29}},"276":{"start":{"line":539,"column":32},"end":{"line":539,"column":57}},"277":{"start":{"line":542,"column":28},"end":{"line":542,"column":80}},"278":{"start":{"line":543,"column":28},"end":{"line":543,"column":47}},"279":{"start":{"line":547,"column":20},"end":{"line":547,"column":29}},"280":{"start":{"line":565,"column":16},"end":{"line":565,"column":54}},"281":{"start":{"line":567,"column":4},"end":{"line":604,"column":5}},"282":{"start":{"line":567,"column":18},"end":{"line":567,"column":19}},"283":{"start":{"line":568,"column":19},"end":{"line":568,"column":29}},"284":{"start":{"line":570,"column":18},"end":{"line":574,"column":11}},"285":{"start":{"line":576,"column":22},"end":{"line":576,"column":64}},"286":{"start":{"line":577,"column":8},"end":{"line":579,"column":12}},"287":{"start":{"line":578,"column":12},"end":{"line":578,"column":25}},"288":{"start":{"line":581,"column":8},"end":{"line":603,"column":9}},"289":{"start":{"line":582,"column":26},"end":{"line":582,"column":71}},"290":{"start":{"line":584,"column":12},"end":{"line":602,"column":13}},"291":{"start":{"line":584,"column":26},"end":{"line":584,"column":27}},"292":{"start":{"line":585,"column":16},"end":{"line":601,"column":20}},"293":{"start":{"line":586,"column":20},"end":{"line":586,"column":39}},"294":{"start":{"line":588,"column":38},"end":{"line":588,"column":83}},"295":{"start":{"line":589,"column":20},"end":{"line":591,"column":24}},"296":{"start":{"line":594,"column":20},"end":{"line":600,"column":21}},"297":{"start":{"line":594,"column":34},"end":{"line":594,"column":35}},"298":{"start":{"line":595,"column":24},"end":{"line":599,"column":25}},"299":{"start":{"line":596,"column":28},"end":{"line":596,"column":78}},"300":{"start":{"line":598,"column":28},"end":{"line":598,"column":81}},"301":{"start":{"line":610,"column":30},"end":{"line":632,"column":1}},"302":{"start":{"line":611,"column":16},"end":{"line":611,"column":68}},"303":{"start":{"line":613,"column":4},"end":{"line":631,"column":5}},"304":{"start":{"line":613,"column":18},"end":{"line":613,"column":19}},"305":{"start":{"line":614,"column":19},"end":{"line":614,"column":29}},"306":{"start":{"line":616,"column":8},"end":{"line":616,"column":69}},"307":{"start":{"line":619,"column":12},"end":{"line":620,"column":56}},"308":{"start":{"line":619,"column":26},"end":{"line":619,"column":27}},"309":{"start":{"line":620,"column":16},"end":{"line":620,"column":56}},"310":{"start":{"line":622,"column":12},"end":{"line":622,"column":43}},"311":{"start":{"line":624,"column":25},"end":{"line":624,"column":79}},"312":{"start":{"line":626,"column":12},"end":{"line":626,"column":81}},"313":{"start":{"line":627,"column":12},"end":{"line":627,"column":86}},"314":{"start":{"line":628,"column":12},"end":{"line":628,"column":87}},"315":{"start":{"line":629,"column":12},"end":{"line":629,"column":31}}},"fnMap":{"0":{"name":"(anonymous_0)","decl":{"start":{"line":2,"column":29},"end":{"line":2,"column":30}},"loc":{"start":{"line":2,"column":35},"end":{"line":4,"column":1}},"line":2},"1":{"name":"(anonymous_1)","decl":{"start":{"line":9,"column":31},"end":{"line":9,"column":32}},"loc":{"start":{"line":9,"column":37},"end":{"line":54,"column":1}},"line":9},"2":{"name":"values","decl":{"start":{"line":12,"column":28},"end":{"line":12,"column":34}},"loc":{"start":{"line":12,"column":42},"end":{"line":25,"column":13}},"line":12},"3":{"name":"(anonymous_3)","decl":{"start":{"line":19,"column":40},"end":{"line":19,"column":41}},"loc":{"start":{"line":19,"column":57},"end":{"line":22,"column":17}},"line":19},"4":{"name":"(anonymous_4)","decl":{"start":{"line":31,"column":12},"end":{"line":31,"column":13}},"loc":{"start":{"line":31,"column":27},"end":{"line":41,"column":13}},"line":31},"5":{"name":"(anonymous_5)","decl":{"start":{"line":45,"column":34},"end":{"line":45,"column":35}},"loc":{"start":{"line":45,"column":49},"end":{"line":52,"column":9}},"line":45},"6":{"name":"(anonymous_6)","decl":{"start":{"line":59,"column":28},"end":{"line":59,"column":29}},"loc":{"start":{"line":59,"column":40},"end":{"line":62,"column":1}},"line":59},"7":{"name":"preventHeaderDefault","decl":{"start":{"line":68,"column":16},"end":{"line":68,"column":36}},"loc":{"start":{"line":68,"column":39},"end":{"line":73,"column":1}},"line":68},"8":{"name":"preventProductDefault","decl":{"start":{"line":79,"column":16},"end":{"line":79,"column":37}},"loc":{"start":{"line":79,"column":40},"end":{"line":84,"column":1}},"line":79},"9":{"name":"removePreventProductDefault","decl":{"start":{"line":86,"column":16},"end":{"line":86,"column":43}},"loc":{"start":{"line":86,"column":46},"end":{"line":92,"column":1}},"line":86},"10":{"name":"preventDefaultHandler","decl":{"start":{"line":94,"column":9},"end":{"line":94,"column":30}},"loc":{"start":{"line":94,"column":36},"end":{"line":96,"column":1}},"line":94},"11":{"name":"(anonymous_11)","decl":{"start":{"line":102,"column":35},"end":{"line":102,"column":36}},"loc":{"start":{"line":102,"column":47},"end":{"line":141,"column":1}},"line":102},"12":{"name":"(anonymous_12)","decl":{"start":{"line":148,"column":31},"end":{"line":148,"column":32}},"loc":{"start":{"line":148,"column":56},"end":{"line":157,"column":1}},"line":148},"13":{"name":"getWidth","decl":{"start":{"line":162,"column":9},"end":{"line":162,"column":17}},"loc":{"start":{"line":162,"column":26},"end":{"line":164,"column":1}},"line":162},"14":{"name":"(anonymous_14)","decl":{"start":{"line":170,"column":35},"end":{"line":170,"column":36}},"loc":{"start":{"line":170,"column":41},"end":{"line":200,"column":1}},"line":170},"15":{"name":"(anonymous_15)","decl":{"start":{"line":207,"column":25},"end":{"line":207,"column":26}},"loc":{"start":{"line":207,"column":37},"end":{"line":234,"column":1}},"line":207},"16":{"name":"(anonymous_16)","decl":{"start":{"line":209,"column":41},"end":{"line":209,"column":42}},"loc":{"start":{"line":209,"column":53},"end":{"line":215,"column":5}},"line":209},"17":{"name":"(anonymous_17)","decl":{"start":{"line":217,"column":41},"end":{"line":217,"column":42}},"loc":{"start":{"line":217,"column":56},"end":{"line":233,"column":5}},"line":217},"18":{"name":"(anonymous_18)","decl":{"start":{"line":220,"column":39},"end":{"line":220,"column":40}},"loc":{"start":{"line":220,"column":45},"end":{"line":225,"column":13}},"line":220},"19":{"name":"(anonymous_19)","decl":{"start":{"line":240,"column":31},"end":{"line":240,"column":32}},"loc":{"start":{"line":240,"column":40},"end":{"line":257,"column":1}},"line":240},"20":{"name":"(anonymous_20)","decl":{"start":{"line":244,"column":35},"end":{"line":244,"column":36}},"loc":{"start":{"line":244,"column":41},"end":{"line":249,"column":9}},"line":244},"21":{"name":"(anonymous_21)","decl":{"start":{"line":262,"column":26},"end":{"line":262,"column":27}},"loc":{"start":{"line":262,"column":41},"end":{"line":349,"column":1}},"line":262},"22":{"name":"(anonymous_22)","decl":{"start":{"line":266,"column":42},"end":{"line":266,"column":43}},"loc":{"start":{"line":266,"column":57},"end":{"line":268,"column":5}},"line":266},"23":{"name":"(anonymous_23)","decl":{"start":{"line":271,"column":43},"end":{"line":271,"column":44}},"loc":{"start":{"line":271,"column":58},"end":{"line":273,"column":5}},"line":271},"24":{"name":"(anonymous_24)","decl":{"start":{"line":276,"column":39},"end":{"line":276,"column":40}},"loc":{"start":{"line":276,"column":54},"end":{"line":278,"column":5}},"line":276},"25":{"name":"(anonymous_25)","decl":{"start":{"line":290,"column":40},"end":{"line":290,"column":41}},"loc":{"start":{"line":290,"column":52},"end":{"line":294,"column":9}},"line":290},"26":{"name":"(anonymous_26)","decl":{"start":{"line":301,"column":40},"end":{"line":301,"column":41}},"loc":{"start":{"line":301,"column":55},"end":{"line":347,"column":9}},"line":301},"27":{"name":"(anonymous_27)","decl":{"start":{"line":315,"column":43},"end":{"line":315,"column":44}},"loc":{"start":{"line":315,"column":49},"end":{"line":325,"column":17}},"line":315},"28":{"name":"(anonymous_28)","decl":{"start":{"line":330,"column":43},"end":{"line":330,"column":44}},"loc":{"start":{"line":330,"column":49},"end":{"line":340,"column":17}},"line":330},"29":{"name":"(anonymous_29)","decl":{"start":{"line":354,"column":24},"end":{"line":354,"column":25}},"loc":{"start":{"line":354,"column":30},"end":{"line":367,"column":1}},"line":354},"30":{"name":"(anonymous_30)","decl":{"start":{"line":374,"column":27},"end":{"line":374,"column":28}},"loc":{"start":{"line":374,"column":39},"end":{"line":388,"column":1}},"line":374},"31":{"name":"(anonymous_31)","decl":{"start":{"line":394,"column":27},"end":{"line":394,"column":28}},"loc":{"start":{"line":394,"column":39},"end":{"line":415,"column":1}},"line":394},"32":{"name":"mouseOverHandler","decl":{"start":{"line":403,"column":17},"end":{"line":403,"column":33}},"loc":{"start":{"line":403,"column":36},"end":{"line":408,"column":9}},"line":403},"33":{"name":"mouseLeaveHandler","decl":{"start":{"line":410,"column":17},"end":{"line":410,"column":34}},"loc":{"start":{"line":410,"column":37},"end":{"line":413,"column":9}},"line":410},"34":{"name":"(anonymous_34)","decl":{"start":{"line":421,"column":30},"end":{"line":421,"column":31}},"loc":{"start":{"line":421,"column":36},"end":{"line":462,"column":1}},"line":421},"35":{"name":"decrementHandler","decl":{"start":{"line":445,"column":21},"end":{"line":445,"column":37}},"loc":{"start":{"line":445,"column":40},"end":{"line":451,"column":13}},"line":445},"36":{"name":"incrementHandler","decl":{"start":{"line":453,"column":21},"end":{"line":453,"column":37}},"loc":{"start":{"line":453,"column":40},"end":{"line":459,"column":13}},"line":453},"37":{"name":"(anonymous_37)","decl":{"start":{"line":469,"column":27},"end":{"line":469,"column":28}},"loc":{"start":{"line":469,"column":39},"end":{"line":474,"column":1}},"line":469},"38":{"name":"(anonymous_38)","decl":{"start":{"line":481,"column":31},"end":{"line":481,"column":32}},"loc":{"start":{"line":481,"column":43},"end":{"line":486,"column":1}},"line":481},"39":{"name":"(anonymous_39)","decl":{"start":{"line":493,"column":29},"end":{"line":493,"column":30}},"loc":{"start":{"line":493,"column":41},"end":{"line":498,"column":1}},"line":493},"40":{"name":"(anonymous_40)","decl":{"start":{"line":504,"column":25},"end":{"line":504,"column":26}},"loc":{"start":{"line":504,"column":48},"end":{"line":512,"column":1}},"line":504},"41":{"name":"(anonymous_41)","decl":{"start":{"line":518,"column":23},"end":{"line":518,"column":24}},"loc":{"start":{"line":518,"column":35},"end":{"line":552,"column":1}},"line":518},"42":{"name":"countToScrollHandler","decl":{"start":{"line":534,"column":21},"end":{"line":534,"column":41}},"loc":{"start":{"line":534,"column":44},"end":{"line":549,"column":13}},"line":534},"43":{"name":"(anonymous_43)","decl":{"start":{"line":537,"column":51},"end":{"line":537,"column":52}},"loc":{"start":{"line":537,"column":57},"end":{"line":544,"column":25}},"line":537},"44":{"name":"isotopeLoad","decl":{"start":{"line":564,"column":16},"end":{"line":564,"column":27}},"loc":{"start":{"line":564,"column":109},"end":{"line":605,"column":1}},"line":564},"45":{"name":"(anonymous_45)","decl":{"start":{"line":577,"column":28},"end":{"line":577,"column":29}},"loc":{"start":{"line":577,"column":57},"end":{"line":579,"column":9}},"line":577},"46":{"name":"(anonymous_46)","decl":{"start":{"line":585,"column":56},"end":{"line":585,"column":57}},"loc":{"start":{"line":585,"column":71},"end":{"line":601,"column":17}},"line":585},"47":{"name":"(anonymous_47)","decl":{"start":{"line":610,"column":30},"end":{"line":610,"column":31}},"loc":{"start":{"line":610,"column":36},"end":{"line":632,"column":1}},"line":610},"48":{"name":"productGalleryClickHandler","decl":{"start":{"line":618,"column":17},"end":{"line":618,"column":43}},"loc":{"start":{"line":618,"column":49},"end":{"line":630,"column":9}},"line":618}},"branchMap":{"0":{"loc":{"start":{"line":10,"column":4},"end":{"line":27,"column":5}},"type":"if","locations":[{"start":{"line":10,"column":4},"end":{"line":27,"column":5}},{"start":{"line":10,"column":4},"end":{"line":27,"column":5}}],"line":10},"1":{"loc":{"start":{"line":13,"column":16},"end":{"line":15,"column":17}},"type":"if","locations":[{"start":{"line":13,"column":16},"end":{"line":15,"column":17}},{"start":{"line":13,"column":16},"end":{"line":15,"column":17}}],"line":13},"2":{"loc":{"start":{"line":29,"column":4},"end":{"line":42,"column":5}},"type":"if","locations":[{"start":{"line":29,"column":4},"end":{"line":42,"column":5}},{"start":{"line":29,"column":4},"end":{"line":42,"column":5}}],"line":29},"3":{"loc":{"start":{"line":29,"column":9},"end":{"line":29,"column":53}},"type":"binary-expr","locations":[{"start":{"line":29,"column":9},"end":{"line":29,"column":23}},{"start":{"line":29,"column":27},"end":{"line":29,"column":53}}],"line":29},"4":{"loc":{"start":{"line":32,"column":32},"end":{"line":32,"column":67}},"type":"binary-expr","locations":[{"start":{"line":32,"column":32},"end":{"line":32,"column":45}},{"start":{"line":32,"column":49},"end":{"line":32,"column":67}}],"line":32},"5":{"loc":{"start":{"line":39,"column":26},"end":{"line":39,"column":64}},"type":"binary-expr","locations":[{"start":{"line":39,"column":28},"end":{"line":39,"column":33}},{"start":{"line":39,"column":41},"end":{"line":39,"column":62}}],"line":39},"6":{"loc":{"start":{"line":38,"column":28},"end":{"line":38,"column":64}},"type":"binary-expr","locations":[{"start":{"line":38,"column":28},"end":{"line":38,"column":36}},{"start":{"line":38,"column":40},"end":{"line":38,"column":64}}],"line":38},"7":{"loc":{"start":{"line":44,"column":4},"end":{"line":53,"column":5}},"type":"if","locations":[{"start":{"line":44,"column":4},"end":{"line":53,"column":5}},{"start":{"line":44,"column":4},"end":{"line":53,"column":5}}],"line":44},"8":{"loc":{"start":{"line":49,"column":16},"end":{"line":49,"column":55}},"type":"if","locations":[{"start":{"line":49,"column":16},"end":{"line":49,"column":55}},{"start":{"line":49,"column":16},"end":{"line":49,"column":55}}],"line":49},"9":{"loc":{"start":{"line":104,"column":14},"end":{"line":104,"column":97}},"type":"cond-expr","locations":[{"start":{"line":104,"column":49},"end":{"line":104,"column":91}},{"start":{"line":104,"column":94},"end":{"line":104,"column":97}}],"line":104},"10":{"loc":{"start":{"line":109,"column":4},"end":{"line":111,"column":5}},"type":"if","locations":[{"start":{"line":109,"column":4},"end":{"line":111,"column":5}},{"start":{"line":109,"column":4},"end":{"line":111,"column":5}}],"line":109},"11":{"loc":{"start":{"line":113,"column":4},"end":{"line":136,"column":5}},"type":"if","locations":[{"start":{"line":113,"column":4},"end":{"line":136,"column":5}},{"start":{"line":113,"column":4},"end":{"line":136,"column":5}}],"line":113},"12":{"loc":{"start":{"line":113,"column":9},"end":{"line":113,"column":62}},"type":"binary-expr","locations":[{"start":{"line":113,"column":9},"end":{"line":113,"column":34}},{"start":{"line":113,"column":38},"end":{"line":113,"column":62}}],"line":113},"13":{"loc":{"start":{"line":114,"column":8},"end":{"line":127,"column":9}},"type":"if","locations":[{"start":{"line":114,"column":8},"end":{"line":127,"column":9}},{"start":{"line":114,"column":8},"end":{"line":127,"column":9}}],"line":114},"14":{"loc":{"start":{"line":116,"column":12},"end":{"line":122,"column":13}},"type":"if","locations":[{"start":{"line":116,"column":12},"end":{"line":122,"column":13}},{"start":{"line":116,"column":12},"end":{"line":122,"column":13}}],"line":116},"15":{"loc":{"start":{"line":124,"column":12},"end":{"line":126,"column":13}},"type":"if","locations":[{"start":{"line":124,"column":12},"end":{"line":126,"column":13}},{"start":{"line":124,"column":12},"end":{"line":126,"column":13}}],"line":124},"16":{"loc":{"start":{"line":129,"column":8},"end":{"line":131,"column":9}},"type":"if","locations":[{"start":{"line":129,"column":8},"end":{"line":131,"column":9}},{"start":{"line":129,"column":8},"end":{"line":131,"column":9}}],"line":129},"17":{"loc":{"start":{"line":133,"column":8},"end":{"line":135,"column":9}},"type":"if","locations":[{"start":{"line":133,"column":8},"end":{"line":135,"column":9}},{"start":{"line":133,"column":8},"end":{"line":135,"column":9}}],"line":133},"18":{"loc":{"start":{"line":138,"column":4},"end":{"line":140,"column":5}},"type":"if","locations":[{"start":{"line":138,"column":4},"end":{"line":140,"column":5}},{"start":{"line":138,"column":4},"end":{"line":140,"column":5}}],"line":138},"19":{"loc":{"start":{"line":138,"column":9},"end":{"line":138,"column":79}},"type":"binary-expr","locations":[{"start":{"line":138,"column":9},"end":{"line":138,"column":32}},{"start":{"line":138,"column":36},"end":{"line":138,"column":79}}],"line":138},"20":{"loc":{"start":{"line":148,"column":42},"end":{"line":148,"column":53}},"type":"default-arg","locations":[{"start":{"line":148,"column":51},"end":{"line":148,"column":53}}],"line":148},"21":{"loc":{"start":{"line":149,"column":4},"end":{"line":156,"column":5}},"type":"if","locations":[{"start":{"line":149,"column":4},"end":{"line":156,"column":5}},{"start":{"line":149,"column":4},"end":{"line":156,"column":5}}],"line":149},"22":{"loc":{"start":{"line":151,"column":8},"end":{"line":151,"column":37}},"type":"if","locations":[{"start":{"line":151,"column":8},"end":{"line":151,"column":37}},{"start":{"line":151,"column":8},"end":{"line":151,"column":37}}],"line":151},"23":{"loc":{"start":{"line":171,"column":4},"end":{"line":199,"column":5}},"type":"if","locations":[{"start":{"line":171,"column":4},"end":{"line":199,"column":5}},{"start":{"line":171,"column":4},"end":{"line":199,"column":5}}],"line":171},"24":{"loc":{"start":{"line":176,"column":8},"end":{"line":198,"column":9}},"type":"if","locations":[{"start":{"line":176,"column":8},"end":{"line":198,"column":9}},{"start":{"line":176,"column":8},"end":{"line":198,"column":9}}],"line":176},"25":{"loc":{"start":{"line":181,"column":12},"end":{"line":185,"column":13}},"type":"if","locations":[{"start":{"line":181,"column":12},"end":{"line":185,"column":13}},{"start":{"line":181,"column":12},"end":{"line":185,"column":13}}],"line":181},"26":{"loc":{"start":{"line":187,"column":12},"end":{"line":191,"column":13}},"type":"if","locations":[{"start":{"line":187,"column":12},"end":{"line":191,"column":13}},{"start":{"line":187,"column":12},"end":{"line":191,"column":13}}],"line":187},"27":{"loc":{"start":{"line":192,"column":12},"end":{"line":197,"column":13}},"type":"if","locations":[{"start":{"line":192,"column":12},"end":{"line":197,"column":13}},{"start":{"line":192,"column":12},"end":{"line":197,"column":13}}],"line":192},"28":{"loc":{"start":{"line":210,"column":8},"end":{"line":214,"column":9}},"type":"if","locations":[{"start":{"line":210,"column":8},"end":{"line":214,"column":9}},{"start":{"line":210,"column":8},"end":{"line":214,"column":9}}],"line":210},"29":{"loc":{"start":{"line":218,"column":8},"end":{"line":231,"column":9}},"type":"if","locations":[{"start":{"line":218,"column":8},"end":{"line":231,"column":9}},{"start":{"line":218,"column":8},"end":{"line":231,"column":9}}],"line":218},"30":{"loc":{"start":{"line":218,"column":13},"end":{"line":218,"column":66}},"type":"binary-expr","locations":[{"start":{"line":218,"column":13},"end":{"line":218,"column":26}},{"start":{"line":218,"column":30},"end":{"line":218,"column":47}},{"start":{"line":218,"column":51},"end":{"line":218,"column":66}}],"line":218},"31":{"loc":{"start":{"line":221,"column":16},"end":{"line":222,"column":45}},"type":"if","locations":[{"start":{"line":221,"column":16},"end":{"line":222,"column":45}},{"start":{"line":221,"column":16},"end":{"line":222,"column":45}}],"line":221},"32":{"loc":{"start":{"line":242,"column":4},"end":{"line":255,"column":5}},"type":"if","locations":[{"start":{"line":242,"column":4},"end":{"line":255,"column":5}},{"start":{"line":242,"column":4},"end":{"line":255,"column":5}}],"line":242},"33":{"loc":{"start":{"line":242,"column":9},"end":{"line":242,"column":62}},"type":"binary-expr","locations":[{"start":{"line":242,"column":9},"end":{"line":242,"column":22}},{"start":{"line":242,"column":26},"end":{"line":242,"column":43}},{"start":{"line":242,"column":47},"end":{"line":242,"column":62}}],"line":242},"34":{"loc":{"start":{"line":245,"column":12},"end":{"line":246,"column":41}},"type":"if","locations":[{"start":{"line":245,"column":12},"end":{"line":246,"column":41}},{"start":{"line":245,"column":12},"end":{"line":246,"column":41}}],"line":245},"35":{"loc":{"start":{"line":284,"column":8},"end":{"line":288,"column":9}},"type":"if","locations":[{"start":{"line":284,"column":8},"end":{"line":288,"column":9}},{"start":{"line":284,"column":8},"end":{"line":288,"column":9}}],"line":284},"36":{"loc":{"start":{"line":291,"column":12},"end":{"line":293,"column":13}},"type":"if","locations":[{"start":{"line":291,"column":12},"end":{"line":293,"column":13}},{"start":{"line":291,"column":12},"end":{"line":293,"column":13}}],"line":291},"37":{"loc":{"start":{"line":309,"column":12},"end":{"line":311,"column":13}},"type":"if","locations":[{"start":{"line":309,"column":12},"end":{"line":311,"column":13}},{"start":{"line":309,"column":12},"end":{"line":311,"column":13}}],"line":309},"38":{"loc":{"start":{"line":309,"column":17},"end":{"line":309,"column":49}},"type":"binar
[...]
ine":91,"column":8}},{"start":{"line":92,"column":4},"end":{"line":93,"column":16}},{"start":{"line":94,"column":4},"end":{"line":95,"column":19}}],"line":77},"6":{"loc":{"start":{"line":99,"column":36},"end":{"line":99,"column":46}},"type":"default-arg","locations":[{"start":{"line":99,"column":44},"end":{"line":99,"column":46}}],"line":99},"7":{"loc":{"start":{"line":100,"column":2},"end":{"line":119,"column":3}},"type":"switch","locations":[{"start":{"line":101,"column":4},"end":{"line":104,"column":8}},{"start":{"line":105,"column":4},"end":{"line":109,"column":8}},{"start":{"line":110,"column":4},"end":{"line":114,"column":8}},{"start":{"line":115,"column":4},"end":{"line":116,"column":16}},{"start":{"line":117,"column":4},"end":{"line":118,"column":19}}],"line":100},"8":{"loc":{"start":{"line":122,"column":35},"end":{"line":122,"column":57}},"type":"default-arg","locations":[{"start":{"line":122,"column":43},"end":{"line":122,"column":57}}],"line":122},"9":{"loc":{"start":{"line":123,"column":2},"end":{"line":142,"column":3}},"type":"switch","locations":[{"start":{"line":124,"column":4},"end":{"line":127,"column":8}},{"start":{"line":128,"column":4},"end":{"line":132,"column":8}},{"start":{"line":133,"column":4},"end":{"line":137,"column":8}},{"start":{"line":138,"column":4},"end":{"line":139,"column":28}},{"start":{"line":140,"column":4},"end":{"line":141,"column":19}}],"line":123},"10":{"loc":{"start":{"line":145,"column":33},"end":{"line":145,"column":55}},"type":"default-arg","locations":[{"start":{"line":145,"column":41},"end":{"line":145,"column":55}}],"line":145},"11":{"loc":{"start":{"line":146,"column":2},"end":{"line":163,"column":3}},"type":"switch","locations":[{"start":{"line":147,"column":4},"end":{"line":150,"column":8}},{"start":{"line":151,"column":4},"end":{"line":155,"column":8}},{"start":{"line":156,"column":4},"end":{"line":160,"column":8}},{"start":{"line":161,"column":4},"end":{"line":162,"column":19}}],"line":146}},"s":{"0":0,"1":0,"2":0,"3":0,"4":0,"5":0,"6":0,"7":0,"8":0,"9":0,"10":0,"11":0,"12":0,"13":0,"14":0,"15":0,"16":0,"17":0,"18":0,"19":0,"20":0,"21":0,"22":0,"23":0,"24":0,"25":0,"26":0,"27":0,"28":0,"29":0,"30":0,"31":0,"32":0,"33":0,"34":0,"35":0,"36":0,"37":0,"38":0,"39":0},"f":{"0":0,"1":0,"2":0,"3":0,"4":0,"5":0},"b":{"0":[0],"1":[0,0,0,0,0],"2":[0],"3":[0,0,0,0],"4":[0],"5":[0,0,0,0,0],"6":[0],"7":[0,0,0,0,0],"8":[0],"9":[0,0,0,0,0],"10":[0],"11":[0,0,0,0]},"hash":"b13fa2bc1c475e9a6efdcb4446d04c56eec2831f"}
,"D:\\MY FILES\\Studies\\5 SEMESTER\\Software engineering\\eds-store\\frontend\\src\\reducers\\productReducers.js": {"path":"D:\\MY FILES\\Studies\\5 SEMESTER\\Software engineering\\eds-store\\frontend\\src\\reducers\\productReducers.js","statementMap":{"0":{"start":{"line":26,"column":34},"end":{"line":43,"column":1}},"1":{"start":{"line":28,"column":2},"end":{"line":42,"column":3}},"2":{"start":{"line":30,"column":6},"end":{"line":30,"column":45}},"3":{"start":{"line":32,"column":6},"end":{"line":37,"column":8}},"4":{"start":{"line":39,"column":6},"end":{"line":39,"column":55}},"5":{"start":{"line":41,"column":6},"end":{"line":41,"column":19}},"6":{"start":{"line":45,"column":37},"end":{"line":59,"column":1}},"7":{"start":{"line":49,"column":2},"end":{"line":58,"column":3}},"8":{"start":{"line":51,"column":6},"end":{"line":51,"column":41}},"9":{"start":{"line":53,"column":6},"end":{"line":53,"column":57}},"10":{"start":{"line":55,"column":6},"end":{"line":55,"column":55}},"11":{"start":{"line":57,"column":6},"end":{"line":57,"column":19}},"12":{"start":{"line":61,"column":36},"end":{"line":72,"column":1}},"13":{"start":{"line":62,"column":2},"end":{"line":71,"column":3}},"14":{"start":{"line":64,"column":6},"end":{"line":64,"column":31}},"15":{"start":{"line":66,"column":6},"end":{"line":66,"column":47}},"16":{"start":{"line":68,"column":6},"end":{"line":68,"column":55}},"17":{"start":{"line":70,"column":6},"end":{"line":70,"column":19}},"18":{"start":{"line":74,"column":36},"end":{"line":87,"column":1}},"19":{"start":{"line":75,"column":2},"end":{"line":86,"column":3}},"20":{"start":{"line":77,"column":6},"end":{"line":77,"column":31}},"21":{"start":{"line":79,"column":6},"end":{"line":79,"column":72}},"22":{"start":{"line":81,"column":6},"end":{"line":81,"column":55}},"23":{"start":{"line":83,"column":6},"end":{"line":83,"column":16}},"24":{"start":{"line":85,"column":6},"end":{"line":85,"column":19}},"25":{"start":{"line":89,"column":36},"end":{"line":102,"column":1}},"26":{"start":{"line":90,"column":2},"end":{"line":101,"column":3}},"27":{"start":{"line":92,"column":6},"end":{"line":92,"column":31}},"28":{"start":{"line":94,"column":6},"end":{"line":94,"column":72}},"29":{"start":{"line":96,"column":6},"end":{"line":96,"column":55}},"30":{"start":{"line":98,"column":6},"end":{"line":98,"column":29}},"31":{"start":{"line":100,"column":6},"end":{"line":100,"column":19}},"32":{"start":{"line":104,"column":42},"end":{"line":117,"column":1}},"33":{"start":{"line":105,"column":2},"end":{"line":116,"column":3}},"34":{"start":{"line":107,"column":6},"end":{"line":107,"column":31}},"35":{"start":{"line":109,"column":6},"end":{"line":109,"column":47}},"36":{"start":{"line":111,"column":6},"end":{"line":111,"column":55}},"37":{"start":{"line":113,"column":6},"end":{"line":113,"column":16}},"38":{"start":{"line":115,"column":6},"end":{"line":115,"column":19}}},"fnMap":{"0":{"name":"(anonymous_0)","decl":{"start":{"line":26,"column":34},"end":{"line":26,"column":35}},"loc":{"start":{"line":26,"column":72},"end":{"line":43,"column":1}},"line":26},"1":{"name":"(anonymous_1)","decl":{"start":{"line":45,"column":37},"end":{"line":45,"column":38}},"loc":{"start":{"line":48,"column":5},"end":{"line":59,"column":1}},"line":48},"2":{"name":"(anonymous_2)","decl":{"start":{"line":61,"column":36},"end":{"line":61,"column":37}},"loc":{"start":{"line":61,"column":60},"end":{"line":72,"column":1}},"line":61},"3":{"name":"(anonymous_3)","decl":{"start":{"line":74,"column":36},"end":{"line":74,"column":37}},"loc":{"start":{"line":74,"column":60},"end":{"line":87,"column":1}},"line":74},"4":{"name":"(anonymous_4)","decl":{"start":{"line":89,"column":36},"end":{"line":89,"column":37}},"loc":{"start":{"line":89,"column":73},"end":{"line":102,"column":1}},"line":89},"5":{"name":"(anonymous_5)","decl":{"start":{"line":104,"column":42},"end":{"line":104,"column":43}},"loc":{"start":{"line":104,"column":66},"end":{"line":117,"column":1}},"line":104}},"branchMap":{"0":{"loc":{"start":{"line":26,"column":35},"end":{"line":26,"column":59}},"type":"default-arg","locations":[{"start":{"line":26,"column":43},"end":{"line":26,"column":59}}],"line":26},"1":{"loc":{"start":{"line":28,"column":2},"end":{"line":42,"column":3}},"type":"switch","locations":[{"start":{"line":29,"column":4},"end":{"line":30,"column":45}},{"start":{"line":31,"column":4},"end":{"line":37,"column":8}},{"start":{"line":38,"column":4},"end":{"line":39,"column":55}},{"start":{"line":40,"column":4},"end":{"line":41,"column":19}}],"line":28},"2":{"loc":{"start":{"line":46,"column":2},"end":{"line":46,"column":38}},"type":"default-arg","locations":[{"start":{"line":46,"column":10},"end":{"line":46,"column":38}}],"line":46},"3":{"loc":{"start":{"line":49,"column":2},"end":{"line":58,"column":3}},"type":"switch","locations":[{"start":{"line":50,"column":4},"end":{"line":51,"column":41}},{"start":{"line":52,"column":4},"end":{"line":53,"column":57}},{"start":{"line":54,"column":4},"end":{"line":55,"column":55}},{"start":{"line":56,"column":4},"end":{"line":57,"column":19}}],"line":49},"4":{"loc":{"start":{"line":61,"column":37},"end":{"line":61,"column":47}},"type":"default-arg","locations":[{"start":{"line":61,"column":45},"end":{"line":61,"column":47}}],"line":61},"5":{"loc":{"start":{"line":62,"column":2},"end":{"line":71,"column":3}},"type":"switch","locations":[{"start":{"line":63,"column":4},"end":{"line":64,"column":31}},{"start":{"line":65,"column":4},"end":{"line":66,"column":47}},{"start":{"line":67,"column":4},"end":{"line":68,"column":55}},{"start":{"line":69,"column":4},"end":{"line":70,"column":19}}],"line":62},"6":{"loc":{"start":{"line":74,"column":37},"end":{"line":74,"column":47}},"type":"default-arg","locations":[{"start":{"line":74,"column":45},"end":{"line":74,"column":47}}],"line":74},"7":{"loc":{"start":{"line":75,"column":2},"end":{"line":86,"column":3}},"type":"switch","locations":[{"start":{"line":76,"column":4},"end":{"line":77,"column":31}},{"start":{"line":78,"column":4},"end":{"line":79,"column":72}},{"start":{"line":80,"column":4},"end":{"line":81,"column":55}},{"start":{"line":82,"column":4},"end":{"line":83,"column":16}},{"start":{"line":84,"column":4},"end":{"line":85,"column":19}}],"line":75},"8":{"loc":{"start":{"line":89,"column":37},"end":{"line":89,"column":60}},"type":"default-arg","locations":[{"start":{"line":89,"column":45},"end":{"line":89,"column":60}}],"line":89},"9":{"loc":{"start":{"line":90,"column":2},"end":{"line":101,"column":3}},"type":"switch","locations":[{"start":{"line":91,"column":4},"end":{"line":92,"column":31}},{"start":{"line":93,"column":4},"end":{"line":94,"column":72}},{"start":{"line":95,"column":4},"end":{"line":96,"column":55}},{"start":{"line":97,"column":4},"end":{"line":98,"column":29}},{"start":{"line":99,"column":4},"end":{"line":100,"column":19}}],"line":90},"10":{"loc":{"start":{"line":104,"column":43},"end":{"line":104,"column":53}},"type":"default-arg","locations":[{"start":{"line":104,"column":51},"end":{"line":104,"column":53}}],"line":104},"11":{"loc":{"start":{"line":105,"column":2},"end":{"line":116,"column":3}},"type":"switch","locations":[{"start":{"line":106,"column":4},"end":{"line":107,"column":31}},{"start":{"line":108,"column":4},"end":{"line":109,"column":47}},{"start":{"line":110,"column":4},"end":{"line":111,"column":55}},{"start":{"line":112,"column":4},"end":{"line":113,"column":16}},{"start":{"line":114,"column":4},"end":{"line":115,"column":19}}],"line":105}},"s":{"0":1,"1":4,"2":1,"3":0,"4":1,"5":2,"6":1,"7":3,"8":0,"9":1,"10":1,"11":1,"12":1,"13":4,"14":1,"15":1,"16":1,"17":1,"18":1,"19":5,"20":1,"21":1,"22":1,"23":1,"24":1,"25":1,"26":5,"27":1,"28":1,"29":1,"30":1,"31":1,"32":1,"33":5,"34":1,"35":1,"36":1,"37":1,"38":1},"f":{"0":4,"1":3,"2":4,"3":5,"4":5,"5":5},"b":{"0":[3],"1":[1,0,1,2],"2":[1],"3":[0,1,1,1],"4":[1],"5":[1,1,1,1],"6":[1],"7":[1,1,1,1,1],"8":[1],"9":[1,1,1,1,1],"10":[1],"11":[1,1,1,1,1]},"_coverageSchema":"43e27e138ebf9cfc5966b082cf9a028302ed4184","hash":"2964059d2dde156f785e3a777a6230a90b43efe4"}
,"D:\\MY FILES\\Studies\\5 SEMESTER\\Software engineering\\eds-store\\frontend\\src\\reducers\\userReducers.js": {"path":"D:\\MY FILES\\Studies\\5 SEMESTER\\Software engineering\\eds-store\\frontend\\src\\reducers\\userReducers.js","statementMap":{"0":{"start":{"line":29,"column":32},"end":{"line":42,"column":1}},"1":{"start":{"line":30,"column":2},"end":{"line":41,"column":3}},"2":{"start":{"line":32,"column":6},"end":{"line":32,"column":31}},"3":{"start":{"line":34,"column":6},"end":{"line":34,"column":58}},"4":{"start":{"line":36,"column":6},"end":{"line":36,"column":55}},"5":{"start":{"line":38,"column":6},"end":{"line":38,"column":16}},"6":{"start":{"line":40,"column":6},"end":{"line":40,"column":19}},"7":{"start":{"line":44,"column":35},"end":{"line":55,"column":1}},"8":{"start":{"line":45,"column":2},"end":{"line":54,"column":3}},"9":{"start":{"line":47,"column":6},"end":{"line":47,"column":31}},"10":{"start":{"line":49,"column":6},"end":{"line":49,"column":58}},"11":{"start":{"line":51,"column":6},"end":{"line":51,"column":55}},"12":{"start":{"line":53,"column":6},"end":{"line":53,"column":19}},"13":{"start":{"line":57,"column":34},"end":{"line":70,"column":1}},"14":{"start":{"line":58,"column":2},"end":{"line":69,"column":3}},"15":{"start":{"line":60,"column":6},"end":{"line":60,"column":41}},"16":{"start":{"line":62,"column":6},"end":{"line":62,"column":54}},"17":{"start":{"line":64,"column":6},"end":{"line":64,"column":55}},"18":{"start":{"line":66,"column":6},"end":{"line":66,"column":26}},"19":{"start":{"line":68,"column":6},"end":{"line":68,"column":19}},"20":{"start":{"line":72,"column":40},"end":{"line":83,"column":1}},"21":{"start":{"line":73,"column":2},"end":{"line":82,"column":3}},"22":{"start":{"line":75,"column":6},"end":{"line":75,"column":31}},"23":{"start":{"line":77,"column":6},"end":{"line":77,"column":73}},"24":{"start":{"line":79,"column":6},"end":{"line":79,"column":55}},"25":{"start":{"line":81,"column":6},"end":{"line":81,"column":19}},"26":{"start":{"line":85,"column":31},"end":{"line":98,"column":1}},"27":{"start":{"line":86,"column":2},"end":{"line":97,"column":3}},"28":{"start":{"line":88,"column":6},"end":{"line":88,"column":31}},"29":{"start":{"line":90,"column":6},"end":{"line":90,"column":55}},"30":{"start":{"line":92,"column":6},"end":{"line":92,"column":55}},"31":{"start":{"line":94,"column":6},"end":{"line":94,"column":27}},"32":{"start":{"line":96,"column":6},"end":{"line":96,"column":19}},"33":{"start":{"line":100,"column":33},"end":{"line":111,"column":1}},"34":{"start":{"line":101,"column":2},"end":{"line":110,"column":3}},"35":{"start":{"line":103,"column":6},"end":{"line":103,"column":31}},"36":{"start":{"line":105,"column":6},"end":{"line":105,"column":47}},"37":{"start":{"line":107,"column":6},"end":{"line":107,"column":55}},"38":{"start":{"line":109,"column":6},"end":{"line":109,"column":19}},"39":{"start":{"line":113,"column":33},"end":{"line":128,"column":1}},"40":{"start":{"line":114,"column":2},"end":{"line":127,"column":3}},"41":{"start":{"line":116,"column":6},"end":{"line":116,"column":31}},"42":{"start":{"line":118,"column":6},"end":{"line":118,"column":47}},"43":{"start":{"line":120,"column":6},"end":{"line":120,"column":55}},"44":{"start":{"line":122,"column":6},"end":{"line":124,"column":8}},"45":{"start":{"line":126,"column":6},"end":{"line":126,"column":19}}},"fnMap":{"0":{"name":"(anonymous_0)","decl":{"start":{"line":29,"column":32},"end":{"line":29,"column":33}},"loc":{"start":{"line":29,"column":56},"end":{"line":42,"column":1}},"line":29},"1":{"name":"(anonymous_1)","decl":{"start":{"line":44,"column":35},"end":{"line":44,"column":36}},"loc":{"start":{"line":44,"column":59},"end":{"line":55,"column":1}},"line":44},"2":{"name":"(anonymous_2)","decl":{"start":{"line":57,"column":34},"end":{"line":57,"column":35}},"loc":{"start":{"line":57,"column":68},"end":{"line":70,"column":1}},"line":57},"3":{"name":"(anonymous_3)","decl":{"start":{"line":72,"column":40},"end":{"line":72,"column":41}},"loc":{"start":{"line":72,"column":64},"end":{"line":83,"column":1}},"line":72},"4":{"name":"(anonymous_4)","decl":{"start":{"line":85,"column":31},"end":{"line":85,"column":32}},"loc":{"start":{"line":85,"column":66},"end":{"line":98,"column":1}},"line":85},"5":{"name":"(anonymous_5)","decl":{"start":{"line":100,"column":33},"end":{"line":100,"column":34}},"loc":{"start":{"line":100,"column":57},"end":{"line":111,"column":1}},"line":100},"6":{"name":"(anonymous_6)","decl":{"start":{"line":113,"column":33},"end":{"line":113,"column":34}},"loc":{"start":{"line":113,"column":67},"end":{"line":128,"column":1}},"line":113}},"branchMap":{"0":{"loc":{"start":{"line":29,"column":33},"end":{"line":29,"column":43}},"type":"default-arg","locations":[{"start":{"line":29,"column":41},"end":{"line":29,"column":43}}],"line":29},"1":{"loc":{"start":{"line":30,"column":2},"end":{"line":41,"column":3}},"type":"switch","locations":[{"start":{"line":31,"column":4},"end":{"line":32,"column":31}},{"start":{"line":33,"column":4},"end":{"line":34,"column":58}},{"start":{"line":35,"column":4},"end":{"line":36,"column":55}},{"start":{"line":37,"column":4},"end":{"line":38,"column":16}},{"start":{"line":39,"column":4},"end":{"line":40,"column":19}}],"line":30},"2":{"loc":{"start":{"line":44,"column":36},"end":{"line":44,"column":46}},"type":"default-arg","locations":[{"start":{"line":44,"column":44},"end":{"line":44,"column":46}}],"line":44},"3":{"loc":{"start":{"line":45,"column":2},"end":{"line":54,"column":3}},"type":"switch","locations":[{"start":{"line":46,"column":4},"end":{"line":47,"column":31}},{"start":{"line":48,"column":4},"end":{"line":49,"column":58}},{"start":{"line":50,"column":4},"end":{"line":51,"column":55}},{"start":{"line":52,"column":4},"end":{"line":53,"column":19}}],"line":45},"4":{"loc":{"start":{"line":57,"column":35},"end":{"line":57,"column":55}},"type":"default-arg","locations":[{"start":{"line":57,"column":43},"end":{"line":57,"column":55}}],"line":57},"5":{"loc":{"start":{"line":58,"column":2},"end":{"line":69,"column":3}},"type":"switch","locations":[{"start":{"line":59,"column":4},"end":{"line":60,"column":41}},{"start":{"line":61,"column":4},"end":{"line":62,"column":54}},{"start":{"line":63,"column":4},"end":{"line":64,"column":55}},{"start":{"line":65,"column":4},"end":{"line":66,"column":26}},{"start":{"line":67,"column":4},"end":{"line":68,"column":19}}],"line":58},"6":{"loc":{"start":{"line":72,"column":41},"end":{"line":72,"column":51}},"type":"default-arg","locations":[{"start":{"line":72,"column":49},"end":{"line":72,"column":51}}],"line":72},"7":{"loc":{"start":{"line":73,"column":2},"end":{"line":82,"column":3}},"type":"switch","locations":[{"start":{"line":74,"column":4},"end":{"line":75,"column":31}},{"start":{"line":76,"column":4},"end":{"line":77,"column":73}},{"start":{"line":78,"column":4},"end":{"line":79,"column":55}},{"start":{"line":80,"column":4},"end":{"line":81,"column":19}}],"line":73},"8":{"loc":{"start":{"line":85,"column":32},"end":{"line":85,"column":53}},"type":"default-arg","locations":[{"start":{"line":85,"column":40},"end":{"line":85,"column":53}}],"line":85},"9":{"loc":{"start":{"line":86,"column":2},"end":{"line":97,"column":3}},"type":"switch","locations":[{"start":{"line":87,"column":4},"end":{"line":88,"column":31}},{"start":{"line":89,"column":4},"end":{"line":90,"column":55}},{"start":{"line":91,"column":4},"end":{"line":92,"column":55}},{"start":{"line":93,"column":4},"end":{"line":94,"column":27}},{"start":{"line":95,"column":4},"end":{"line":96,"column":19}}],"line":86},"10":{"loc":{"start":{"line":100,"column":34},"end":{"line":100,"column":44}},"type":"default-arg","locations":[{"start":{"line":100,"column":42},"end":{"line":100,"column":44}}],"line":100},"11":{"loc":{"start":{"line":101,"column":2},"end":{"line":110,"column":3}},"type":"switch","locations":[{"start":{"line":102,"column":4},"end":{"line":103,"column":31}},{"start":{"line":104,"column":4},"end":{"line":105,"column":47}},{"start":{"line":106,"column":4},"end":{"line":107,"column":55}},{"start":{"line":108,"column":4},"end":{"line":109,"column":19}}],"line":101},"12":{"loc":{"start":{"line":113,"column":34},"end":{"line":113,"column":54}},"type":"default-arg","locations":[{"start":{"line":113,"column":42},"end":{"line":113,"column":54}}],"line":113},"13":{"loc":{"start":{"line":114,"column":2},"end":{"line":127,"column":3}},"type":"switch","locations":[{"start":{"line":115,"column":4},"end":{"line":116,"column":31}},{"start":{"line":117,"column":4},"end":{"line":118,"column":47}},{"start":{"line":119,"column":4},"end":{"line":120,"column":55}},{"start":{"line":121,"column":4},"end":{"line":124,"column":8}},{"start":{"line":125,"column":4},"end":{"line":126,"column":19}}],"line":114}},"s":{"0":0,"1":0,"2":0,"3":0,"4":0,"5":0,"6":0,"7":0,"8":0,"9":0,"10":0,"11":0,"12":0,"13":0,"14":0,"15":0,"16":0,"17":0,"18":0,"19":0,"20":0,"21":0,"22":0,"23":0,"24":0,"25":0,"26":0,"27":0,"28":0,"29":0,"30":0,"31":0,"32":0,"33":0,"34":0,"35":0,"36":0,"37":0,"38":0,"39":0,"40":0,"41":0,"42":0,"43":0,"44":0,"45":0},"f":{"0":0,"1":0,"2":0,"3":0,"4":0,"5":0,"6":0},"b":{"0":[0],"1":[0,0,0,0,0],"2":[0],"3":[0,0,0,0],"4":[0],"5":[0,0,0,0,0],"6":[0],"7":[0,0,0,0],"8":[0],"9":[0,0,0,0,0],"10":[0],"11":[0,0,0,0],"12":[0],"13":[0,0,0,0,0]},"hash":"498a17b7befcece81e5d19cc9798151dd978ce5a"}
}
