{"/Users/dziugaspeciulevicius/dev/eds-store/eds-store-mern/frontend/src/App.js": {"path":"/Users/dziugaspeciulevicius/dev/eds-store/eds-store-mern/frontend/src/App.js","statementMap":{"0":{"start":{"line":22,"column":12},"end":{"line":88,"column":1}},"1":{"start":{"line":23,"column":2},"end":{"line":87,"column":4}}},"fnMap":{"0":{"name":"(anonymous_0)","decl":{"start":{"line":22,"column":12},"end":{"line":22,"column":13}},"loc":{"start":{"line":22,"column":18},"end":{"line":88,"column":1}},"line":22}},"branchMap":{},"s":{"0":1,"1":1},"f":{"0":1},"b":{},"_coverageSchema":"43e27e138ebf9cfc5966b082cf9a028302ed4184","hash":"058143995e031cc9bfba4435329b56fa4b384bf8"}
,"/Users/dziugaspeciulevicius/dev/eds-store/eds-store-mern/frontend/src/store.js": {"path":"/Users/dziugaspeciulevicius/dev/eds-store/eds-store-mern/frontend/src/store.js","statementMap":{"0":{"start":{"line":31,"column":16},"end":{"line":52,"column":2}},"1":{"start":{"line":54,"column":29},"end":{"line":56,"column":6}},"2":{"start":{"line":58,"column":28},"end":{"line":60,"column":8}},"3":{"start":{"line":62,"column":35},"end":{"line":64,"column":6}},"4":{"start":{"line":66,"column":33},"end":{"line":68,"column":6}},"5":{"start":{"line":70,"column":21},"end":{"line":77,"column":1}},"6":{"start":{"line":79,"column":19},"end":{"line":79,"column":26}},"7":{"start":{"line":81,"column":14},"end":{"line":85,"column":1}}},"fnMap":{},"branchMap":{"0":{"loc":{"start":{"line":54,"column":29},"end":{"line":56,"column":6}},"type":"cond-expr","locations":[{"start":{"line":55,"column":4},"end":{"line":55,"column":49}},{"start":{"line":56,"column":4},"end":{"line":56,"column":6}}],"line":54},"1":{"loc":{"start":{"line":58,"column":28},"end":{"line":60,"column":8}},"type":"cond-expr","locations":[{"start":{"line":59,"column":4},"end":{"line":59,"column":48}},{"start":{"line":60,"column":4},"end":{"line":60,"column":8}}],"line":58},"2":{"loc":{"start":{"line":62,"column":35},"end":{"line":64,"column":6}},"type":"cond-expr","locations":[{"start":{"line":63,"column":4},"end":{"line":63,"column":55}},{"start":{"line":64,"column":4},"end":{"line":64,"column":6}}],"line":62},"3":{"loc":{"start":{"line":66,"column":33},"end":{"line":68,"column":6}},"type":"cond-expr","locations":[{"start":{"line":67,"column":4},"end":{"line":67,"column":53}},{"start":{"line":68,"column":4},"end":{"line":68,"column":6}}],"line":66}},"s":{"0":0,"1":0,"2":0,"3":0,"4":0,"5":0,"6":0,"7":0},"f":{},"b":{"0":[0,0],"1":[0,0],"2":[0,0],"3":[0,0]},"hash":"a7c8a07dd2242c305f9d5466f33f1f2d1bdfb40e"}
,"/Users/dziugaspeciulevicius/dev/eds-store/eds-store-mern/frontend/src/theme.ts": {"path":"/Users/dziugaspeciulevicius/dev/eds-store/eds-store-mern/frontend/src/theme.ts","statementMap":{"0":{"start":{"line":4,"column":14},"end":{"line":16,"column":2}}},"fnMap":{},"branchMap":{},"s":{"0":0},"f":{},"b":{},"hash":"4922bedab3532e7a8a87ecbd0b920b6e4e008e53"}
,"/Users/dziugaspeciulevicius/dev/eds-store/eds-store-mern/frontend/src/actions/cartActions.js": {"path":"/Users/dziugaspeciulevicius/dev/eds-store/eds-store-mern/frontend/src/actions/cartActions.js","statementMap":{"0":{"start":{"line":9,"column":25},"end":{"line":26,"column":1}},"1":{"start":{"line":9,"column":38},"end":{"line":26,"column":1}},"2":{"start":{"line":10,"column":19},"end":{"line":10,"column":57}},"3":{"start":{"line":12,"column":2},"end":{"line":22,"column":5}},"4":{"start":{"line":25,"column":2},"end":{"line":25,"column":79}},"5":{"start":{"line":28,"column":30},"end":{"line":34,"column":1}},"6":{"start":{"line":28,"column":38},"end":{"line":34,"column":1}},"7":{"start":{"line":29,"column":2},"end":{"line":32,"column":5}},"8":{"start":{"line":33,"column":2},"end":{"line":33,"column":79}},"9":{"start":{"line":36,"column":35},"end":{"line":42,"column":1}},"10":{"start":{"line":36,"column":45},"end":{"line":42,"column":1}},"11":{"start":{"line":37,"column":2},"end":{"line":40,"column":5}},"12":{"start":{"line":41,"column":2},"end":{"line":41,"column":64}},"13":{"start":{"line":44,"column":33},"end":{"line":50,"column":1}},"14":{"start":{"line":44,"column":43},"end":{"line":50,"column":1}},"15":{"start":{"line":45,"column":2},"end":{"line":48,"column":5}},"16":{"start":{"line":49,"column":2},"end":{"line":49,"column":62}}},"fnMap":{"0":{"name":"(anonymous_0)","decl":{"start":{"line":9,"column":25},"end":{"line":9,"column":26}},"loc":{"start":{"line":9,"column":38},"end":{"line":26,"column":1}},"line":9},"1":{"name":"(anonymous_1)","decl":{"start":{"line":9,"column":38},"end":{"line":9,"column":39}},"loc":{"start":{"line":9,"column":68},"end":{"line":26,"column":1}},"line":9},"2":{"name":"(anonymous_2)","decl":{"start":{"line":28,"column":30},"end":{"line":28,"column":31}},"loc":{"start":{"line":28,"column":38},"end":{"line":34,"column":1}},"line":28},"3":{"name":"(anonymous_3)","decl":{"start":{"line":28,"column":38},"end":{"line":28,"column":39}},"loc":{"start":{"line":28,"column":62},"end":{"line":34,"column":1}},"line":28},"4":{"name":"(anonymous_4)","decl":{"start":{"line":36,"column":35},"end":{"line":36,"column":36}},"loc":{"start":{"line":36,"column":45},"end":{"line":42,"column":1}},"line":36},"5":{"name":"(anonymous_5)","decl":{"start":{"line":36,"column":45},"end":{"line":36,"column":46}},"loc":{"start":{"line":36,"column":59},"end":{"line":42,"column":1}},"line":36},"6":{"name":"(anonymous_6)","decl":{"start":{"line":44,"column":33},"end":{"line":44,"column":34}},"loc":{"start":{"line":44,"column":43},"end":{"line":50,"column":1}},"line":44},"7":{"name":"(anonymous_7)","decl":{"start":{"line":44,"column":43},"end":{"line":44,"column":44}},"loc":{"start":{"line":44,"column":57},"end":{"line":50,"column":1}},"line":44}},"branchMap":{},"s":{"0":4,"1":0,"2":0,"3":0,"4":0,"5":4,"6":0,"7":0,"8":0,"9":4,"10":0,"11":0,"12":0,"13":4,"14":0,"15":0,"16":0},"f":{"0":0,"1":0,"2":0,"3":0,"4":0,"5":0,"6":0,"7":0},"b":{},"_coverageSchema":"43e27e138ebf9cfc5966b082cf9a028302ed4184","hash":"fbfd84e07a860f45bb812fcc9063228708f78a4a"}
,"/Users/dziugaspeciulevicius/dev/eds-store/eds-store-mern/frontend/src/actions/orderActions.js": {"path":"/Users/dziugaspeciulevicius/dev/eds-store/eds-store-mern/frontend/src/actions/orderActions.js","statementMap":{"0":{"start":{"line":5,"column":27},"end":{"line":37,"column":1}},"1":{"start":{"line":5,"column":38},"end":{"line":37,"column":1}},"2":{"start":{"line":6,"column":2},"end":{"line":36,"column":3}},"3":{"start":{"line":7,"column":4},"end":{"line":9,"column":7}},"4":{"start":{"line":13,"column":8},"end":{"line":13,"column":18}},"5":{"start":{"line":15,"column":19},"end":{"line":20,"column":5}},"6":{"start":{"line":22,"column":21},"end":{"line":22,"column":67}},"7":{"start":{"line":24,"column":4},"end":{"line":27,"column":7}},"8":{"start":{"line":29,"column":4},"end":{"line":35,"column":7}},"9":{"start":{"line":39,"column":31},"end":{"line":70,"column":1}},"10":{"start":{"line":39,"column":39},"end":{"line":70,"column":1}},"11":{"start":{"line":40,"column":2},"end":{"line":69,"column":3}},"12":{"start":{"line":41,"column":4},"end":{"line":43,"column":7}},"13":{"start":{"line":47,"column":8},"end":{"line":47,"column":18}},"14":{"start":{"line":49,"column":19},"end":{"line":53,"column":5}},"15":{"start":{"line":55,"column":21},"end":{"line":55,"column":65}},"16":{"start":{"line":57,"column":4},"end":{"line":60,"column":7}},"17":{"start":{"line":62,"column":4},"end":{"line":68,"column":7}},"18":{"start":{"line":73,"column":2},"end":{"line":109,"column":3}},"19":{"start":{"line":73,"column":30},"end":{"line":109,"column":3}},"20":{"start":{"line":74,"column":4},"end":{"line":108,"column":5}},"21":{"start":{"line":75,"column":6},"end":{"line":77,"column":9}},"22":{"start":{"line":81,"column":10},"end":{"line":81,"column":20}},"23":{"start":{"line":83,"column":21},"end":{"line":88,"column":7}},"24":{"start":{"line":90,"column":23},"end":{"line":94,"column":7}},"25":{"start":{"line":96,"column":6},"end":{"line":99,"column":9}},"26":{"start":{"line":101,"column":6},"end":{"line":107,"column":9}},"27":{"start":{"line":111,"column":28},"end":{"line":150,"column":1}},"28":{"start":{"line":111,"column":39},"end":{"line":150,"column":1}},"29":{"start":{"line":112,"column":2},"end":{"line":149,"column":3}},"30":{"start":{"line":113,"column":4},"end":{"line":115,"column":7}},"31":{"start":{"line":119,"column":8},"end":{"line":119,"column":18}},"32":{"start":{"line":121,"column":19},"end":{"line":125,"column":5}},"33":{"start":{"line":127,"column":21},"end":{"line":131,"column":5}},"34":{"start":{"line":133,"column":4},"end":{"line":136,"column":7}},"35":{"start":{"line":139,"column":6},"end":{"line":141,"column":23}},"36":{"start":{"line":142,"column":4},"end":{"line":144,"column":5}},"37":{"start":{"line":143,"column":6},"end":{"line":143,"column":25}},"38":{"start":{"line":145,"column":4},"end":{"line":148,"column":7}},"39":{"start":{"line":152,"column":28},"end":{"line":183,"column":1}},"40":{"start":{"line":152,"column":34},"end":{"line":183,"column":1}},"41":{"start":{"line":153,"column":2},"end":{"line":182,"column":3}},"42":{"start":{"line":154,"column":4},"end":{"line":156,"column":7}},"43":{"start":{"line":160,"column":8},"end":{"line":160,"column":18}},"44":{"start":{"line":162,"column":19},"end":{"line":166,"column":5}},"45":{"start":{"line":168,"column":21},"end":{"line":168,"column":68}},"46":{"start":{"line":170,"column":4},"end":{"line":173,"column":7}},"47":{"start":{"line":175,"column":4},"end":{"line":181,"column":7}},"48":{"start":{"line":185,"column":26},"end":{"line":216,"column":1}},"49":{"start":{"line":185,"column":32},"end":{"line":216,"column":1}},"50":{"start":{"line":186,"column":2},"end":{"line":215,"column":3}},"51":{"start":{"line":187,"column":4},"end":{"line":189,"column":7}},"52":{"start":{"line":193,"column":8},"end":{"line":193,"column":18}},"53":{"start":{"line":195,"column":19},"end":{"line":199,"column":5}},"54":{"start":{"line":201,"column":21},"end":{"line":201,"column":59}},"55":{"start":{"line":203,"column":4},"end":{"line":206,"column":7}},"56":{"start":{"line":208,"column":4},"end":{"line":214,"column":7}}},"fnMap":{"0":{"name":"(anonymous_0)","decl":{"start":{"line":5,"column":27},"end":{"line":5,"column":28}},"loc":{"start":{"line":5,"column":38},"end":{"line":37,"column":1}},"line":5},"1":{"name":"(anonymous_1)","decl":{"start":{"line":5,"column":38},"end":{"line":5,"column":39}},"loc":{"start":{"line":5,"column":68},"end":{"line":37,"column":1}},"line":5},"2":{"name":"(anonymous_2)","decl":{"start":{"line":39,"column":31},"end":{"line":39,"column":32}},"loc":{"start":{"line":39,"column":39},"end":{"line":70,"column":1}},"line":39},"3":{"name":"(anonymous_3)","decl":{"start":{"line":39,"column":39},"end":{"line":39,"column":40}},"loc":{"start":{"line":39,"column":69},"end":{"line":70,"column":1}},"line":39},"4":{"name":"(anonymous_4)","decl":{"start":{"line":73,"column":2},"end":{"line":73,"column":3}},"loc":{"start":{"line":73,"column":30},"end":{"line":109,"column":3}},"line":73},"5":{"name":"(anonymous_5)","decl":{"start":{"line":73,"column":30},"end":{"line":73,"column":31}},"loc":{"start":{"line":73,"column":60},"end":{"line":109,"column":3}},"line":73},"6":{"name":"(anonymous_6)","decl":{"start":{"line":111,"column":28},"end":{"line":111,"column":29}},"loc":{"start":{"line":111,"column":39},"end":{"line":150,"column":1}},"line":111},"7":{"name":"(anonymous_7)","decl":{"start":{"line":111,"column":39},"end":{"line":111,"column":40}},"loc":{"start":{"line":111,"column":69},"end":{"line":150,"column":1}},"line":111},"8":{"name":"(anonymous_8)","decl":{"start":{"line":152,"column":28},"end":{"line":152,"column":29}},"loc":{"start":{"line":152,"column":34},"end":{"line":183,"column":1}},"line":152},"9":{"name":"(anonymous_9)","decl":{"start":{"line":152,"column":34},"end":{"line":152,"column":35}},"loc":{"start":{"line":152,"column":64},"end":{"line":183,"column":1}},"line":152},"10":{"name":"(anonymous_10)","decl":{"start":{"line":185,"column":26},"end":{"line":185,"column":27}},"loc":{"start":{"line":185,"column":32},"end":{"line":216,"column":1}},"line":185},"11":{"name":"(anonymous_11)","decl":{"start":{"line":185,"column":32},"end":{"line":185,"column":33}},"loc":{"start":{"line":185,"column":62},"end":{"line":216,"column":1}},"line":185}},"branchMap":{"0":{"loc":{"start":{"line":32,"column":8},"end":{"line":34,"column":25}},"type":"cond-expr","locations":[{"start":{"line":33,"column":12},"end":{"line":33,"column":39}},{"start":{"line":34,"column":12},"end":{"line":34,"column":25}}],"line":32},"1":{"loc":{"start":{"line":32,"column":8},"end":{"line":32,"column":53}},"type":"binary-expr","locations":[{"start":{"line":32,"column":8},"end":{"line":32,"column":22}},{"start":{"line":32,"column":26},"end":{"line":32,"column":53}}],"line":32},"2":{"loc":{"start":{"line":65,"column":8},"end":{"line":67,"column":25}},"type":"cond-expr","locations":[{"start":{"line":66,"column":12},"end":{"line":66,"column":39}},{"start":{"line":67,"column":12},"end":{"line":67,"column":25}}],"line":65},"3":{"loc":{"start":{"line":65,"column":8},"end":{"line":65,"column":53}},"type":"binary-expr","locations":[{"start":{"line":65,"column":8},"end":{"line":65,"column":22}},{"start":{"line":65,"column":26},"end":{"line":65,"column":53}}],"line":65},"4":{"loc":{"start":{"line":104,"column":10},"end":{"line":106,"column":27}},"type":"cond-expr","locations":[{"start":{"line":105,"column":14},"end":{"line":105,"column":41}},{"start":{"line":106,"column":14},"end":{"line":106,"column":27}}],"line":104},"5":{"loc":{"start":{"line":104,"column":10},"end":{"line":104,"column":55}},"type":"binary-expr","locations":[{"start":{"line":104,"column":10},"end":{"line":104,"column":24}},{"start":{"line":104,"column":28},"end":{"line":104,"column":55}}],"line":104},"6":{"loc":{"start":{"line":139,"column":6},"end":{"line":141,"column":23}},"type":"cond-expr","locations":[{"start":{"line":140,"column":10},"end":{"line":140,"column":37}},{"start":{"line":141,"column":10},"end":{"line":141,"column":23}}],"line":139},"7":{"loc":{"start":{"line":139,"column":6},"end":{"line":139,"column":51}},"type":"binary-expr","locations":[{"start":{"line":139,"column":6},"end":{"line":139,"column":20}},{"start":{"line":139,"column":24},"end":{"line":139,"column":51}}],"line":139},"8":{"loc":{"start":{"line":142,"column":4},"end":{"line":144,"column":5}},"type":"if","locations":[{"start":{"line":142,"column":4},"end":{"line":144,"column":5}},{"start":{"line":142,"column":4},"end":{"line":144,"column":5}}],"line":142},"9":{"loc":{"start":{"line":178,"column":8},"end":{"line":180,"column":25}},"type":"cond-expr","locations":[{"start":{"line":179,"column":12},"end":{"line":179,"column":39}},{"start":{"line":180,"column":12},"end":{"line":180,"column":25}}],"line":178},"10":{"loc":{"start":{"line":178,"column":8},"end":{"line":178,"column":53}},"type":"binary-expr","locations":[{"start":{"line":178,"column":8},"end":{"line":178,"column":22}},{"start":{"line":178,"column":26},"end":{"line":178,"column":53}}],"line":178},"11":{"loc":{"start":{"line":211,"column":8},"end":{"line":213,"column":25}},"type":"cond-expr","locations":[{"start":{"line":212,"column":12},"end":{"line":212,"column":39}},{"start":{"line":213,"column":12},"end":{"line":213,"column":25}}],"line":211},"12":{"loc":{"start":{"line":211,"column":8},"end":{"line":211,"column":53}},"type":"binary-expr","locations":[{"start":{"line":211,"column":8},"end":{"line":211,"column":22}},{"start":{"line":211,"column":26},"end":{"line":211,"column":53}}],"line":211}},"s":{"0":6,"1":0,"2":0,"3":0,"4":0,"5":0,"6":0,"7":0,"8":0,"9":6,"10":0,"11":0,"12":0,"13":0,"14":0,"15":0,"16":0,"17":0,"18":6,"19":0,"20":0,"21":0,"22":0,"23":0,"24":0,"25":0,"26":0,"27":6,"28":0,"29":0,"30":0,"31":0,"32":0,"33":0,"34":0,"35":0,"36":0,"37":0,"38":0,"39":6,"40":0,"41":0,"42":0,"43":0,"44":0,"45":0,"46":0,"47":0,"48":6,"49":0,"50":0,"51":0,"52":0,"53":0,"54":0,"55":0,"56":0},"f":{"0":0,"1":0,"2":0,"3":0,"4":0,"5":0,"6":0,"7":0,"8":0,"9":0,"10":0,"11":0},"b":{"0":[0,0],"1":[0,0],"2":[0,0],"3":[0,0],"4":[0,0],"5":[0,0],"6":[0,0],"7":[0,0],"8":[0,0],"9":[0,0],"10":[0,0],"11":[0,0],"12":[0,0]},"_coverageSchema":"43e27e138ebf9cfc5966b082cf9a028302ed4184","hash":"11c3f6f100cf0d95251125c05f8bdebf31b294d8"}
,"/Users/dziugaspeciulevicius/dev/eds-store/eds-store-mern/frontend/src/actions/productActions.js": {"path":"/Users/dziugaspeciulevicius/dev/eds-store/eds-store-mern/frontend/src/actions/productActions.js","statementMap":{"0":{"start":{"line":5,"column":2},"end":{"line":27,"column":3}},"1":{"start":{"line":6,"column":2},"end":{"line":27,"column":3}},"2":{"start":{"line":7,"column":4},"end":{"line":26,"column":5}},"3":{"start":{"line":8,"column":6},"end":{"line":8,"column":64}},"4":{"start":{"line":10,"column":23},"end":{"line":12,"column":7}},"5":{"start":{"line":14,"column":6},"end":{"line":17,"column":9}},"6":{"start":{"line":19,"column":6},"end":{"line":25,"column":9}},"7":{"start":{"line":29,"column":34},"end":{"line":48,"column":1}},"8":{"start":{"line":29,"column":42},"end":{"line":48,"column":1}},"9":{"start":{"line":30,"column":2},"end":{"line":47,"column":3}},"10":{"start":{"line":31,"column":4},"end":{"line":31,"column":65}},"11":{"start":{"line":33,"column":21},"end":{"line":33,"column":59}},"12":{"start":{"line":35,"column":4},"end":{"line":38,"column":7}},"13":{"start":{"line":40,"column":4},"end":{"line":46,"column":7}},"14":{"start":{"line":50,"column":29},"end":{"line":80,"column":1}},"15":{"start":{"line":50,"column":37},"end":{"line":80,"column":1}},"16":{"start":{"line":51,"column":2},"end":{"line":79,"column":3}},"17":{"start":{"line":52,"column":4},"end":{"line":54,"column":7}},"18":{"start":{"line":58,"column":8},"end":{"line":58,"column":18}},"19":{"start":{"line":60,"column":19},"end":{"line":64,"column":5}},"20":{"start":{"line":66,"column":4},"end":{"line":66,"column":54}},"21":{"start":{"line":68,"column":4},"end":{"line":70,"column":7}},"22":{"start":{"line":72,"column":4},"end":{"line":78,"column":7}},"23":{"start":{"line":82,"column":29},"end":{"line":113,"column":1}},"24":{"start":{"line":82,"column":35},"end":{"line":113,"column":1}},"25":{"start":{"line":83,"column":2},"end":{"line":112,"column":3}},"26":{"start":{"line":84,"column":4},"end":{"line":86,"column":7}},"27":{"start":{"line":90,"column":8},"end":{"line":90,"column":18}},"28":{"start":{"line":92,"column":19},"end":{"line":96,"column":5}},"29":{"start":{"line":98,"column":21},"end":{"line":98,"column":66}},"30":{"start":{"line":100,"column":4},"end":{"line":103,"column":7}},"31":{"start":{"line":105,"column":4},"end":{"line":111,"column":7}},"32":{"start":{"line":115,"column":29},"end":{"line":153,"column":1}},"33":{"start":{"line":115,"column":42},"end":{"line":153,"column":1}},"34":{"start":{"line":116,"column":2},"end":{"line":152,"column":3}},"35":{"start":{"line":117,"column":4},"end":{"line":119,"column":7}},"36":{"start":{"line":123,"column":8},"end":{"line":123,"column":18}},"37":{"start":{"line":125,"column":19},"end":{"line":130,"column":5}},"38":{"start":{"line":132,"column":21},"end":{"line":136,"column":5}},"39":{"start":{"line":138,"column":4},"end":{"line":141,"column":7}},"40":{"start":{"line":143,"column":4},"end":{"line":143,"column":80}},"41":{"start":{"line":145,"column":4},"end":{"line":151,"column":7}},"42":{"start":{"line":156,"column":2},"end":{"line":187,"column":3}},"43":{"start":{"line":156,"column":25},"end":{"line":187,"column":3}},"44":{"start":{"line":157,"column":4},"end":{"line":186,"column":5}},"45":{"start":{"line":158,"column":6},"end":{"line":160,"column":9}},"46":{"start":{"line":164,"column":10},"end":{"line":164,"column":20}},"47":{"start":{"line":166,"column":21},"end":{"line":171,"column":7}},"48":{"start":{"line":173,"column":6},"end":{"line":173,"column":77}},"49":{"start":{"line":175,"column":6},"end":{"line":177,"column":9}},"50":{"start":{"line":179,"column":6},"end":{"line":185,"column":9}}},"fnMap":{"0":{"name":"(anonymous_0)","decl":{"start":{"line":5,"column":2},"end":{"line":5,"column":3}},"loc":{"start":{"line":6,"column":2},"end":{"line":27,"column":3}},"line":6},"1":{"name":"(anonymous_1)","decl":{"start":{"line":6,"column":2},"end":{"line":6,"column":3}},"loc":{"start":{"line":6,"column":22},"end":{"line":27,"column":3}},"line":6},"2":{"name":"(anonymous_2)","decl":{"start":{"line":29,"column":34},"end":{"line":29,"column":35}},"loc":{"start":{"line":29,"column":42},"end":{"line":48,"column":1}},"line":29},"3":{"name":"(anonymous_3)","decl":{"start":{"line":29,"column":42},"end":{"line":29,"column":43}},"loc":{"start":{"line":29,"column":62},"end":{"line":48,"column":1}},"line":29},"4":{"name":"(anonymous_4)","decl":{"start":{"line":50,"column":29},"end":{"line":50,"column":30}},"loc":{"start":{"line":50,"column":37},"end":{"line":80,"column":1}},"line":50},"5":{"name":"(anonymous_5)","decl":{"start":{"line":50,"column":37},"end":{"line":50,"column":38}},"loc":{"start":{"line":50,"column":67},"end":{"line":80,"column":1}},"line":50},"6":{"name":"(anonymous_6)","decl":{"start":{"line":82,"column":29},"end":{"line":82,"column":30}},"loc":{"start":{"line":82,"column":35},"end":{"line":113,"column":1}},"line":82},"7":{"name":"(anonymous_7)","decl":{"start":{"line":82,"column":35},"end":{"line":82,"column":36}},"loc":{"start":{"line":82,"column":65},"end":{"line":113,"column":1}},"line":82},"8":{"name":"(anonymous_8)","decl":{"start":{"line":115,"column":29},"end":{"line":115,"column":30}},"loc":{"start":{"line":115,"column":42},"end":{"line":153,"column":1}},"line":115},"9":{"name":"(anonymous_9)","decl":{"start":{"line":115,"column":42},"end":{"line":115,"column":43}},"loc":{"start":{"line":115,"column":72},"end":{"line":153,"column":1}},"line":115},"10":{"name":"(anonymous_10)","decl":{"start":{"line":156,"column":2},"end":{"line":156,"column":3}},"loc":{"start":{"line":156,"column":25},"end":{"line":187,"column":3}},"line":156},"11":{"name":"(anonymous_11)","decl":{"start":{"line":156,"column":25},"end":{"line":156,"column":26}},"loc":{"start":{"line":156,"column":55},"end":{"line":187,"column":3}},"line":156}},"branchMap":{"0":{"loc":{"start":{"line":5,"column":3},"end":{"line":5,"column":15}},"type":"default-arg","locations":[{"start":{"line":5,"column":13},"end":{"line":5,"column":15}}],"line":5},"1":{"loc":{"start":{"line":5,"column":17},"end":{"line":5,"column":32}},"type":"default-arg","locations":[{"start":{"line":5,"column":30},"end":{"line":5,"column":32}}],"line":5},"2":{"loc":{"start":{"line":22,"column":10},"end":{"line":24,"column":27}},"type":"cond-expr","locations":[{"start":{"line":23,"column":14},"end":{"line":23,"column":41}},{"start":{"line":24,"column":14},"end":{"line":24,"column":27}}],"line":22},"3":{"loc":{"start":{"line":22,"column":10},"end":{"line":22,"column":55}},"type":"binary-expr","locations":[{"start":{"line":22,"column":10},"end":{"line":22,"column":24}},{"start":{"line":22,"column":28},"end":{"line":22,"column":55}}],"line":22},"4":{"loc":{"start":{"line":43,"column":8},"end":{"line":45,"column":25}},"type":"cond-expr","locations":[{"start":{"line":44,"column":12},"end":{"line":44,"column":39}},{"start":{"line":45,"column":12},"end":{"line":45,"column":25}}],"line":43},"5":{"loc":{"start":{"line":43,"column":8},"end":{"line":43,"column":53}},"type":"binary-expr","locations":[{"start":{"line":43,"column":8},"end":{"line":43,"column":22}},{"start":{"line":43,"column":26},"end":{"line":43,"column":53}}],"line":43},"6":{"loc":{"start":{"line":75,"column":8},"end":{"line":77,"column":25}},"type":"cond-expr","locations":[{"start":{"line":76,"column":12},"end":{"line":76,"column":39}},{"start":{"line":77,"column":12},"end":{"line":77,"column":25}}],"line":75},"7":{"loc":{"start":{"line":75,"column":8},"end":{"line":75,"column":53}},"type":"binary-expr","locations":[{"start":{"line":75,"column":8},"end":{"line":75,"column":22}},{"start":{"line":75,"column":26},"end":{"line":75,"column":53}}],"line":75},"8":{"loc":{"start":{"line":108,"column":8},"end":{"line":110,"column":25}},"type":"cond-expr","locations":[{"start":{"line":109,"column":12},"end":{"line":109,"column":39}},{"start":{"line":110,"column":12},"end":{"line":110,"column":25}}],"line":108},"9":{"loc":{"start":{"line":108,"column":8},"end":{"line":108,"column":53}},"type":"binary-expr","locations":[{"start":{"line":108,"column":8},"end":{"line":108,"column":22}},{"start":{"line":108,"column":26},"end":{"line":108,"column":53}}],"line":108},"10":{"loc":{"start":{"line":148,"column":8},"end":{"line":150,"column":25}},"type":"cond-expr","locations":[{"start":{"line":149,"column":12},"end":{"line":149,"column":39}},{"start":{"line":150,"column":12},"end":{"line":150,"column":25}}],"line":148},"11":{"loc":{"start":{"line":148,"column":8},"end":{"line":148,"column":53}},"type":"binary-expr","locations":[{"start":{"line":148,"column":8},"end":{"line":148,"column":22}},{"start":{"line":148,"column":26},"end":{"line":148,"column":53}}],"line":148},"12":{"loc":{"start":{"line":182,"column":10},"end":{"line":184,"column":27}},"type":"cond-expr","locations":[{"start":{"line":183,"column":14},"end":{"line":183,"column":41}},{"start":{"line":184,"column":14},"end":{"line":184,"column":27}}],"line":182},"13":{"loc":{"start":{"line":182,"column":10},"end":{"line":182,"column":55}},"type":"binary-expr","locations":[{"start":{"line":182,"column":10},"end":{"line":182,"column":24}},{"start":{"line":182,"column":28},"end":{"line":182,"column":55}}],"line":182}},"s":{"0":7,"1":0,"2":0,"3":0,"4":0,"5":0,"6":0,"7":7,"8":0,"9":0,"10":0,"11":0,"12":0,"13":0,"14":7,"15":0,"16":0,"17":0,"18":0,"19":0,"20":0,"21":0,"22":0,"23":7,"24":0,"25":0,"26":0,"27":0,"28":0,"29":0,"30":0,"31":0,"32":7,"33":0,"34":0,"35":0,"36":0,"37":0,"38":0,"39":0,"40":0,"41":0,"42":7,"43":0,"44":0,"45":0,"46":0,"47":0,"48":0,"49":0,"50":0},"f":{"0":0,"1":0,"2":0,"3":0,"4":0,"5":0,"6":0,"7":0,"8":0,"9":0,"10":0,"11":0},"b":{"0":[0],"1":[0],"2":[0,0],"3":[0,0],"4":[0,0],"5":[0,0],"6":[0,0],"7":[0,0],"8":[0,0],"9":[0,0],"10":[0,0],"11":[0,0],"12":[0,0],"13":[0,0]},"_coverageSchema":"43e27e138ebf9cfc5966b082cf9a028302ed4184","hash":"7bb042f9d73945bc9b0b8e2b6b640a7927e6421c"}
,"/Users/dziugaspeciulevicius/dev/eds-store/eds-store-mern/frontend/src/actions/userActions.js": {"path":"/Users/dziugaspeciulevicius/dev/eds-store/eds-store-mern/frontend/src/actions/userActions.js","statementMap":{"0":{"start":{"line":5,"column":21},"end":{"line":38,"column":1}},"1":{"start":{"line":5,"column":42},"end":{"line":38,"column":1}},"2":{"start":{"line":6,"column":2},"end":{"line":37,"column":3}},"3":{"start":{"line":7,"column":4},"end":{"line":9,"column":7}},"4":{"start":{"line":11,"column":19},"end":{"line":15,"column":5}},"5":{"start":{"line":17,"column":21},"end":{"line":21,"column":5}},"6":{"start":{"line":23,"column":4},"end":{"line":26,"column":7}},"7":{"start":{"line":28,"column":4},"end":{"line":28,"column":59}},"8":{"start":{"line":30,"column":4},"end":{"line":36,"column":7}},"9":{"start":{"line":40,"column":22},"end":{"line":46,"column":1}},"10":{"start":{"line":40,"column":28},"end":{"line":46,"column":1}},"11":{"start":{"line":41,"column":2},"end":{"line":41,"column":38}},"12":{"start":{"line":42,"column":2},"end":{"line":42,"column":48}},"13":{"start":{"line":43,"column":2},"end":{"line":43,"column":55}},"14":{"start":{"line":44,"column":2},"end":{"line":44,"column":42}},"15":{"start":{"line":45,"column":2},"end":{"line":45,"column":52}},"16":{"start":{"line":48,"column":24},"end":{"line":86,"column":1}},"17":{"start":{"line":48,"column":51},"end":{"line":86,"column":1}},"18":{"start":{"line":49,"column":2},"end":{"line":85,"column":3}},"19":{"start":{"line":50,"column":4},"end":{"line":52,"column":7}},"20":{"start":{"line":54,"column":19},"end":{"line":58,"column":5}},"21":{"start":{"line":60,"column":21},"end":{"line":64,"column":5}},"22":{"start":{"line":66,"column":4},"end":{"line":69,"column":7}},"23":{"start":{"line":71,"column":4},"end":{"line":74,"column":7}},"24":{"start":{"line":76,"column":4},"end":{"line":76,"column":59}},"25":{"start":{"line":78,"column":4},"end":{"line":84,"column":7}},"26":{"start":{"line":88,"column":30},"end":{"line":120,"column":1}},"27":{"start":{"line":88,"column":38},"end":{"line":120,"column":1}},"28":{"start":{"line":89,"column":2},"end":{"line":119,"column":3}},"29":{"start":{"line":90,"column":4},"end":{"line":92,"column":7}},"30":{"start":{"line":96,"column":8},"end":{"line":96,"column":18}},"31":{"start":{"line":98,"column":19},"end":{"line":103,"column":5}},"32":{"start":{"line":105,"column":21},"end":{"line":105,"column":64}},"33":{"start":{"line":107,"column":4},"end":{"line":110,"column":7}},"34":{"start":{"line":112,"column":4},"end":{"line":118,"column":7}},"35":{"start":{"line":122,"column":33},"end":{"line":154,"column":1}},"36":{"start":{"line":122,"column":43},"end":{"line":154,"column":1}},"37":{"start":{"line":123,"column":2},"end":{"line":153,"column":3}},"38":{"start":{"line":124,"column":4},"end":{"line":126,"column":7}},"39":{"start":{"line":130,"column":8},"end":{"line":130,"column":18}},"40":{"start":{"line":132,"column":19},"end":{"line":137,"column":5}},"41":{"start":{"line":139,"column":21},"end":{"line":139,"column":72}},"42":{"start":{"line":141,"column":4},"end":{"line":144,"column":7}},"43":{"start":{"line":146,"column":4},"end":{"line":152,"column":7}},"44":{"start":{"line":156,"column":25},"end":{"line":187,"column":1}},"45":{"start":{"line":156,"column":31},"end":{"line":187,"column":1}},"46":{"start":{"line":157,"column":2},"end":{"line":186,"column":3}},"47":{"start":{"line":158,"column":4},"end":{"line":160,"column":7}},"48":{"start":{"line":164,"column":8},"end":{"line":164,"column":18}},"49":{"start":{"line":166,"column":19},"end":{"line":170,"column":5}},"50":{"start":{"line":172,"column":21},"end":{"line":172,"column":58}},"51":{"start":{"line":174,"column":4},"end":{"line":177,"column":7}},"52":{"start":{"line":179,"column":4},"end":{"line":185,"column":7}},"53":{"start":{"line":189,"column":26},"end":{"line":217,"column":1}},"54":{"start":{"line":189,"column":34},"end":{"line":217,"column":1}},"55":{"start":{"line":190,"column":2},"end":{"line":216,"column":3}},"56":{"start":{"line":191,"column":4},"end":{"line":193,"column":7}},"57":{"start":{"line":197,"column":8},"end":{"line":197,"column":18}},"58":{"start":{"line":199,"column":19},"end":{"line":203,"column":5}},"59":{"start":{"line":205,"column":4},"end":{"line":205,"column":51}},"60":{"start":{"line":207,"column":4},"end":{"line":207,"column":58}},"61":{"start":{"line":209,"column":4},"end":{"line":215,"column":7}},"62":{"start":{"line":219,"column":26},"end":{"line":250,"column":1}},"63":{"start":{"line":219,"column":36},"end":{"line":250,"column":1}},"64":{"start":{"line":220,"column":2},"end":{"line":249,"column":3}},"65":{"start":{"line":221,"column":4},"end":{"line":223,"column":7}},"66":{"start":{"line":227,"column":8},"end":{"line":227,"column":18}},"67":{"start":{"line":229,"column":19},"end":{"line":234,"column":5}},"68":{"start":{"line":236,"column":21},"end":{"line":236,"column":76}},"69":{"start":{"line":238,"column":4},"end":{"line":238,"column":58}},"70":{"start":{"line":239,"column":4},"end":{"line":239,"column":74}},"71":{"start":{"line":240,"column":4},"end":{"line":240,"column":57}},"72":{"start":{"line":242,"column":4},"end":{"line":248,"column":7}}},"fnMap":{"0":{"name":"(anonymous_0)","decl":{"start":{"line":5,"column":21},"end":{"line":5,"column":22}},"loc":{"start":{"line":5,"column":42},"end":{"line":38,"column":1}},"line":5},"1":{"name":"(anonymous_1)","decl":{"start":{"line":5,"column":42},"end":{"line":5,"column":43}},"loc":{"start":{"line":5,"column":62},"end":{"line":38,"column":1}},"line":5},"2":{"name":"(anonymous_2)","decl":{"start":{"line":40,"column":22},"end":{"line":40,"column":23}},"loc":{"start":{"line":40,"column":28},"end":{"line":46,"column":1}},"line":40},"3":{"name":"(anonymous_3)","decl":{"start":{"line":40,"column":28},"end":{"line":40,"column":29}},"loc":{"start":{"line":40,"column":42},"end":{"line":46,"column":1}},"line":40},"4":{"name":"(anonymous_4)","decl":{"start":{"line":48,"column":24},"end":{"line":48,"column":25}},"loc":{"start":{"line":48,"column":51},"end":{"line":86,"column":1}},"line":48},"5":{"name":"(anonymous_5)","decl":{"start":{"line":48,"column":51},"end":{"line":48,"column":52}},"loc":{"start":{"line":48,"column":71},"end":{"line":86,"column":1}},"line":48},"6":{"name":"(anonymous_6)","decl":{"start":{"line":88,"column":30},"end":{"line":88,"column":31}},"loc":{"start":{"line":88,"column":38},"end":{"line":120,"column":1}},"line":88},"7":{"name":"(anonymous_7)","decl":{"start":{"line":88,"column":38},"end":{"line":88,"column":39}},"loc":{"start":{"line":88,"column":68},"end":{"line":120,"column":1}},"line":88},"8":{"name":"(anonymous_8)","decl":{"start":{"line":122,"column":33},"end":{"line":122,"column":34}},"loc":{"start":{"line":122,"column":43},"end":{"line":154,"column":1}},"line":122},"9":{"name":"(anonymous_9)","decl":{"start":{"line":122,"column":43},"end":{"line":122,"column":44}},"loc":{"start":{"line":122,"column":73},"end":{"line":154,"column":1}},"line":122},"10":{"name":"(anonymous_10)","decl":{"start":{"line":156,"column":25},"end":{"line":156,"column":26}},"loc":{"start":{"line":156,"column":31},"end":{"line":187,"column":1}},"line":156},"11":{"name":"(anonymous_11)","decl":{"start":{"line":156,"column":31},"end":{"line":156,"column":32}},"loc":{"start":{"line":156,"column":61},"end":{"line":187,"column":1}},"line":156},"12":{"name":"(anonymous_12)","decl":{"start":{"line":189,"column":26},"end":{"line":189,"column":27}},"loc":{"start":{"line":189,"column":34},"end":{"line":217,"column":1}},"line":189},"13":{"name":"(anonymous_13)","decl":{"start":{"line":189,"column":34},"end":{"line":189,"column":35}},"loc":{"start":{"line":189,"column":64},"end":{"line":217,"column":1}},"line":189},"14":{"name":"(anonymous_14)","decl":{"start":{"line":219,"column":26},"end":{"line":219,"column":27}},"loc":{"start":{"line":219,"column":36},"end":{"line":250,"column":1}},"line":219},"15":{"name":"(anonymous_15)","decl":{"start":{"line":219,"column":36},"end":{"line":219,"column":37}},"loc":{"start":{"line":219,"column":66},"end":{"line":250,"column":1}},"line":219}},"branchMap":{"0":{"loc":{"start":{"line":33,"column":8},"end":{"line":35,"column":25}},"type":"cond-expr","locations":[{"start":{"line":34,"column":12},"end":{"line":34,"column":39}},{"start":{"line":35,"column":12},"end":{"line":35,"column":25}}],"line":33},"1":{"loc":{"start":{"line":33,"column":8},"end":{"line":33,"column":53}},"type":"binary-expr","locations":[{"start":{"line":33,"column":8},"end":{"line":33,"column":22}},{"start":{"line":33,"column":26},"end":{"line":33,"column":53}}],"line":33},"2":{"loc":{"start":{"line":81,"column":8},"end":{"line":83,"column":25}},"type":"cond-expr","locations":[{"start":{"line":82,"column":12},"end":{"line":82,"column":39}},{"start":{"line":83,"column":12},"end":{"line":83,"column":25}}],"line":81},"3":{"loc":{"start":{"line":81,"column":8},"end":{"line":81,"column":53}},"type":"binary-expr","locations":[{"start":{"line":81,"column":8},"end":{"line":81,"column":22}},{"start":{"line":81,"column":26},"end":{"line":81,"column":53}}],"line":81},"4":{"loc":{"start":{"line":115,"column":8},"end":{"line":117,"column":25}},"type":"cond-expr","locations":[{"start":{"line":116,"column":12},"end":{"line":116,"column":39}},{"start":{"line":117,"column":12},"end":{"line":117,"column":25}}],"line":115},"5":{"loc":{"start":{"line":115,"column":8},"end":{"line":115,"column":53}},"type":"binary-expr","locations":[{"start":{"line":115,"column":8},"end":{"line":115,"column":22}},{"start":{"line":115,"column":26},"end":{"line":115,"column":53}}],"line":115},"6":{"loc":{"start":{"line":149,"column":8},"end":{"line":151,"column":25}},"type":"cond-expr","locations":[{"start":{"line":150,"column":12},"end":{"line":150,"column":39}},{"start":{"line":151,"column":12},"end":{"line":151,"column":25}}],"line":149},"7":{"loc":{"start":{"line":149,"column":8},"end":{"line":149,"column":53}},"type":"binary-expr","locations":[{"start":{"line":149,"column":8},"end":{"line":149,"column":22}},{"start":{"line":149,"column":26},"end":{"line":149,"column":53}}],"line":149},"8":{"loc":{"start":{"line":182,"column":8},"end":{"line":184,"column":25}},"type":"cond-expr","locations":[{"start":{"line":183,"column":12},"end":{"line":183,"column":39}},{"start":{"line":184,"column":12},"end":{"line":184,"column":25}}],"line":182},"9":{"loc":{"start":{"line":182,"column":8},"end":{"line":182,"column":53}},"type":"binary-expr","locations":[{"start":{"line":182,"column":8},"end":{"line":182,"column":22}},{"start":{"line":182,"column":26},"end":{"line":182,"column":53}}],"line":182},"10":{"loc":{"start":{"line":212,"column":8},"end":{"line":214,"column":25}},"type":"cond-expr","locations":[{"start":{"line":213,"column":12},"end":{"line":213,"column":39}},{"start":{"line":214,"column":12},"end":{"line":214,"column":25}}],"line":212},"11":{"loc":{"start":{"line":212,"column":8},"end":{"line":212,"column":53}},"type":"binary-expr","locations":[{"start":{"line":212,"column":8},"end":{"line":212,"column":22}},{"start":{"line":212,"column":26},"end":{"line":212,"column":53}}],"line":212},"12":{"loc":{"start":{"line":245,"column":8},"end":{"line":247,"column":25}},"type":"cond-expr","locations":[{"start":{"line":246,"column":12},"end":{"line":246,"column":39}},{"start":{"line":247,"column":12},"end":{"line":247,"column":25}}],"line":245},"13":{"loc":{"start":{"line":245,"column":8},"end":{"line":245,"column":53}},"type":"binary-expr","locations":[{"start":{"line":245,"column":8},"end":{"line":245,"column":22}},{"start":{"line":245,"column":26},"end":{"line":245,"column":53}}],"line":245}},"s":{"0":10,"1":0,"2":0,"3":0,"4":0,"5":0,"6":0,"7":0,"8":0,"9":10,"10":0,"11":0,"12":0,"13":0,"14":0,"15":0,"16":10,"17":0,"18":0,"19":0,"20":0,"21":0,"22":0,"23":0,"24":0,"25":0,"26":10,"27":0,"28":0,"29":0,"30":0,"31":0,"32":0,"33":0,"34":0,"35":10,"36":0,"37":0,"38":0,"39":0,"40":0,"41":0,"42":0,"43":0,"44":10,"45":0,"46":0,"47":0,"48":0,"49":0,"50":0,"51":0,"52":0,"53":10,"54":0,"55":0,"56":0,"57":0,"58":0,"59":0,"60":0,"61":0,"62":10,"63":0,"64":0,"65":0,"66":0,"67":0,"68":0,"69":0,"70":0,"71":0,"72":0},"f":{"0":0,"1":0,"2":0,"3":0,"4":0,"5":0,"6":0,"7":0,"8":0,"9":0,"10":0,"11":0,"12":0,"13":0,"14":0,"15":0},"b":{"0":[0,0],"1":[0,0],"2":[0,0],"3":[0,0],"4":[0,0],"5":[0,0],"6":[0,0],"7":[0,0],"8":[0,0],"9":[0,0],"10":[0,0],"11":[0,0],"12":[0,0],"13":[0,0]},"_coverageSchema":"43e27e138ebf9cfc5966b082cf9a028302ed4184","hash":"d32383a58a7f05a01a67ef85b816c9d9a6ee8fdc"}
,"/Users/dziugaspeciulevicius/dev/eds-store/eds-store-mern/frontend/src/components/Breadcrumb.component.jsx": {"path":"/Users/dziugaspeciulevicius/dev/eds-store/eds-store-mern/frontend/src/components/Breadcrumb.component.jsx","statementMap":{"0":{"start":{"line":8,"column":30},"end":{"line":8,"column":40}},"1":{"start":{"line":9,"column":4},"end":{"line":43,"column":6}}},"fnMap":{"0":{"name":"(anonymous_0)","decl":{"start":{"line":7,"column":2},"end":{"line":7,"column":3}},"loc":{"start":{"line":7,"column":11},"end":{"line":44,"column":3}},"line":7}},"branchMap":{"0":{"loc":{"start":{"line":28,"column":17},"end":{"line":34,"column":17}},"type":"cond-expr","locations":[{"start":{"line":29,"column":18},"end":{"line":31,"column":23}},{"start":{"line":33,"column":18},"end":{"line":33,"column":20}}],"line":28}},"s":{"0":1,"1":1},"f":{"0":1},"b":{"0":[0,1]},"_coverageSchema":"43e27e138ebf9cfc5966b082cf9a028302ed4184","hash":"76493316550553779895eecf3b2d5d136c8007ee"}
,"/Users/dziugaspeciulevicius/dev/eds-store/eds-store-mern/frontend/src/components/CheckoutSteps.component.jsx": {"path":"/Users/dziugaspeciulevicius/dev/eds-store/eds-store-mern/frontend/src/components/CheckoutSteps.component.jsx","statementMap":{"0":{"start":{"line":5,"column":22},"end":{"line":54,"column":1}},"1":{"start":{"line":6,"column":2},"end":{"line":53,"column":4}}},"fnMap":{"0":{"name":"(anonymous_0)","decl":{"start":{"line":5,"column":22},"end":{"line":5,"column":23}},"loc":{"start":{"line":5,"column":58},"end":{"line":54,"column":1}},"line":5}},"branchMap":{"0":{"loc":{"start":{"line":9,"column":9},"end":{"line":17,"column":9}},"type":"cond-expr","locations":[{"start":{"line":10,"column":10},"end":{"line":12,"column":26}},{"start":{"line":14,"column":10},"end":{"line":16,"column":21}}],"line":9},"1":{"loc":{"start":{"line":20,"column":9},"end":{"line":28,"column":9}},"type":"cond-expr","locations":[{"start":{"line":21,"column":10},"end":{"line":23,"column":26}},{"start":{"line":25,"column":10},"end":{"line":27,"column":21}}],"line":20},"2":{"loc":{"start":{"line":31,"column":9},"end":{"line":39,"column":9}},"type":"cond-expr","locations":[{"start":{"line":32,"column":10},"end":{"line":34,"column":26}},{"start":{"line":36,"column":10},"end":{"line":38,"column":21}}],"line":31},"3":{"loc":{"start":{"line":42,"column":9},"end":{"line":50,"column":9}},"type":"cond-expr","locations":[{"start":{"line":43,"column":10},"end":{"line":45,"column":26}},{"start":{"line":47,"column":10},"end":{"line":49,"column":21}}],"line":42}},"s":{"0":5,"1":1},"f":{"0":1},"b":{"0":[0,1],"1":[0,1],"2":[0,1],"3":[0,1]},"_coverageSchema":"43e27e138ebf9cfc5966b082cf9a028302ed4184","hash":"f103f3079c9941d01c38e84ef35ff3a201ab7932"}
,"/Users/dziugaspeciulevicius/dev/eds-store/eds-store-mern/frontend/src/components/Footer.component.jsx": {"path":"/Users/dziugaspeciulevicius/dev/eds-store/eds-store-mern/frontend/src/components/Footer.component.jsx","statementMap":{"0":{"start":{"line":4,"column":15},"end":{"line":27,"column":1}},"1":{"start":{"line":5,"column":2},"end":{"line":26,"column":4}}},"fnMap":{"0":{"name":"(anonymous_0)","decl":{"start":{"line":4,"column":15},"end":{"line":4,"column":16}},"loc":{"start":{"line":4,"column":21},"end":{"line":27,"column":1}},"line":4}},"branchMap":{},"s":{"0":2,"1":1},"f":{"0":1},"b":{},"_coverageSchema":"43e27e138ebf9cfc5966b082cf9a028302ed4184","hash":"6e6415b4095b416dd177ab8d1eaae7e7f0a049d4"}
,"/Users/dziugaspeciulevicius/dev/eds-store/eds-store-mern/frontend/src/components/FormContainer.component.jsx": {"path":"/Users/dziugaspeciulevicius/dev/eds-store/eds-store-mern/frontend/src/components/FormContainer.component.jsx","statementMap":{"0":{"start":{"line":4,"column":22},"end":{"line":14,"column":1}},"1":{"start":{"line":5,"column":2},"end":{"line":13,"column":4}}},"fnMap":{"0":{"name":"(anonymous_0)","decl":{"start":{"line":4,"column":22},"end":{"line":4,"column":23}},"loc":{"start":{"line":4,"column":40},"end":{"line":14,"column":1}},"line":4}},"branchMap":{},"s":{"0":8,"1":1},"f":{"0":1},"b":{},"_coverageSchema":"43e27e138ebf9cfc5966b082cf9a028302ed4184","hash":"9ba09415ae43a4160a069439480f300b1295b8ad"}
,"/Users/dziugaspeciulevicius/dev/eds-store/eds-store-mern/frontend/src/components/Header.component.jsx": {"path":"/Users/dziugaspeciulevicius/dev/eds-store/eds-store-mern/frontend/src/components/Header.component.jsx","statementMap":{"0":{"start":{"line":12,"column":15},"end":{"line":70,"column":1}},"1":{"start":{"line":13,"column":19},"end":{"line":13,"column":32}},"2":{"start":{"line":15,"column":20},"end":{"line":15,"column":59}},"3":{"start":{"line":15,"column":43},"end":{"line":15,"column":58}},"4":{"start":{"line":16,"column":23},"end":{"line":16,"column":32}},"5":{"start":{"line":18,"column":24},"end":{"line":20,"column":3}},"6":{"start":{"line":19,"column":4},"end":{"line":19,"column":23}},"7":{"start":{"line":22,"column":23},"end":{"line":22,"column":67}},"8":{"start":{"line":24,"column":2},"end":{"line":69,"column":4}},"9":{"start":{"line":42,"column":44},"end":{"line":42,"column":75}}},"fnMap":{"0":{"name":"(anonymous_0)","decl":{"start":{"line":12,"column":15},"end":{"line":12,"column":16}},"loc":{"start":{"line":12,"column":21},"end":{"line":70,"column":1}},"line":12},"1":{"name":"(anonymous_1)","decl":{"start":{"line":15,"column":32},"end":{"line":15,"column":33}},"loc":{"start":{"line":15,"column":43},"end":{"line":15,"column":58}},"line":15},"2":{"name":"(anonymous_2)","decl":{"start":{"line":18,"column":24},"end":{"line":18,"column":25}},"loc":{"start":{"line":18,"column":30},"end":{"line":20,"column":3}},"line":18},"3":{"name":"(anonymous_3)","decl":{"start":{"line":42,"column":27},"end":{"line":42,"column":28}},"loc":{"start":{"line":42,"column":44},"end":{"line":42,"column":75}},"line":42}},"branchMap":{"0":{"loc":{"start":{"line":22,"column":23},"end":{"line":22,"column":67}},"type":"cond-expr","locations":[{"start":{"line":22,"column":34},"end":{"line":22,"column":61}},{"start":{"line":22,"column":64},"end":{"line":22,"column":67}}],"line":22},"1":{"loc":{"start":{"line":46,"column":13},"end":{"line":64,"column":13}},"type":"cond-expr","locations":[{"start":{"line":47,"column":14},"end":{"line":59,"column":28}},{"start":{"line":61,"column":14},"end":{"line":63,"column":30}}],"line":46},"2":{"loc":{"start":{"line":48,"column":17},"end":{"line":52,"column":17}},"type":"binary-expr","locations":[{"start":{"line":48,"column":17},"end":{"line":48,"column":25}},{"start":{"line":48,"column":29},"end":{"line":48,"column":45}},{"start":{"line":49,"column":18},"end":{"line":51,"column":34}}],"line":48}},"s":{"0":1,"1":0,"2":0,"3":0,"4":0,"5":0,"6":0,"7":0,"8":0,"9":0},"f":{"0":0,"1":0,"2":0,"3":0},"b":{"0":[0,0],"1":[0,0],"2":[0,0,0]},"_coverageSchema":"43e27e138ebf9cfc5966b082cf9a028302ed4184","hash":"e4e01c001ee2da2ce6a2e1cf06cab9f7da0517d8"}
,"/Users/dziugaspeciulevicius/dev/eds-store/eds-store-mern/frontend/src/components/Message.component.jsx": {"path":"/Users/dziugaspeciulevicius/dev/eds-store/eds-store-mern/frontend/src/components/Message.component.jsx","statementMap":{"0":{"start":{"line":4,"column":16},"end":{"line":6,"column":1}},"1":{"start":{"line":5,"column":2},"end":{"line":5,"column":53}},"2":{"start":{"line":8,"column":0},"end":{"line":10,"column":2}}},"fnMap":{"0":{"name":"(anonymous_0)","decl":{"start":{"line":4,"column":16},"end":{"line":4,"column":17}},"loc":{"start":{"line":4,"column":43},"end":{"line":6,"column":1}},"line":4}},"branchMap":{},"s":{"0":17,"1":0,"2":17},"f":{"0":0},"b":{},"_coverageSchema":"43e27e138ebf9cfc5966b082cf9a028302ed4184","hash":"123de201aa862cfa0b018d51b622ec122d533261"}
,"/Users/dziugaspeciulevicius/dev/eds-store/eds-store-mern/frontend/src/components/NavBar.tsx": {"path":"/Users/dziugaspeciulevicius/dev/eds-store/eds-store-mern/frontend/src/components/NavBar.tsx","statementMap":{"0":{"start":{"line":22,"column":14},"end":{"line":22,"column":45}},"1":{"start":{"line":23,"column":17},"end":{"line":23,"column":62}},"2":{"start":{"line":25,"column":24},"end":{"line":218,"column":1}},"3":{"start":{"line":26,"column":40},"end":{"line":28,"column":3}},"4":{"start":{"line":29,"column":42},"end":{"line":31,"column":3}},"5":{"start":{"line":33,"column":28},"end":{"line":35,"column":3}},"6":{"start":{"line":34,"column":4},"end":{"line":34,"column":40}},"7":{"start":{"line":36,"column":29},"end":{"line":38,"column":3}},"8":{"start":{"line":37,"column":4},"end":{"line":37,"column":41}},"9":{"start":{"line":40,"column":29},"end":{"line":42,"column":3}},"10":{"start":{"line":41,"column":4},"end":{"line":41,"column":25}},"11":{"start":{"line":43,"column":30},"end":{"line":45,"column":3}},"12":{"start":{"line":44,"column":4},"end":{"line":44,"column":26}},"13":{"start":{"line":47,"column":17},"end":{"line":61,"column":5}},"14":{"start":{"line":47,"column":47},"end":{"line":61,"column":3}},"15":{"start":{"line":63,"column":28},"end":{"line":71,"column":5}},"16":{"start":{"line":63,"column":58},"end":{"line":71,"column":3}},"17":{"start":{"line":73,"column":26},"end":{"line":85,"column":5}},"18":{"start":{"line":73,"column":60},"end":{"line":85,"column":3}},"19":{"start":{"line":87,"column":2},"end":{"line":217,"column":4}},"20":{"start":{"line":136,"column":16},"end":{"line":138,"column":27}},"21":{"start":{"line":162,"column":14},"end":{"line":168,"column":23}},"22":{"start":{"line":208,"column":16},"end":{"line":210,"column":27}}},"fnMap":{"0":{"name":"(anonymous_0)","decl":{"start":{"line":25,"column":24},"end":{"line":25,"column":25}},"loc":{"start":{"line":25,"column":30},"end":{"line":218,"column":1}},"line":25},"1":{"name":"(anonymous_1)","decl":{"start":{"line":33,"column":28},"end":{"line":33,"column":29}},"loc":{"start":{"line":33,"column":70},"end":{"line":35,"column":3}},"line":33},"2":{"name":"(anonymous_2)","decl":{"start":{"line":36,"column":29},"end":{"line":36,"column":30}},"loc":{"start":{"line":36,"column":71},"end":{"line":38,"column":3}},"line":36},"3":{"name":"(anonymous_3)","decl":{"start":{"line":40,"column":29},"end":{"line":40,"column":30}},"loc":{"start":{"line":40,"column":35},"end":{"line":42,"column":3}},"line":40},"4":{"name":"(anonymous_4)","decl":{"start":{"line":43,"column":30},"end":{"line":43,"column":31}},"loc":{"start":{"line":43,"column":36},"end":{"line":45,"column":3}},"line":43},"5":{"name":"(anonymous_5)","decl":{"start":{"line":47,"column":31},"end":{"line":47,"column":32}},"loc":{"start":{"line":47,"column":47},"end":{"line":61,"column":3}},"line":47},"6":{"name":"(anonymous_6)","decl":{"start":{"line":63,"column":42},"end":{"line":63,"column":43}},"loc":{"start":{"line":63,"column":58},"end":{"line":71,"column":3}},"line":63},"7":{"name":"(anonymous_7)","decl":{"start":{"line":73,"column":44},"end":{"line":73,"column":45}},"loc":{"start":{"line":73,"column":60},"end":{"line":85,"column":3}},"line":73},"8":{"name":"(anonymous_8)","decl":{"start":{"line":135,"column":25},"end":{"line":135,"column":26}},"loc":{"start":{"line":136,"column":16},"end":{"line":138,"column":27}},"line":136},"9":{"name":"(anonymous_9)","decl":{"start":{"line":161,"column":23},"end":{"line":161,"column":24}},"loc":{"start":{"line":162,"column":14},"end":{"line":168,"column":23}},"line":162},"10":{"name":"(anonymous_10)","decl":{"start":{"line":207,"column":28},"end":{"line":207,"column":29}},"loc":{"start":{"line":208,"column":16},"end":{"line":210,"column":27}},"line":208}},"branchMap":{},"s":{"0":0,"1":0,"2":0,"3":0,"4":0,"5":0,"6":0,"7":0,"8":0,"9":0,"10":0,"11":0,"12":0,"13":0,"14":0,"15":0,"16":0,"17":0,"18":0,"19":0,"20":0,"21":0,"22":0},"f":{"0":0,"1":0,"2":0,"3":0,"4":0,"5":0,"6":0,"7":0,"8":0,"9":0,"10":0},"b":{},"hash":"6477d7fdc3a3e62c3019981671e04e3e44896340"}
,"/Users/dziugaspeciulevicius/dev/eds-store/eds-store-mern/frontend/src/components/NotFound.component.jsx": {"path":"/Users/dziugaspeciulevicius/dev/eds-store/eds-store-mern/frontend/src/components/NotFound.component.jsx","statementMap":{"0":{"start":{"line":3,"column":17},"end":{"line":23,"column":1}},"1":{"start":{"line":4,"column":2},"end":{"line":22,"column":4}}},"fnMap":{"0":{"name":"(anonymous_0)","decl":{"start":{"line":3,"column":17},"end":{"line":3,"column":18}},"loc":{"start":{"line":3,"column":23},"end":{"line":23,"column":1}},"line":3}},"branchMap":{},"s":{"0":2,"1":0},"f":{"0":0},"b":{},"_coverageSchema":"43e27e138ebf9cfc5966b082cf9a028302ed4184","hash":"6f622f5bbe0891b0d43130919d36fc1e464ff365"}
,"/Users/dziugaspeciulevicius/dev/eds-store/eds-store-mern/frontend/src/components/Paginate.component.jsx": {"path":"/Users/dziugaspeciulevicius/dev/eds-store/eds-store-mern/frontend/src/components/Paginate.component.jsx","statementMap":{"0":{"start":{"line":5,"column":17},"end":{"line":26,"column":1}},"1":{"start":{"line":6,"column":2},"end":{"line":25,"column":4}},"2":{"start":{"line":10,"column":10},"end":{"line":21,"column":26}}},"fnMap":{"0":{"name":"(anonymous_0)","decl":{"start":{"line":5,"column":17},"end":{"line":5,"column":18}},"loc":{"start":{"line":5,"column":69},"end":{"line":26,"column":1}},"line":5},"1":{"name":"(anonymous_1)","decl":{"start":{"line":9,"column":38},"end":{"line":9,"column":39}},"loc":{"start":{"line":10,"column":10},"end":{"line":21,"column":26}},"line":10}},"branchMap":{"0":{"loc":{"start":{"line":5,"column":33},"end":{"line":5,"column":48}},"type":"default-arg","locations":[{"start":{"line":5,"column":43},"end":{"line":5,"column":48}}],"line":5},"1":{"loc":{"start":{"line":5,"column":50},"end":{"line":5,"column":62}},"type":"default-arg","locations":[{"start":{"line":5,"column":60},"end":{"line":5,"column":62}}],"line":5},"2":{"loc":{"start":{"line":7,"column":4},"end":{"line":24,"column":5}},"type":"binary-expr","locations":[{"start":{"line":7,"column":4},"end":{"line":7,"column":13}},{"start":{"line":8,"column":6},"end":{"line":23,"column":19}}],"line":7},"3":{"loc":{"start":{"line":13,"column":14},"end":{"line":17,"column":41}},"type":"cond-expr","locations":[{"start":{"line":14,"column":18},"end":{"line":16,"column":36}},{"start":{"line":17,"column":18},"end":{"line":17,"column":41}}],"line":13},"4":{"loc":{"start":{"line":14,"column":18},"end":{"line":16,"column":36}},"type":"cond-expr","locations":[{"start":{"line":15,"column":20},"end":{"line":15,"column":54}},{"start":{"line":16,"column":20},"end":{"line":16,"column":36}}],"line":14}},"s":{"0":3,"1":0,"2":0},"f":{"0":0,"1":0},"b":{"0":[0],"1":[0],"2":[0,0],"3":[0,0],"4":[0,0]},"_coverageSchema":"43e27e138ebf9cfc5966b082cf9a028302ed4184","hash":"53e676409a3e709c8effbaa7a78f9375599cf767"}
,"/Users/dziugaspeciulevicius/dev/eds-store/eds-store-mern/frontend/src/components/Product.component.jsx": {"path":"/Users/dziugaspeciulevicius/dev/eds-store/eds-store-mern/frontend/src/components/Product.component.jsx","statementMap":{"0":{"start":{"line":9,"column":16},"end":{"line":29,"column":1}},"1":{"start":{"line":10,"column":2},"end":{"line":28,"column":4}}},"fnMap":{"0":{"name":"(anonymous_0)","decl":{"start":{"line":9,"column":16},"end":{"line":9,"column":17}},"loc":{"start":{"line":9,"column":33},"end":{"line":29,"column":1}},"line":9}},"branchMap":{},"s":{"0":3,"1":0},"f":{"0":0},"b":{},"_coverageSchema":"43e27e138ebf9cfc5966b082cf9a028302ed4184","hash":"5c5b3baa81304692e324e18f68e543e40081e7df"}
,"/Users/dziugaspeciulevicius/dev/eds-store/eds-store-mern/frontend/src/components/Rating.component.jsx": {"path":"/Users/dziugaspeciulevicius/dev/eds-store/eds-store-mern/frontend/src/components/Rating.component.jsx","statementMap":{"0":{"start":{"line":6,"column":15},"end":{"line":79,"column":1}},"1":{"start":{"line":7,"column":2},"end":{"line":78,"column":4}},"2":{"start":{"line":82,"column":0},"end":{"line":84,"column":2}}},"fnMap":{"0":{"name":"(anonymous_0)","decl":{"start":{"line":6,"column":15},"end":{"line":6,"column":16}},"loc":{"start":{"line":6,"column":43},"end":{"line":79,"column":1}},"line":6}},"branchMap":{"0":{"loc":{"start":{"line":15,"column":12},"end":{"line":19,"column":29}},"type":"cond-expr","locations":[{"start":{"line":16,"column":16},"end":{"line":16,"column":29}},{"start":{"line":17,"column":16},"end":{"line":19,"column":29}}],"line":15},"1":{"loc":{"start":{"line":17,"column":16},"end":{"line":19,"column":29}},"type":"cond-expr","locations":[{"start":{"line":18,"column":16},"end":{"line":18,"column":38}},{"start":{"line":19,"column":16},"end":{"line":19,"column":29}}],"line":17},"2":{"loc":{"start":{"line":28,"column":12},"end":{"line":32,"column":29}},"type":"cond-expr","locations":[{"start":{"line":29,"column":16},"end":{"line":29,"column":29}},{"start":{"line":30,"column":16},"end":{"line":32,"column":29}}],"line":28},"3":{"loc":{"start":{"line":30,"column":16},"end":{"line":32,"column":29}},"type":"cond-expr","locations":[{"start":{"line":31,"column":16},"end":{"line":31,"column":38}},{"start":{"line":32,"column":16},"end":{"line":32,"column":29}}],"line":30},"4":{"loc":{"start":{"line":41,"column":12},"end":{"line":45,"column":29}},"type":"cond-expr","locations":[{"start":{"line":42,"column":16},"end":{"line":42,"column":29}},{"start":{"line":43,"column":16},"end":{"line":45,"column":29}}],"line":41},"5":{"loc":{"start":{"line":43,"column":16},"end":{"line":45,"column":29}},"type":"cond-expr","locations":[{"start":{"line":44,"column":16},"end":{"line":44,"column":38}},{"start":{"line":45,"column":16},"end":{"line":45,"column":29}}],"line":43},"6":{"loc":{"start":{"line":54,"column":12},"end":{"line":58,"column":29}},"type":"cond-expr","locations":[{"start":{"line":55,"column":16},"end":{"line":55,"column":29}},{"start":{"line":56,"column":16},"end":{"line":58,"column":29}}],"line":54},"7":{"loc":{"start":{"line":56,"column":16},"end":{"line":58,"column":29}},"type":"cond-expr","locations":[{"start":{"line":57,"column":16},"end":{"line":57,"column":38}},{"start":{"line":58,"column":16},"end":{"line":58,"column":29}}],"line":56},"8":{"loc":{"start":{"line":67,"column":12},"end":{"line":71,"column":29}},"type":"cond-expr","locations":[{"start":{"line":68,"column":16},"end":{"line":68,"column":29}},{"start":{"line":69,"column":16},"end":{"line":71,"column":29}}],"line":67},"9":{"loc":{"start":{"line":69,"column":16},"end":{"line":71,"column":29}},"type":"cond-expr","locations":[{"start":{"line":70,"column":16},"end":{"line":70,"column":38}},{"start":{"line":71,"column":16},"end":{"line":71,"column":29}}],"line":69},"10":{"loc":{"start":{"line":76,"column":39},"end":{"line":76,"column":51}},"type":"binary-expr","locations":[{"start":{"line":76,"column":39},"end":{"line":76,"column":43}},{"start":{"line":76,"column":47},"end":{"line":76,"column":51}}],"line":76}},"s":{"0":6,"1":0,"2":6},"f":{"0":0},"b":{"0":[0,0],"1":[0,0],"2":[0,0],"3":[0,0],"4":[0,0],"5":[0,0],"6":[0,0],"7":[0,0],"8":[0,0],"9":[0,0],"10":[0,0]},"_coverageSchema":"43e27e138ebf9cfc5966b082cf9a028302ed4184","hash":"3f458030a54f3a4767e6c5934802b5f8dc7dc3f6"}
,"/Users/dziugaspeciulevicius/dev/eds-store/eds-store-mern/frontend/src/components/ScrollToTop.component.jsx": {"path":"/Users/dziugaspeciulevicius/dev/eds-store/eds-store-mern/frontend/src/components/ScrollToTop.component.jsx","statementMap":{"0":{"start":{"line":6,"column":4},"end":{"line":8,"column":5}},"1":{"start":{"line":7,"column":6},"end":{"line":7,"column":28}},"2":{"start":{"line":12,"column":4},"end":{"line":12,"column":30}}},"fnMap":{"0":{"name":"(anonymous_0)","decl":{"start":{"line":5,"column":2},"end":{"line":5,"column":3}},"loc":{"start":{"line":5,"column":32},"end":{"line":9,"column":3}},"line":5},"1":{"name":"(anonymous_1)","decl":{"start":{"line":11,"column":2},"end":{"line":11,"column":3}},"loc":{"start":{"line":11,"column":11},"end":{"line":13,"column":3}},"line":11}},"branchMap":{"0":{"loc":{"start":{"line":6,"column":4},"end":{"line":8,"column":5}},"type":"if","locations":[{"start":{"line":6,"column":4},"end":{"line":8,"column":5}},{"start":{"line":6,"column":4},"end":{"line":8,"column":5}}],"line":6}},"s":{"0":0,"1":0,"2":0},"f":{"0":0,"1":0},"b":{"0":[0,0]},"_coverageSchema":"43e27e138ebf9cfc5966b082cf9a028302ed4184","hash":"fb22dca2660e59e47291fdf1cf517c300308a653"}
,"/Users/dziugaspeciulevicius/dev/eds-store/eds-store-mern/frontend/src/components/SearchBox.component.jsx": {"path":"/Users/dziugaspeciulevicius/dev/eds-store/eds-store-mern/frontend/src/components/SearchBox.component.jsx","statementMap":{"0":{"start":{"line":4,"column":18},"end":{"line":36,"column":1}},"1":{"start":{"line":5,"column":32},"end":{"line":5,"column":44}},"2":{"start":{"line":7,"column":24},"end":{"line":14,"column":3}},"3":{"start":{"line":8,"column":4},"end":{"line":8,"column":23}},"4":{"start":{"line":9,"column":4},"end":{"line":13,"column":5}},"5":{"start":{"line":10,"column":6},"end":{"line":10,"column":41}},"6":{"start":{"line":12,"column":6},"end":{"line":12,"column":24}},"7":{"start":{"line":15,"column":2},"end":{"line":35,"column":4}},"8":{"start":{"line":20,"column":25},"end":{"line":20,"column":51}}},"fnMap":{"0":{"name":"(anonymous_0)","decl":{"start":{"line":4,"column":18},"end":{"line":4,"column":19}},"loc":{"start":{"line":4,"column":35},"end":{"line":36,"column":1}},"line":4},"1":{"name":"(anonymous_1)","decl":{"start":{"line":7,"column":24},"end":{"line":7,"column":25}},"loc":{"start":{"line":7,"column":31},"end":{"line":14,"column":3}},"line":7},"2":{"name":"(anonymous_2)","decl":{"start":{"line":20,"column":18},"end":{"line":20,"column":19}},"loc":{"start":{"line":20,"column":25},"end":{"line":20,"column":51}},"line":20}},"branchMap":{"0":{"loc":{"start":{"line":9,"column":4},"end":{"line":13,"column":5}},"type":"if","locations":[{"start":{"line":9,"column":4},"end":{"line":13,"column":5}},{"start":{"line":9,"column":4},"end":{"line":13,"column":5}}],"line":9}},"s":{"0":2,"1":0,"2":0,"3":0,"4":0,"5":0,"6":0,"7":0,"8":0},"f":{"0":0,"1":0,"2":0},"b":{"0":[0,0]},"_coverageSchema":"43e27e138ebf9cfc5966b082cf9a028302ed4184","hash":"68524117791bd2628b5268b2fe00cf6f851cefbd"}
,"/Users/dziugaspeciulevicius/dev/eds-store/eds-store-mern/frontend/src/components/Spinner.component.jsx": {"path":"/Users/dziugaspeciulevicius/dev/eds-store/eds-store-mern/frontend/src/components/Spinner.component.jsx","statementMap":{"0":{"start":{"line":4,"column":2},"end":{"line":22,"column":4}}},"fnMap":{"0":{"name":"Spinner","decl":{"start":{"line":3,"column":24},"end":{"line":3,"column":31}},"loc":{"start":{"line":3,"column":34},"end":{"line":23,"column":1}},"line":3}},"branchMap":{},"s":{"0":0},"f":{"0":0},"b":{},"_coverageSchema":"43e27e138ebf9cfc5966b082cf9a028302ed4184","hash":"948ea70195707f2ca1a13f5085252818d85e8db7"}
,"/Users/dziugaspeciulevicius/dev/eds-store/eds-store-mern/frontend/src/constants/cartConstants.js": {"path":"/Users/dziugaspeciulevicius/dev/eds-store/eds-store-mern/frontend/src/constants/cartConstants.js","statementMap":{"0":{"start":{"line":1,"column":29},"end":{"line":1,"column":44}},"1":{"start":{"line":2,"column":32},"end":{"line":2,"column":50}},"2":{"start":{"line":3,"column":42},"end":{"line":3,"column":70}},"3":{"start":{"line":4,"column":40},"end":{"line":4,"column":66}}},"fnMap":{},"branchMap":{},"s":{"0":5,"1":5,"2":5,"3":5},"f":{},"b":{},"_coverageSchema":"43e27e138ebf9cfc5966b082cf9a028302ed4184","hash":"bf19176315bfb6543922da64c185409279544f61"}
,"/Users/dziugaspeciulevicius/dev/eds-store/eds-store-mern/frontend/src/constants/orderConstants.js": {"path":"/Users/dziugaspeciulevicius/dev/eds-store/eds-store-mern/frontend/src/constants/orderConstants.js","statementMap":{"0":{"start":{"line":1,"column":36},"end":{"line":1,"column":58}},"1":{"start":{"line":2,"column":36},"end":{"line":2,"column":58}},"2":{"start":{"line":3,"column":33},"end":{"line":3,"column":52}},"3":{"start":{"line":4,"column":34},"end":{"line":4,"column":56}},"4":{"start":{"line":6,"column":37},"end":{"line":6,"column":60}},"5":{"start":{"line":7,"column":37},"end":{"line":7,"column":60}},"6":{"start":{"line":8,"column":34},"end":{"line":8,"column":54}},"7":{"start":{"line":10,"column":33},"end":{"line":10,"column":52}},"8":{"start":{"line":11,"column":33},"end":{"line":11,"column":52}},"9":{"start":{"line":12,"column":30},"end":{"line":12,"column":46}},"10":{"start":{"line":13,"column":31},"end":{"line":13,"column":48}},"11":{"start":{"line":15,"column":37},"end":{"line":15,"column":60}},"12":{"start":{"line":16,"column":37},"end":{"line":16,"column":60}},"13":{"start":{"line":17,"column":34},"end":{"line":17,"column":54}},"14":{"start":{"line":18,"column":35},"end":{"line":18,"column":56}},"15":{"start":{"line":20,"column":34},"end":{"line":20,"column":54}},"16":{"start":{"line":21,"column":34},"end":{"line":21,"column":54}},"17":{"start":{"line":22,"column":31},"end":{"line":22,"column":48}},"18":{"start":{"line":24,"column":37},"end":{"line":24,"column":60}},"19":{"start":{"line":25,"column":37},"end":{"line":25,"column":60}},"20":{"start":{"line":26,"column":34},"end":{"line":26,"column":54}},"21":{"start":{"line":27,"column":35},"end":{"line":27,"column":56}}},"fnMap":{},"branchMap":{},"s":{"0":11,"1":11,"2":11,"3":11,"4":11,"5":11,"6":11,"7":11,"8":11,"9":11,"10":11,"11":11,"12":11,"13":11,"14":11,"15":11,"16":11,"17":11,"18":11,"19":11,"20":11,"21":11},"f":{},"b":{},"_coverageSchema":"43e27e138ebf9cfc5966b082cf9a028302ed4184","hash":"a4e34bab7ee903ca856db27f58c8380964c604dc"}
,"/Users/dziugaspeciulevicius/dev/eds-store/eds-store-mern/frontend/src/constants/productConstants.js": {"path":"/Users/dziugaspeciulevicius/dev/eds-store/eds-store-mern/frontend/src/constants/productConstants.js","statementMap":{"0":{"start":{"line":1,"column":36},"end":{"line":1,"column":58}},"1":{"start":{"line":2,"column":36},"end":{"line":2,"column":58}},"2":{"start":{"line":3,"column":33},"end":{"line":3,"column":52}},"3":{"start":{"line":5,"column":39},"end":{"line":5,"column":64}},"4":{"start":{"line":6,"column":39},"end":{"line":6,"column":64}},"5":{"start":{"line":7,"column":36},"end":{"line":7,"column":58}},"6":{"start":{"line":9,"column":38},"end":{"line":9,"column":62}},"7":{"start":{"line":10,"column":38},"end":{"line":10,"column":62}},"8":{"start":{"line":11,"column":35},"end":{"line":11,"column":56}},"9":{"start":{"line":13,"column":38},"end":{"line":13,"column":62}},"10":{"start":{"line":14,"column":38},"end":{"line":14,"column":62}},"11":{"start":{"line":15,"column":35},"end":{"line":15,"column":56}},"12":{"start":{"line":16,"column":36},"end":{"line":16,"column":58}},"13":{"start":{"line":18,"column":38},"end":{"line":18,"column":62}},"14":{"start":{"line":19,"column":38},"end":{"line":19,"column":62}},"15":{"start":{"line":20,"column":35},"end":{"line":20,"column":56}},"16":{"start":{"line":21,"column":36},"end":{"line":21,"column":58}},"17":{"start":{"line":23,"column":45},"end":{"line":23,"column":76}},"18":{"start":{"line":24,"column":45},"end":{"line":24,"column":76}},"19":{"start":{"line":25,"column":42},"end":{"line":25,"column":70}},"20":{"start":{"line":26,"column":43},"end":{"line":26,"column":72}}},"fnMap":{},"branchMap":{},"s":{"0":8,"1":8,"2":8,"3":8,"4":8,"5":8,"6":8,"7":8,"8":8,"9":8,"10":8,"11":8,"12":8,"13":8,"14":8,"15":8,"16":8,"17":8,"18":8,"19":8,"20":8},"f":{},"b":{},"_coverageSchema":"43e27e138ebf9cfc5966b082cf9a028302ed4184","hash":"6a5d85b3ff01d256baa877ab39cd5fc9ea67f150"}
,"/Users/dziugaspeciulevicius/dev/eds-store/eds-store-mern/frontend/src/constants/userConstants.js": {"path":"/Users/dziugaspeciulevicius/dev/eds-store/eds-store-mern/frontend/src/constants/userConstants.js","statementMap":{"0":{"start":{"line":1,"column":34},"end":{"line":1,"column":54}},"1":{"start":{"line":2,"column":34},"end":{"line":2,"column":54}},"2":{"start":{"line":3,"column":31},"end":{"line":3,"column":48}},"3":{"start":{"line":4,"column":27},"end":{"line":4,"column":40}},"4":{"start":{"line":6,"column":37},"end":{"line":6,"column":60}},"5":{"start":{"line":7,"column":37},"end":{"line":7,"column":60}},"6":{"start":{"line":8,"column":34},"end":{"line":8,"column":54}},"7":{"start":{"line":10,"column":36},"end":{"line":10,"column":58}},"8":{"start":{"line":11,"column":36},"end":{"line":11,"column":58}},"9":{"start":{"line":12,"column":33},"end":{"line":12,"column":52}},"10":{"start":{"line":13,"column":34},"end":{"line":13,"column":54}},"11":{"start":{"line":15,"column":43},"end":{"line":15,"column":72}},"12":{"start":{"line":16,"column":43},"end":{"line":16,"column":72}},"13":{"start":{"line":17,"column":40},"end":{"line":17,"column":66}},"14":{"start":{"line":18,"column":41},"end":{"line":18,"column":68}},"15":{"start":{"line":20,"column":33},"end":{"line":20,"column":52}},"16":{"start":{"line":21,"column":33},"end":{"line":21,"column":52}},"17":{"start":{"line":22,"column":30},"end":{"line":22,"column":46}},"18":{"start":{"line":23,"column":31},"end":{"line":23,"column":48}},"19":{"start":{"line":25,"column":35},"end":{"line":25,"column":56}},"20":{"start":{"line":26,"column":35},"end":{"line":26,"column":56}},"21":{"start":{"line":27,"column":32},"end":{"line":27,"column":50}},"22":{"start":{"line":29,"column":35},"end":{"line":29,"column":56}},"23":{"start":{"line":30,"column":35},"end":{"line":30,"column":56}},"24":{"start":{"line":31,"column":32},"end":{"line":31,"column":50}},"25":{"start":{"line":32,"column":33},"end":{"line":32,"column":52}}},"fnMap":{},"branchMap":{},"s":{"0":11,"1":11,"2":11,"3":11,"4":11,"5":11,"6":11,"7":11,"8":11,"9":11,"10":11,"11":11,"12":11,"13":11,"14":11,"15":11,"16":11,"17":11,"18":11,"19":11,"20":11,"21":11,"22":11,"23":11,"24":11,"25":11},"f":{},"b":{},"_coverageSchema":"43e27e138ebf9cfc5966b082cf9a028302ed4184","hash":"e29b63c68206dac63c9db7a1db2ee9bcc0815121"}
,"/Users/dziugaspeciulevicius/dev/eds-store/eds-store-mern/frontend/src/core/constants/routing.ts": {"path":"/Users/dziugaspeciulevicius/dev/eds-store/eds-store-mern/frontend/src/core/constants/routing.ts","statementMap":{"0":{"start":{"line":1,"column":25},"end":{"line":21,"column":1}}},"fnMap":{},"branchMap":{},"s":{"0":1},"f":{},"b":{},"_coverageSchema":"43e27e138ebf9cfc5966b082cf9a028302ed4184","hash":"bf880b38fc8d1e1e55f7bfd484c8e8d18ddce78f"}
,"/Users/dziugaspeciulevicius/dev/eds-store/eds-store-mern/frontend/src/reducers/orderReducers.js": {"path":"/Users/dziugaspeciulevicius/dev/eds-store/eds-store-mern/frontend/src/reducers/orderReducers.js","statementMap":{"0":{"start":{"line":26,"column":34},"end":{"line":39,"column":1}},"1":{"start":{"line":27,"column":2},"end":{"line":38,"column":3}},"2":{"start":{"line":29,"column":6},"end":{"line":29,"column":31}},"3":{"start":{"line":31,"column":6},"end":{"line":31,"column":70}},"4":{"start":{"line":33,"column":6},"end":{"line":33,"column":55}},"5":{"start":{"line":35,"column":6},"end":{"line":35,"column":16}},"6":{"start":{"line":37,"column":6},"end":{"line":37,"column":19}},"7":{"start":{"line":41,"column":35},"end":{"line":56,"column":1}},"8":{"start":{"line":46,"column":2},"end":{"line":55,"column":3}},"9":{"start":{"line":48,"column":6},"end":{"line":48,"column":41}},"10":{"start":{"line":50,"column":6},"end":{"line":50,"column":55}},"11":{"start":{"line":52,"column":6},"end":{"line":52,"column":55}},"12":{"start":{"line":54,"column":6},"end":{"line":54,"column":19}},"13":{"start":{"line":58,"column":31},"end":{"line":71,"column":1}},"14":{"start":{"line":59,"column":2},"end":{"line":70,"column":3}},"15":{"start":{"line":61,"column":6},"end":{"line":61,"column":31}},"16":{"start":{"line":63,"column":6},"end":{"line":63,"column":47}},"17":{"start":{"line":65,"column":6},"end":{"line":65,"column":55}},"18":{"start":{"line":67,"column":6},"end":{"line":67,"column":16}},"19":{"start":{"line":69,"column":6},"end":{"line":69,"column":19}},"20":{"start":{"line":73,"column":35},"end":{"line":86,"column":1}},"21":{"start":{"line":74,"column":2},"end":{"line":85,"column":3}},"22":{"start":{"line":76,"column":6},"end":{"line":76,"column":31}},"23":{"start":{"line":78,"column":6},"end":{"line":78,"column":47}},"24":{"start":{"line":80,"column":6},"end":{"line":80,"column":55}},"25":{"start":{"line":82,"column":6},"end":{"line":82,"column":16}},"26":{"start":{"line":84,"column":6},"end":{"line":84,"column":19}},"27":{"start":{"line":88,"column":34},"end":{"line":101,"column":1}},"28":{"start":{"line":89,"column":2},"end":{"line":100,"column":3}},"29":{"start":{"line":91,"column":6},"end":{"line":91,"column":31}},"30":{"start":{"line":93,"column":6},"end":{"line":93,"column":56}},"31":{"start":{"line":95,"column":6},"end":{"line":95,"column":55}},"32":{"start":{"line":97,"column":6},"end":{"line":97,"column":28}},"33":{"start":{"line":99,"column":6},"end":{"line":99,"column":19}},"34":{"start":{"line":103,"column":32},"end":{"line":114,"column":1}},"35":{"start":{"line":104,"column":2},"end":{"line":113,"column":3}},"36":{"start":{"line":106,"column":6},"end":{"line":106,"column":31}},"37":{"start":{"line":108,"column":6},"end":{"line":108,"column":56}},"38":{"start":{"line":110,"column":6},"end":{"line":110,"column":55}},"39":{"start":{"line":112,"column":6},"end":{"line":112,"column":19}}},"fnMap":{"0":{"name":"(anonymous_0)","decl":{"start":{"line":26,"column":34},"end":{"line":26,"column":35}},"loc":{"start":{"line":26,"column":58},"end":{"line":39,"column":1}},"line":26},"1":{"name":"(anonymous_1)","decl":{"start":{"line":41,"column":35},"end":{"line":41,"column":36}},"loc":{"start":{"line":45,"column":5},"end":{"line":56,"column":1}},"line":45},"2":{"name":"(anonymous_2)","decl":{"start":{"line":58,"column":31},"end":{"line":58,"column":32}},"loc":{"start":{"line":58,"column":55},"end":{"line":71,"column":1}},"line":58},"3":{"name":"(anonymous_3)","decl":{"start":{"line":73,"column":35},"end":{"line":73,"column":36}},"loc":{"start":{"line":73,"column":59},"end":{"line":86,"column":1}},"line":73},"4":{"name":"(anonymous_4)","decl":{"start":{"line":88,"column":34},"end":{"line":88,"column":35}},"loc":{"start":{"line":88,"column":70},"end":{"line":101,"column":1}},"line":88},"5":{"name":"(anonymous_5)","decl":{"start":{"line":103,"column":32},"end":{"line":103,"column":33}},"loc":{"start":{"line":103,"column":68},"end":{"line":114,"column":1}},"line":103}},"branchMap":{"0":{"loc":{"start":{"line":26,"column":35},"end":{"line":26,"column":45}},"type":"default-arg","locations":[{"start":{"line":26,"column":43},"end":{"line":26,"column":45}}],"line":26},"1":{"loc":{"start":{"line":27,"column":2},"end":{"line":38,"column":3}},"type":"switch","locations":[{"start":{"line":28,"column":4},"end":{"line":29,"column":31}},{"start":{"line":30,"column":4},"end":{"line":31,"column":70}},{"start":{"line":32,"column":4},"end":{"line":33,"column":55}},{"start":{"line":34,"column":4},"end":{"line":35,"column":16}},{"start":{"line":36,"column":4},"end":{"line":37,"column":19}}],"line":27},"2":{"loc":{"start":{"line":43,"column":2},"end":{"line":43,"column":64}},"type":"default-arg","locations":[{"start":{"line":43,"column":10},"end":{"line":43,"column":64}}],"line":43},"3":{"loc":{"start":{"line":46,"column":2},"end":{"line":55,"column":3}},"type":"switch","locations":[{"start":{"line":47,"column":4},"end":{"line":48,"column":41}},{"start":{"line":49,"column":4},"end":{"line":50,"column":55}},{"start":{"line":51,"column":4},"end":{"line":52,"column":55}},{"start":{"line":53,"column":4},"end":{"line":54,"column":19}}],"line":46},"4":{"loc":{"start":{"line":58,"column":32},"end":{"line":58,"column":42}},"type":"default-arg","locations":[{"start":{"line":58,"column":40},"end":{"line":58,"column":42}}],"line":58},"5":{"loc":{"start":{"line":59,"column":2},"end":{"line":70,"column":3}},"type":"switch","locations":[{"start":{"line":60,"column":4},"end":{"line":61,"column":31}},{"start":{"line":62,"column":4},"end":{"line":63,"column":47}},{"start":{"line":64,"column":4},"end":{"line":65,"column":55}},{"start":{"line":66,"column":4},"end":{"line":67,"column":16}},{"start":{"line":68,"column":4},"end":{"line":69,"column":19}}],"line":59},"6":{"loc":{"start":{"line":73,"column":36},"end":{"line":73,"column":46}},"type":"default-arg","locations":[{"start":{"line":73,"column":44},"end":{"line":73,"column":46}}],"line":73},"7":{"loc":{"start":{"line":74,"column":2},"end":{"line":85,"column":3}},"type":"switch","locations":[{"start":{"line":75,"column":4},"end":{"line":76,"column":31}},{"start":{"line":77,"column":4},"end":{"line":78,"column":47}},{"start":{"line":79,"column":4},"end":{"line":80,"column":55}},{"start":{"line":81,"column":4},"end":{"line":82,"column":16}},{"start":{"line":83,"column":4},"end":{"line":84,"column":19}}],"line":74},"8":{"loc":{"start":{"line":88,"column":35},"end":{"line":88,"column":57}},"type":"default-arg","locations":[{"start":{"line":88,"column":43},"end":{"line":88,"column":57}}],"line":88},"9":{"loc":{"start":{"line":89,"column":2},"end":{"line":100,"column":3}},"type":"switch","locations":[{"start":{"line":90,"column":4},"end":{"line":91,"column":31}},{"start":{"line":92,"column":4},"end":{"line":93,"column":56}},{"start":{"line":94,"column":4},"end":{"line":95,"column":55}},{"start":{"line":96,"column":4},"end":{"line":97,"column":28}},{"start":{"line":98,"column":4},"end":{"line":99,"column":19}}],"line":89},"10":{"loc":{"start":{"line":103,"column":33},"end":{"line":103,"column":55}},"type":"default-arg","locations":[{"start":{"line":103,"column":41},"end":{"line":103,"column":55}}],"line":103},"11":{"loc":{"start":{"line":104,"column":2},"end":{"line":113,"column":3}},"type":"switch","locations":[{"start":{"line":105,"column":4},"end":{"line":106,"column":31}},{"start":{"line":107,"column":4},"end":{"line":108,"column":56}},{"start":{"line":109,"column":4},"end":{"line":110,"column":55}},{"start":{"line":111,"column":4},"end":{"line":112,"column":19}}],"line":104}},"s":{"0":1,"1":5,"2":1,"3":1,"4":1,"5":1,"6":1,"7":1,"8":4,"9":1,"10":1,"11":1,"12":1,"13":1,"14":5,"15":1,"16":1,"17":1,"18":1,"19":1,"20":1,"21":5,"22":1,"23":1,"24":1,"25":1,"26":1,"27":1,"28":5,"29":1,"30":1,"31":1,"32":1,"33":1,"34":1,"35":4,"36":1,"37":1,"38":1,"39":1},"f":{"0":5,"1":4,"2":5,"3":5,"4":5,"5":4},"b":{"0":[0],"1":[1,1,1,1,1],"2":[1],"3":[1,1,1,1],"4":[0],"5":[1,1,1,1,1],"6":[0],"7":[1,1,1,1,1],"8":[1],"9":[1,1,1,1,1],"10":[1],"11":[1,1,1,1]},"_coverageSchema":"43e27e138ebf9cfc5966b082cf9a028302ed4184","hash":"223d9e785a9cc14dd880e8302c0012ebb7e82cdf"}
,"/Users/dziugaspeciulevicius/dev/eds-store/eds-store-mern/frontend/src/reducers/productReducers.js": {"path":"/Users/dziugaspeciulevicius/dev/eds-store/eds-store-mern/frontend/src/reducers/productReducers.js","statementMap":{"0":{"start":{"line":26,"column":34},"end":{"line":43,"column":1}},"1":{"start":{"line":28,"column":2},"end":{"line":42,"column":3}},"2":{"start":{"line":30,"column":6},"end":{"line":30,"column":45}},"3":{"start":{"line":32,"column":6},"end":{"line":37,"column":8}},"4":{"start":{"line":39,"column":6},"end":{"line":39,"column":55}},"5":{"start":{"line":41,"column":6},"end":{"line":41,"column":19}},"6":{"start":{"line":45,"column":37},"end":{"line":59,"column":1}},"7":{"start":{"line":49,"column":2},"end":{"line":58,"column":3}},"8":{"start":{"line":51,"column":6},"end":{"line":51,"column":41}},"9":{"start":{"line":53,"column":6},"end":{"line":53,"column":57}},"10":{"start":{"line":55,"column":6},"end":{"line":55,"column":55}},"11":{"start":{"line":57,"column":6},"end":{"line":57,"column":19}},"12":{"start":{"line":61,"column":36},"end":{"line":72,"column":1}},"13":{"start":{"line":62,"column":2},"end":{"line":71,"column":3}},"14":{"start":{"line":64,"column":6},"end":{"line":64,"column":31}},"15":{"start":{"line":66,"column":6},"end":{"line":66,"column":47}},"16":{"start":{"line":68,"column":6},"end":{"line":68,"column":55}},"17":{"start":{"line":70,"column":6},"end":{"line":70,"column":19}},"18":{"start":{"line":74,"column":36},"end":{"line":87,"column":1}},"19":{"start":{"line":75,"column":2},"end":{"line":86,"column":3}},"20":{"start":{"line":77,"column":6},"end":{"line":77,"column":31}},"21":{"start":{"line":79,"column":6},"end":{"line":79,"column":72}},"22":{"start":{"line":81,"column":6},"end":{"line":81,"column":55}},"23":{"start":{"line":83,"column":6},"end":{"line":83,"column":16}},"24":{"start":{"line":85,"column":6},"end":{"line":85,"column":19}},"25":{"start":{"line":89,"column":36},"end":{"line":102,"column":1}},"26":{"start":{"line":90,"column":2},"end":{"line":101,"column":3}},"27":{"start":{"line":92,"column":6},"end":{"line":92,"column":31}},"28":{"start":{"line":94,"column":6},"end":{"line":94,"column":72}},"29":{"start":{"line":96,"column":6},"end":{"line":96,"column":55}},"30":{"start":{"line":98,"column":6},"end":{"line":98,"column":29}},"31":{"start":{"line":100,"column":6},"end":{"line":100,"column":19}},"32":{"start":{"line":104,"column":42},"end":{"line":117,"column":1}},"33":{"start":{"line":105,"column":2},"end":{"line":116,"column":3}},"34":{"start":{"line":107,"column":6},"end":{"line":107,"column":31}},"35":{"start":{"line":109,"column":6},"end":{"line":109,"column":47}},"36":{"start":{"line":111,"column":6},"end":{"line":111,"column":55}},"37":{"start":{"line":113,"column":6},"end":{"line":113,"column":16}},"38":{"start":{"line":115,"column":6},"end":{"line":115,"column":19}}},"fnMap":{"0":{"name":"(anonymous_0)","decl":{"start":{"line":26,"column":34},"end":{"line":26,"column":35}},"loc":{"start":{"line":26,"column":72},"end":{"line":43,"column":1}},"line":26},"1":{"name":"(anonymous_1)","decl":{"start":{"line":45,"column":37},"end":{"line":45,"column":38}},"loc":{"start":{"line":48,"column":5},"end":{"line":59,"column":1}},"line":48},"2":{"name":"(anonymous_2)","decl":{"start":{"line":61,"column":36},"end":{"line":61,"column":37}},"loc":{"start":{"line":61,"column":60},"end":{"line":72,"column":1}},"line":61},"3":{"name":"(anonymous_3)","decl":{"start":{"line":74,"column":36},"end":{"line":74,"column":37}},"loc":{"start":{"line":74,"column":60},"end":{"line":87,"column":1}},"line":74},"4":{"name":"(anonymous_4)","decl":{"start":{"line":89,"column":36},"end":{"line":89,"column":37}},"loc":{"start":{"line":89,"column":73},"end":{"line":102,"column":1}},"line":89},"5":{"name":"(anonymous_5)","decl":{"start":{"line":104,"column":42},"end":{"line":104,"column":43}},"loc":{"start":{"line":104,"column":66},"end":{"line":117,"column":1}},"line":104}},"branchMap":{"0":{"loc":{"start":{"line":26,"column":35},"end":{"line":26,"column":59}},"type":"default-arg","locations":[{"start":{"line":26,"column":43},"end":{"line":26,"column":59}}],"line":26},"1":{"loc":{"start":{"line":28,"column":2},"end":{"line":42,"column":3}},"type":"switch","locations":[{"start":{"line":29,"column":4},"end":{"line":30,"column":45}},{"start":{"line":31,"column":4},"end":{"line":37,"column":8}},{"start":{"line":38,"column":4},"end":{"line":39,"column":55}},{"start":{"line":40,"column":4},"end":{"line":41,"column":19}}],"line":28},"2":{"loc":{"start":{"line":46,"column":2},"end":{"line":46,"column":38}},"type":"default-arg","locations":[{"start":{"line":46,"column":10},"end":{"line":46,"column":38}}],"line":46},"3":{"loc":{"start":{"line":49,"column":2},"end":{"line":58,"column":3}},"type":"switch","locations":[{"start":{"line":50,"column":4},"end":{"line":51,"column":41}},{"start":{"line":52,"column":4},"end":{"line":53,"column":57}},{"start":{"line":54,"column":4},"end":{"line":55,"column":55}},{"start":{"line":56,"column":4},"end":{"line":57,"column":19}}],"line":49},"4":{"loc":{"start":{"line":61,"column":37},"end":{"line":61,"column":47}},"type":"default-arg","locations":[{"start":{"line":61,"column":45},"end":{"line":61,"column":47}}],"line":61},"5":{"loc":{"start":{"line":62,"column":2},"end":{"line":71,"column":3}},"type":"switch","locations":[{"start":{"line":63,"column":4},"end":{"line":64,"column":31}},{"start":{"line":65,"column":4},"end":{"line":66,"column":47}},{"start":{"line":67,"column":4},"end":{"line":68,"column":55}},{"start":{"line":69,"column":4},"end":{"line":70,"column":19}}],"line":62},"6":{"loc":{"start":{"line":74,"column":37},"end":{"line":74,"column":47}},"type":"default-arg","locations":[{"start":{"line":74,"column":45},"end":{"line":74,"column":47}}],"line":74},"7":{"loc":{"start":{"line":75,"column":2},"end":{"line":86,"column":3}},"type":"switch","locations":[{"start":{"line":76,"column":4},"end":{"line":77,"column":31}},{"start":{"line":78,"column":4},"end":{"line":79,"column":72}},{"start":{"line":80,"column":4},"end":{"line":81,"column":55}},{"start":{"line":82,"column":4},"end":{"line":83,"column":16}},{"start":{"line":84,"column":4},"end":{"line":85,"column":19}}],"line":75},"8":{"loc":{"start":{"line":89,"column":37},"end":{"line":89,"column":60}},"type":"default-arg","locations":[{"start":{"line":89,"column":45},"end":{"line":89,"column":60}}],"line":89},"9":{"loc":{"start":{"line":90,"column":2},"end":{"line":101,"column":3}},"type":"switch","locations":[{"start":{"line":91,"column":4},"end":{"line":92,"column":31}},{"start":{"line":93,"column":4},"end":{"line":94,"column":72}},{"start":{"line":95,"column":4},"end":{"line":96,"column":55}},{"start":{"line":97,"column":4},"end":{"line":98,"column":29}},{"start":{"line":99,"column":4},"end":{"line":100,"column":19}}],"line":90},"10":{"loc":{"start":{"line":104,"column":43},"end":{"line":104,"column":53}},"type":"default-arg","locations":[{"start":{"line":104,"column":51},"end":{"line":104,"column":53}}],"line":104},"11":{"loc":{"start":{"line":105,"column":2},"end":{"line":116,"column":3}},"type":"switch","locations":[{"start":{"line":106,"column":4},"end":{"line":107,"column":31}},{"start":{"line":108,"column":4},"end":{"line":109,"column":47}},{"start":{"line":110,"column":4},"end":{"line":111,"column":55}},{"start":{"line":112,"column":4},"end":{"line":113,"column":16}},{"start":{"line":114,"column":4},"end":{"line":115,"column":19}}],"line":105}},"s":{"0":1,"1":3,"2":1,"3":0,"4":1,"5":1,"6":1,"7":4,"8":1,"9":1,"10":1,"11":1,"12":1,"13":4,"14":1,"15":1,"16":1,"17":1,"18":1,"19":5,"20":1,"21":1,"22":1,"23":1,"24":1,"25":1,"26":5,"27":1,"28":1,"29":1,"30":1,"31":1,"32":1,"33":5,"34":1,"35":1,"36":1,"37":1,"38":1},"f":{"0":3,"1":4,"2":4,"3":5,"4":5,"5":5},"b":{"0":[3],"1":[1,0,1,1],"2":[1],"3":[1,1,1,1],"4":[1],"5":[1,1,1,1],"6":[1],"7":[1,1,1,1,1],"8":[1],"9":[1,1,1,1,1],"10":[1],"11":[1,1,1,1,1]},"_coverageSchema":"43e27e138ebf9cfc5966b082cf9a028302ed4184","hash":"e387fea76b3449e720d2a94720379d8f84d4b3d2"}
,"/Users/dziugaspeciulevicius/dev/eds-store/eds-store-mern/frontend/src/reducers/userReducers.js": {"path":"/Users/dziugaspeciulevicius/dev/eds-store/eds-store-mern/frontend/src/reducers/userReducers.js","statementMap":{"0":{"start":{"line":29,"column":32},"end":{"line":42,"column":1}},"1":{"start":{"line":30,"column":2},"end":{"line":41,"column":3}},"2":{"start":{"line":32,"column":6},"end":{"line":32,"column":31}},"3":{"start":{"line":34,"column":6},"end":{"line":34,"column":58}},"4":{"start":{"line":36,"column":6},"end":{"line":36,"column":55}},"5":{"start":{"line":38,"column":6},"end":{"line":38,"column":16}},"6":{"start":{"line":40,"column":6},"end":{"line":40,"column":19}},"7":{"start":{"line":44,"column":35},"end":{"line":55,"column":1}},"8":{"start":{"line":45,"column":2},"end":{"line":54,"column":3}},"9":{"start":{"line":47,"column":6},"end":{"line":47,"column":31}},"10":{"start":{"line":49,"column":6},"end":{"line":49,"column":58}},"11":{"start":{"line":51,"column":6},"end":{"line":51,"column":55}},"12":{"start":{"line":53,"column":6},"end":{"line":53,"column":19}},"13":{"start":{"line":57,"column":34},"end":{"line":70,"column":1}},"14":{"start":{"line":58,"column":2},"end":{"line":69,"column":3}},"15":{"start":{"line":60,"column":6},"end":{"line":60,"column":41}},"16":{"start":{"line":62,"column":6},"end":{"line":62,"column":54}},"17":{"start":{"line":64,"column":6},"end":{"line":64,"column":55}},"18":{"start":{"line":66,"column":6},"end":{"line":66,"column":26}},"19":{"start":{"line":68,"column":6},"end":{"line":68,"column":19}},"20":{"start":{"line":72,"column":40},"end":{"line":83,"column":1}},"21":{"start":{"line":73,"column":2},"end":{"line":82,"column":3}},"22":{"start":{"line":75,"column":6},"end":{"line":75,"column":31}},"23":{"start":{"line":77,"column":6},"end":{"line":77,"column":73}},"24":{"start":{"line":79,"column":6},"end":{"line":79,"column":55}},"25":{"start":{"line":81,"column":6},"end":{"line":81,"column":19}},"26":{"start":{"line":85,"column":31},"end":{"line":98,"column":1}},"27":{"start":{"line":86,"column":2},"end":{"line":97,"column":3}},"28":{"start":{"line":88,"column":6},"end":{"line":88,"column":31}},"29":{"start":{"line":90,"column":6},"end":{"line":90,"column":55}},"30":{"start":{"line":92,"column":6},"end":{"line":92,"column":55}},"31":{"start":{"line":94,"column":6},"end":{"line":94,"column":27}},"32":{"start":{"line":96,"column":6},"end":{"line":96,"column":19}},"33":{"start":{"line":100,"column":33},"end":{"line":111,"column":1}},"34":{"start":{"line":101,"column":2},"end":{"line":110,"column":3}},"35":{"start":{"line":103,"column":6},"end":{"line":103,"column":31}},"36":{"start":{"line":105,"column":6},"end":{"line":105,"column":47}},"37":{"start":{"line":107,"column":6},"end":{"line":107,"column":55}},"38":{"start":{"line":109,"column":6},"end":{"line":109,"column":19}},"39":{"start":{"line":113,"column":33},"end":{"line":128,"column":1}},"40":{"start":{"line":114,"column":2},"end":{"line":127,"column":3}},"41":{"start":{"line":116,"column":6},"end":{"line":116,"column":31}},"42":{"start":{"line":118,"column":6},"end":{"line":118,"column":47}},"43":{"start":{"line":120,"column":6},"end":{"line":120,"column":55}},"44":{"start":{"line":122,"column":6},"end":{"line":124,"column":8}},"45":{"start":{"line":126,"column":6},"end":{"line":126,"column":19}}},"fnMap":{"0":{"name":"(anonymous_0)","decl":{"start":{"line":29,"column":32},"end":{"line":29,"column":33}},"loc":{"start":{"line":29,"column":56},"end":{"line":42,"column":1}},"line":29},"1":{"name":"(anonymous_1)","decl":{"start":{"line":44,"column":35},"end":{"line":44,"column":36}},"loc":{"start":{"line":44,"column":59},"end":{"line":55,"column":1}},"line":44},"2":{"name":"(anonymous_2)","decl":{"start":{"line":57,"column":34},"end":{"line":57,"column":35}},"loc":{"start":{"line":57,"column":68},"end":{"line":70,"column":1}},"line":57},"3":{"name":"(anonymous_3)","decl":{"start":{"line":72,"column":40},"end":{"line":72,"column":41}},"loc":{"start":{"line":72,"column":64},"end":{"line":83,"column":1}},"line":72},"4":{"name":"(anonymous_4)","decl":{"start":{"line":85,"column":31},"end":{"line":85,"column":32}},"loc":{"start":{"line":85,"column":66},"end":{"line":98,"column":1}},"line":85},"5":{"name":"(anonymous_5)","decl":{"start":{"line":100,"column":33},"end":{"line":100,"column":34}},"loc":{"start":{"line":100,"column":57},"end":{"line":111,"column":1}},"line":100},"6":{"name":"(anonymous_6)","decl":{"start":{"line":113,"column":33},"end":{"line":113,"column":34}},"loc":{"start":{"line":113,"column":67},"end":{"line":128,"column":1}},"line":113}},"branchMap":{"0":{"loc":{"start":{"line":29,"column":33},"end":{"line":29,"column":43}},"type":"default-arg","locations":[{"start":{"line":29,"column":41},"end":{"line":29,"column":43}}],"line":29},"1":{"loc":{"start":{"line":30,"column":2},"end":{"line":41,"column":3}},"type":"switch","locations":[{"start":{"line":31,"column":4},"end":{"line":32,"column":31}},{"start":{"line":33,"column":4},"end":{"line":34,"column":58}},{"start":{"line":35,"column":4},"end":{"line":36,"column":55}},{"start":{"line":37,"column":4},"end":{"line":38,"column":16}},{"start":{"line":39,"column":4},"end":{"line":40,"column":19}}],"line":30},"2":{"loc":{"start":{"line":44,"column":36},"end":{"line":44,"column":46}},"type":"default-arg","locations":[{"start":{"line":44,"column":44},"end":{"line":44,"column":46}}],"line":44},"3":{"loc":{"start":{"line":45,"column":2},"end":{"line":54,"column":3}},"type":"switch","locations":[{"start":{"line":46,"column":4},"end":{"line":47,"column":31}},{"start":{"line":48,"column":4},"end":{"line":49,"column":58}},{"start":{"line":50,"column":4},"end":{"line":51,"column":55}},{"start":{"line":52,"column":4},"end":{"line":53,"column":19}}],"line":45},"4":{"loc":{"start":{"line":57,"column":35},"end":{"line":57,"column":55}},"type":"default-arg","locations":[{"start":{"line":57,"column":43},"end":{"line":57,"column":55}}],"line":57},"5":{"loc":{"start":{"line":58,"column":2},"end":{"line":69,"column":3}},"type":"switch","locations":[{"start":{"line":59,"column":4},"end":{"line":60,"column":41}},{"start":{"line":61,"column":4},"end":{"line":62,"column":54}},{"start":{"line":63,"column":4},"end":{"line":64,"column":55}},{"start":{"line":65,"column":4},"end":{"line":66,"column":26}},{"start":{"line":67,"column":4},"end":{"line":68,"column":19}}],"line":58},"6":{"loc":{"start":{"line":72,"column":41},"end":{"line":72,"column":51}},"type":"default-arg","locations":[{"start":{"line":72,"column":49},"end":{"line":72,"column":51}}],"line":72},"7":{"loc":{"start":{"line":73,"column":2},"end":{"line":82,"column":3}},"type":"switch","locations":[{"start":{"line":74,"column":4},"end":{"line":75,"column":31}},{"start":{"line":76,"column":4},"end":{"line":77,"column":73}},{"start":{"line":78,"column":4},"end":{"line":79,"column":55}},{"start":{"line":80,"column":4},"end":{"line":81,"column":19}}],"line":73},"8":{"loc":{"start":{"line":85,"column":32},"end":{"line":85,"column":53}},"type":"default-arg","locations":[{"start":{"line":85,"column":40},"end":{"line":85,"column":53}}],"line":85},"9":{"loc":{"start":{"line":86,"column":2},"end":{"line":97,"column":3}},"type":"switch","locations":[{"start":{"line":87,"column":4},"end":{"line":88,"column":31}},{"start":{"line":89,"column":4},"end":{"line":90,"column":55}},{"start":{"line":91,"column":4},"end":{"line":92,"column":55}},{"start":{"line":93,"column":4},"end":{"line":94,"column":27}},{"start":{"line":95,"column":4},"end":{"line":96,"column":19}}],"line":86},"10":{"loc":{"start":{"line":100,"column":34},"end":{"line":100,"column":44}},"type":"default-arg","locations":[{"start":{"line":100,"column":42},"end":{"line":100,"column":44}}],"line":100},"11":{"loc":{"start":{"line":101,"column":2},"end":{"line":110,"column":3}},"type":"switch","locations":[{"start":{"line":102,"column":4},"end":{"line":103,"column":31}},{"start":{"line":104,"column":4},"end":{"line":105,"column":47}},{"start":{"line":106,"column":4},"end":{"line":107,"column":55}},{"start":{"line":108,"column":4},"end":{"line":109,"column":19}}],"line":101},"12":{"loc":{"start":{"line":113,"column":34},"end":{"line":113,"column":54}},"type":"default-arg","locations":[{"start":{"line":113,"column":42},"end":{"line":113,"column":54}}],"line":113},"13":{"loc":{"start":{"line":114,"column":2},"end":{"line":127,"column":3}},"type":"switch","locations":[{"start":{"line":115,"column":4},"end":{"line":116,"column":31}},{"start":{"line":117,"column":4},"end":{"line":118,"column":47}},{"start":{"line":119,"column":4},"end":{"line":120,"column":55}},{"start":{"line":121,"column":4},"end":{"line":124,"column":8}},{"start":{"line":125,"column":4},"end":{"line":126,"column":19}}],"line":114}},"s":{"0":1,"1":5,"2":1,"3":1,"4":1,"5":1,"6":1,"7":1,"8":4,"9":1,"10":1,"11":1,"12":1,"13":1,"14":5,"15":1,"16":1,"17":1,"18":1,"19":1,"20":1,"21":4,"22":1,"23":1,"24":1,"25":1,"26":1,"27":5,"28":1,"29":1,"30":1,"31":1,"32":1,"33":1,"34":4,"35":1,"36":1,"37":1,"38":1,"39":1,"40":5,"41":1,"42":1,"43":1,"44":1,"45":1},"f":{"0":5,"1":4,"2":5,"3":4,"4":5,"5":4,"6":5},"b":{"0":[1],"1":[1,1,1,1,1],"2":[1],"3":[1,1,1,1],"4":[1],"5":[1,1,1,1,1],"6":[1],"7":[1,1,1,1],"8":[1],"9":[1,1,1,1,1],"10":[1],"11":[1,1,1,1],"12":[1],"13":[1,1,1,1,1]},"_coverageSchema":"43e27e138ebf9cfc5966b082cf9a028302ed4184","hash":"245c3dafa4bd4c3dc7ce44c11ad4d48153e9291a"}
}
