TN:
SF:D:\MY FILES\Studies\5 SEMESTER\Software engineering\eds-store\frontend\src\App.js
FN:27,(anonymous_0)
FNF:1
FNH:1
FNDA:1,(anonymous_0)
DA:27,1
DA:28,1
LF:2
LH:2
BRF:0
BRH:0
end_of_record
TN:
SF:D:\MY FILES\Studies\5 SEMESTER\Software engineering\eds-store\frontend\src\store.js
FNF:0
FNH:0
DA:31,0
DA:54,0
DA:58,0
DA:62,0
DA:66,0
DA:70,0
DA:79,0
DA:81,0
LF:8
LH:0
BRDA:54,0,0,0
BRDA:54,0,1,0
BRDA:58,1,0,0
BRDA:58,1,1,0
BRDA:62,2,0,0
BRDA:62,2,1,0
BRDA:66,3,0,0
BRDA:66,3,1,0
BRF:8
BRH:0
end_of_record
TN:
SF:D:\MY FILES\Studies\5 SEMESTER\Software engineering\eds-store\frontend\src\actions\cartActions.js
FN:9,(anonymous_0)
FN:9,(anonymous_1)
FN:28,(anonymous_2)
FN:28,(anonymous_3)
FN:36,(anonymous_4)
FN:36,(anonymous_5)
FN:44,(anonymous_6)
FN:44,(anonymous_7)
FNF:8
FNH:0
FNDA:0,(anonymous_0)
FNDA:0,(anonymous_1)
FNDA:0,(anonymous_2)
FNDA:0,(anonymous_3)
FNDA:0,(anonymous_4)
FNDA:0,(anonymous_5)
FNDA:0,(anonymous_6)
FNDA:0,(anonymous_7)
DA:9,5
DA:10,0
DA:12,0
DA:25,0
DA:28,5
DA:29,0
DA:33,0
DA:36,5
DA:37,0
DA:41,0
DA:44,5
DA:45,0
DA:49,0
LF:13
LH:4
BRF:0
BRH:0
end_of_record
TN:
SF:D:\MY FILES\Studies\5 SEMESTER\Software engineering\eds-store\frontend\src\actions\orderActions.js
FN:24,(anonymous_0)
FN:24,(anonymous_1)
FN:58,(anonymous_2)
FN:58,(anonymous_3)
FN:91,(anonymous_4)
FN:91,(anonymous_5)
FN:132,(anonymous_6)
FN:132,(anonymous_7)
FN:173,(anonymous_8)
FN:173,(anonymous_9)
FN:206,(anonymous_10)
FN:206,(anonymous_11)
FNF:12
FNH:0
FNDA:0,(anonymous_0)
FNDA:0,(anonymous_1)
FNDA:0,(anonymous_2)
FNDA:0,(anonymous_3)
FNDA:0,(anonymous_4)
FNDA:0,(anonymous_5)
FNDA:0,(anonymous_6)
FNDA:0,(anonymous_7)
FNDA:0,(anonymous_8)
FNDA:0,(anonymous_9)
FNDA:0,(anonymous_10)
FNDA:0,(anonymous_11)
DA:24,6
DA:25,0
DA:26,0
DA:32,0
DA:34,0
DA:41,0
DA:43,0
DA:48,0
DA:58,6
DA:59,0
DA:60,0
DA:66,0
DA:68,0
DA:74,0
DA:76,0
DA:81,0
DA:91,6
DA:95,0
DA:96,0
DA:102,0
DA:104,0
DA:111,0
DA:117,0
DA:122,0
DA:132,6
DA:133,0
DA:134,0
DA:140,0
DA:142,0
DA:148,0
DA:154,0
DA:160,0
DA:163,0
DA:164,0
DA:166,0
DA:173,6
DA:174,0
DA:175,0
DA:181,0
DA:183,0
DA:189,0
DA:191,0
DA:196,0
DA:206,6
DA:207,0
DA:208,0
DA:214,0
DA:216,0
DA:222,0
DA:224,0
DA:229,0
LF:51
LH:6
BRDA:51,0,0,0
BRDA:51,0,1,0
BRDA:51,1,0,0
BRDA:51,1,1,0
BRDA:84,2,0,0
BRDA:84,2,1,0
BRDA:84,3,0,0
BRDA:84,3,1,0
BRDA:125,4,0,0
BRDA:125,4,1,0
BRDA:125,5,0,0
BRDA:125,5,1,0
BRDA:160,6,0,0
BRDA:160,6,1,0
BRDA:160,7,0,0
BRDA:160,7,1,0
BRDA:163,8,0,0
BRDA:163,8,1,0
BRDA:199,9,0,0
BRDA:199,9,1,0
BRDA:199,10,0,0
BRDA:199,10,1,0
BRDA:232,11,0,0
BRDA:232,11,1,0
BRDA:232,12,0,0
BRDA:232,12,1,0
BRF:26
BRH:0
end_of_record
TN:
SF:D:\MY FILES\Studies\5 SEMESTER\Software engineering\eds-store\frontend\src\actions\productActions.js
FN:23,(anonymous_0)
FN:23,(anonymous_1)
FN:48,(anonymous_2)
FN:48,(anonymous_3)
FN:69,(anonymous_4)
FN:69,(anonymous_5)
FN:101,(anonymous_6)
FN:101,(anonymous_7)
FN:134,(anonymous_8)
FN:134,(anonymous_9)
FN:175,(anonymous_10)
FN:175,(anonymous_11)
FNF:12
FNH:0
FNDA:0,(anonymous_0)
FNDA:0,(anonymous_1)
FNDA:0,(anonymous_2)
FNDA:0,(anonymous_3)
FNDA:0,(anonymous_4)
FNDA:0,(anonymous_5)
FNDA:0,(anonymous_6)
FNDA:0,(anonymous_7)
FNDA:0,(anonymous_8)
FNDA:0,(anonymous_9)
FNDA:0,(anonymous_10)
FNDA:0,(anonymous_11)
DA:23,7
DA:26,0
DA:27,0
DA:29,0
DA:33,0
DA:38,0
DA:48,7
DA:49,0
DA:50,0
DA:52,0
DA:54,0
DA:59,0
DA:69,7
DA:70,0
DA:71,0
DA:77,0
DA:79,0
DA:85,0
DA:87,0
DA:91,0
DA:101,7
DA:102,0
DA:103,0
DA:109,0
DA:111,0
DA:117,0
DA:119,0
DA:124,0
DA:134,7
DA:135,0
DA:136,0
DA:142,0
DA:144,0
DA:151,0
DA:157,0
DA:162,0
DA:165,0
DA:175,7
DA:179,0
DA:180,0
DA:186,0
DA:188,0
DA:195,0
DA:197,0
DA:201,0
LF:45
LH:6
BRDA:23,0,0,0
BRDA:23,1,0,0
BRDA:41,2,0,0
BRDA:41,2,1,0
BRDA:41,3,0,0
BRDA:41,3,1,0
BRDA:62,4,0,0
BRDA:62,4,1,0
BRDA:62,5,0,0
BRDA:62,5,1,0
BRDA:94,6,0,0
BRDA:94,6,1,0
BRDA:94,7,0,0
BRDA:94,7,1,0
BRDA:127,8,0,0
BRDA:127,8,1,0
BRDA:127,9,0,0
BRDA:127,9,1,0
BRDA:168,10,0,0
BRDA:168,10,1,0
BRDA:168,11,0,0
BRDA:168,11,1,0
BRDA:204,12,0,0
BRDA:204,12,1,0
BRDA:204,13,0,0
BRDA:204,13,1,0
BRF:26
BRH:0
end_of_record
TN:
SF:D:\MY FILES\Studies\5 SEMESTER\Software engineering\eds-store\frontend\src\actions\userActions.js
FN:29,(anonymous_0)
FN:29,(anonymous_1)
FN:64,(anonymous_2)
FN:64,(anonymous_3)
FN:72,(anonymous_4)
FN:72,(anonymous_5)
FN:112,(anonymous_6)
FN:112,(anonymous_7)
FN:146,(anonymous_8)
FN:146,(anonymous_9)
FN:180,(anonymous_10)
FN:180,(anonymous_11)
FN:213,(anonymous_12)
FN:213,(anonymous_13)
FN:243,(anonymous_14)
FN:243,(anonymous_15)
FNF:16
FNH:0
FNDA:0,(anonymous_0)
FNDA:0,(anonymous_1)
FNDA:0,(anonymous_2)
FNDA:0,(anonymous_3)
FNDA:0,(anonymous_4)
FNDA:0,(anonymous_5)
FNDA:0,(anonymous_6)
FNDA:0,(anonymous_7)
FNDA:0,(anonymous_8)
FNDA:0,(anonymous_9)
FNDA:0,(anonymous_10)
FNDA:0,(anonymous_11)
FNDA:0,(anonymous_12)
FNDA:0,(anonymous_13)
FNDA:0,(anonymous_14)
FNDA:0,(anonymous_15)
DA:29,10
DA:30,0
DA:31,0
DA:35,0
DA:41,0
DA:47,0
DA:52,0
DA:54,0
DA:64,10
DA:65,0
DA:66,0
DA:67,0
DA:68,0
DA:69,0
DA:72,10
DA:73,0
DA:74,0
DA:78,0
DA:84,0
DA:90,0
DA:95,0
DA:100,0
DA:102,0
DA:112,10
DA:113,0
DA:114,0
DA:120,0
DA:122,0
DA:129,0
DA:131,0
DA:136,0
DA:146,10
DA:147,0
DA:148,0
DA:154,0
DA:156,0
DA:163,0
DA:165,0
DA:170,0
DA:180,10
DA:181,0
DA:182,0
DA:188,0
DA:190,0
DA:196,0
DA:198,0
DA:203,0
DA:213,10
DA:214,0
DA:215,0
DA:221,0
DA:223,0
DA:229,0
DA:231,0
DA:233,0
DA:243,10
DA:244,0
DA:245,0
DA:251,0
DA:253,0
DA:260,0
DA:262,0
DA:263,0
DA:264,0
DA:266,0
LF:65
LH:8
BRDA:57,0,0,0
BRDA:57,0,1,0
BRDA:57,1,0,0
BRDA:57,1,1,0
BRDA:105,2,0,0
BRDA:105,2,1,0
BRDA:105,3,0,0
BRDA:105,3,1,0
BRDA:139,4,0,0
BRDA:139,4,1,0
BRDA:139,5,0,0
BRDA:139,5,1,0
BRDA:173,6,0,0
BRDA:173,6,1,0
BRDA:173,7,0,0
BRDA:173,7,1,0
BRDA:206,8,0,0
BRDA:206,8,1,0
BRDA:206,9,0,0
BRDA:206,9,1,0
BRDA:236,10,0,0
BRDA:236,10,1,0
BRDA:236,11,0,0
BRDA:236,11,1,0
BRDA:269,12,0,0
BRDA:269,12,1,0
BRDA:269,13,0,0
BRDA:269,13,1,0
BRF:28
BRH:0
end_of_record
TN:
SF:D:\MY FILES\Studies\5 SEMESTER\Software engineering\eds-store\frontend\src\components\Breadcrumb.component.jsx
FN:7,(anonymous_0)
FNF:1
FNH:1
FNDA:1,(anonymous_0)
DA:8,1
DA:9,1
LF:2
LH:2
BRDA:23,0,0,0
BRDA:23,0,1,1
BRF:2
BRH:1
end_of_record
TN:
SF:D:\MY FILES\Studies\5 SEMESTER\Software engineering\eds-store\frontend\src\components\CheckoutSteps.component.jsx
FN:5,(anonymous_0)
FNF:1
FNH:1
FNDA:1,(anonymous_0)
DA:5,5
DA:6,1
LF:2
LH:2
BRDA:9,0,0,0
BRDA:9,0,1,1
BRDA:16,1,0,0
BRDA:16,1,1,1
BRDA:23,2,0,0
BRDA:23,2,1,1
BRDA:30,3,0,0
BRDA:30,3,1,1
BRF:8
BRH:4
end_of_record
TN:
SF:D:\MY FILES\Studies\5 SEMESTER\Software engineering\eds-store\frontend\src\components\Footer.component.jsx
FN:8,(anonymous_0)
FNF:1
FNH:1
FNDA:1,(anonymous_0)
DA:8,2
DA:9,1
LF:2
LH:2
BRF:0
BRH:0
end_of_record
TN:
SF:D:\MY FILES\Studies\5 SEMESTER\Software engineering\eds-store\frontend\src\components\FormContainer.component.jsx
FN:4,(anonymous_0)
FNF:1
FNH:1
FNDA:1,(anonymous_0)
DA:4,8
DA:5,1
LF:2
LH:2
BRF:0
BRH:0
end_of_record
TN:
SF:D:\MY FILES\Studies\5 SEMESTER\Software engineering\eds-store\frontend\src\components\Header.component.jsx
FN:12,(anonymous_0)
FN:15,(anonymous_1)
FN:18,(anonymous_2)
FN:54,(anonymous_3)
FNF:4
FNH:0
FNDA:0,(anonymous_0)
FNDA:0,(anonymous_1)
FNDA:0,(anonymous_2)
FNDA:0,(anonymous_3)
DA:12,1
DA:13,0
DA:15,0
DA:16,0
DA:18,0
DA:19,0
DA:22,0
DA:24,0
DA:54,0
LF:9
LH:1
BRDA:22,0,0,0
BRDA:22,0,1,0
BRDA:59,1,0,0
BRDA:59,1,1,0
BRDA:61,2,0,0
BRDA:61,2,1,0
BRDA:61,2,2,0
BRF:7
BRH:0
end_of_record
TN:
SF:D:\MY FILES\Studies\5 SEMESTER\Software engineering\eds-store\frontend\src\components\Message.component.jsx
FN:4,(anonymous_0)
FNF:1
FNH:0
FNDA:0,(anonymous_0)
DA:4,17
DA:5,0
DA:8,17
LF:3
LH:2
BRF:0
BRH:0
end_of_record
TN:
SF:D:\MY FILES\Studies\5 SEMESTER\Software engineering\eds-store\frontend\src\components\NotFound.component.jsx
FN:3,(anonymous_0)
FNF:1
FNH:0
FNDA:0,(anonymous_0)
DA:3,2
DA:4,0
LF:2
LH:1
BRF:0
BRH:0
end_of_record
TN:
SF:D:\MY FILES\Studies\5 SEMESTER\Software engineering\eds-store\frontend\src\components\Paginate.component.jsx
FN:5,(anonymous_0)
FN:9,(anonymous_1)
FNF:2
FNH:0
FNDA:0,(anonymous_0)
FNDA:0,(anonymous_1)
DA:5,3
DA:6,0
DA:10,0
LF:3
LH:1
BRDA:5,0,0,0
BRDA:5,1,0,0
BRDA:7,2,0,0
BRDA:7,2,1,0
BRDA:13,3,0,0
BRDA:13,3,1,0
BRDA:14,4,0,0
BRDA:14,4,1,0
BRF:8
BRH:0
end_of_record
TN:
SF:D:\MY FILES\Studies\5 SEMESTER\Software engineering\eds-store\frontend\src\components\Product.component.jsx
FN:9,(anonymous_0)
FNF:1
FNH:0
FNDA:0,(anonymous_0)
DA:9,3
DA:10,0
LF:2
LH:1
BRF:0
BRH:0
end_of_record
TN:
SF:D:\MY FILES\Studies\5 SEMESTER\Software engineering\eds-store\frontend\src\components\Rating.component.jsx
FN:6,(anonymous_0)
FNF:1
FNH:0
FNDA:0,(anonymous_0)
DA:6,6
DA:7,0
DA:82,6
LF:3
LH:2
BRDA:15,0,0,0
BRDA:15,0,1,0
BRDA:17,1,0,0
BRDA:17,1,1,0
BRDA:28,2,0,0
BRDA:28,2,1,0
BRDA:30,3,0,0
BRDA:30,3,1,0
BRDA:41,4,0,0
BRDA:41,4,1,0
BRDA:43,5,0,0
BRDA:43,5,1,0
BRDA:54,6,0,0
BRDA:54,6,1,0
BRDA:56,7,0,0
BRDA:56,7,1,0
BRDA:67,8,0,0
BRDA:67,8,1,0
BRDA:69,9,0,0
BRDA:69,9,1,0
BRDA:76,10,0,0
BRDA:76,10,1,0
BRF:22
BRH:0
end_of_record
TN:
SF:D:\MY FILES\Studies\5 SEMESTER\Software engineering\eds-store\frontend\src\components\ScrollToTop.component.jsx
FN:5,(anonymous_0)
FN:11,(anonymous_1)
FNF:2
FNH:0
FNDA:0,(anonymous_0)
FNDA:0,(anonymous_1)
DA:6,0
DA:7,0
DA:12,0
LF:3
LH:0
BRDA:6,0,0,0
BRDA:6,0,1,0
BRF:2
BRH:0
end_of_record
TN:
SF:D:\MY FILES\Studies\5 SEMESTER\Software engineering\eds-store\frontend\src\components\SearchBox.component.jsx
FN:4,(anonymous_0)
FN:7,(anonymous_1)
FN:20,(anonymous_2)
FNF:3
FNH:0
FNDA:0,(anonymous_0)
FNDA:0,(anonymous_1)
FNDA:0,(anonymous_2)
DA:4,2
DA:5,0
DA:7,0
DA:8,0
DA:9,0
DA:10,0
DA:12,0
DA:15,0
DA:20,0
LF:9
LH:1
BRDA:9,0,0,0
BRDA:9,0,1,0
BRF:2
BRH:0
end_of_record
TN:
SF:D:\MY FILES\Studies\5 SEMESTER\Software engineering\eds-store\frontend\src\components\Spinner.component.jsx
FN:3,Spinner
FNF:1
FNH:0
FNDA:0,Spinner
DA:4,0
LF:1
LH:0
BRF:0
BRH:0
end_of_record
TN:
SF:D:\MY FILES\Studies\5 SEMESTER\Software engineering\eds-store\frontend\src\constants\cartConstants.js
FNF:0
FNH:0
DA:1,5
DA:2,5
DA:3,5
DA:4,5
LF:4
LH:4
BRF:0
BRH:0
end_of_record
TN:
SF:D:\MY FILES\Studies\5 SEMESTER\Software engineering\eds-store\frontend\src\constants\orderConstants.js
FNF:0
FNH:0
DA:1,10
DA:2,10
DA:3,10
DA:4,10
DA:6,10
DA:7,10
DA:8,10
DA:10,10
DA:11,10
DA:12,10
DA:13,10
DA:15,10
DA:16,10
DA:17,10
DA:18,10
DA:20,10
DA:21,10
DA:22,10
DA:24,10
DA:25,10
DA:26,10
DA:27,10
LF:22
LH:22
BRF:0
BRH:0
end_of_record
TN:
SF:D:\MY FILES\Studies\5 SEMESTER\Software engineering\eds-store\frontend\src\constants\productConstants.js
FNF:0
FNH:0
DA:1,8
DA:2,8
DA:3,8
DA:5,8
DA:6,8
DA:7,8
DA:9,8
DA:10,8
DA:11,8
DA:13,8
DA:14,8
DA:15,8
DA:16,8
DA:18,8
DA:19,8
DA:20,8
DA:21,8
DA:23,8
DA:24,8
DA:25,8
DA:26,8
LF:21
LH:21
BRF:0
BRH:0
end_of_record
TN:
SF:D:\MY FILES\Studies\5 SEMESTER\Software engineering\eds-store\frontend\src\constants\userConstants.js
FNF:0
FNH:0
DA:1,11
DA:2,11
DA:3,11
DA:4,11
DA:6,11
DA:7,11
DA:8,11
DA:10,11
DA:11,11
DA:12,11
DA:13,11
DA:15,11
DA:16,11
DA:17,11
DA:18,11
DA:20,11
DA:21,11
DA:22,11
DA:23,11
DA:25,11
DA:26,11
DA:27,11
DA:29,11
DA:30,11
DA:31,11
DA:32,11
LF:26
LH:26
BRF:0
BRH:0
end_of_record
TN:
SF:D:\MY FILES\Studies\5 SEMESTER\Software engineering\eds-store\frontend\src\reducers\cartReducers.js
FN:9,(anonymous_0)
FN:18,(anonymous_1)
FN:25,(anonymous_2)
FN:40,(anonymous_3)
FNF:4
FNH:1
FNDA:1,(anonymous_0)
FNDA:0,(anonymous_1)
FNDA:0,(anonymous_2)
FNDA:0,(anonymous_3)
DA:9,1
DA:13,1
DA:15,0
DA:18,0
DA:22,0
DA:23,0
DA:26,0
DA:32,0
DA:38,0
DA:40,0
DA:43,0
DA:48,0
DA:54,1
LF:13
LH:3
BRDA:10,0,0,1
BRDA:13,1,0,0
BRDA:13,1,1,0
BRDA:13,1,2,0
BRDA:13,1,3,0
BRDA:13,1,4,1
BRDA:22,2,0,0
BRDA:22,2,1,0
BRDA:26,3,0,0
BRDA:26,3,1,0
BRF:10
BRH:2
end_of_record
TN:
SF:D:\MY FILES\Studies\5 SEMESTER\Software engineering\eds-store\frontend\src\reducers\orderReducers.js
FN:26,(anonymous_0)
FN:50,(anonymous_1)
FN:76,(anonymous_2)
FN:99,(anonymous_3)
FN:122,(anonymous_4)
FN:145,(anonymous_5)
FNF:6
FNH:0
FNDA:0,(anonymous_0)
FNDA:0,(anonymous_1)
FNDA:0,(anonymous_2)
FNDA:0,(anonymous_3)
FNDA:0,(anonymous_4)
FNDA:0,(anonymous_5)
DA:26,0
DA:27,0
DA:29,0
DA:33,0
DA:39,0
DA:44,0
DA:46,0
DA:50,0
DA:55,0
DA:57,0
DA:62,0
DA:67,0
DA:72,0
DA:76,0
DA:77,0
DA:79,0
DA:83,0
DA:88,0
DA:93,0
DA:95,0
DA:99,0
DA:100,0
DA:102,0
DA:106,0
DA:111,0
DA:116,0
DA:118,0
DA:122,0
DA:123,0
DA:125,0
DA:129,0
DA:134,0
DA:139,0
DA:141,0
DA:145,0
DA:146,0
DA:148,0
DA:152,0
DA:157,0
DA:162,0
LF:40
LH:0
BRDA:26,0,0,0
BRDA:27,1,0,0
BRDA:27,1,1,0
BRDA:27,1,2,0
BRDA:27,1,3,0
BRDA:27,1,4,0
BRDA:52,2,0,0
BRDA:55,3,0,0
BRDA:55,3,1,0
BRDA:55,3,2,0
BRDA:55,3,3,0
BRDA:76,4,0,0
BRDA:77,5,0,0
BRDA:77,5,1,0
BRDA:77,5,2,0
BRDA:77,5,3,0
BRDA:77,5,4,0
BRDA:99,6,0,0
BRDA:100,7,0,0
BRDA:100,7,1,0
BRDA:100,7,2,0
BRDA:100,7,3,0
BRDA:100,7,4,0
BRDA:122,8,0,0
BRDA:123,9,0,0
BRDA:123,9,1,0
BRDA:123,9,2,0
BRDA:123,9,3,0
BRDA:123,9,4,0
BRDA:145,10,0,0
BRDA:146,11,0,0
BRDA:146,11,1,0
BRDA:146,11,2,0
BRDA:146,11,3,0
BRF:34
BRH:0
end_of_record
TN:
SF:D:\MY FILES\Studies\5 SEMESTER\Software engineering\eds-store\frontend\src\reducers\productReducers.js
FN:26,(anonymous_0)
FN:45,(anonymous_1)
FN:61,(anonymous_2)
FN:74,(anonymous_3)
FN:89,(anonymous_4)
FN:104,(anonymous_5)
FNF:6
FNH:6
FNDA:3,(anonymous_0)
FNDA:4,(anonymous_1)
FNDA:4,(anonymous_2)
FNDA:5,(anonymous_3)
FNDA:5,(anonymous_4)
FNDA:5,(anonymous_5)
DA:26,1
DA:28,3
DA:30,1
DA:32,0
DA:39,1
DA:41,1
DA:45,1
DA:49,4
DA:51,1
DA:53,1
DA:55,1
DA:57,1
DA:61,1
DA:62,4
DA:64,1
DA:66,1
DA:68,1
DA:70,1
DA:74,1
DA:75,5
DA:77,1
DA:79,1
DA:81,1
DA:83,1
DA:85,1
DA:89,1
DA:90,5
DA:92,1
DA:94,1
DA:96,1
DA:98,1
DA:100,1
DA:104,1
DA:105,5
DA:107,1
DA:109,1
DA:111,1
DA:113,1
DA:115,1
LF:39
LH:38
BRDA:26,0,0,3
BRDA:28,1,0,1
BRDA:28,1,1,0
BRDA:28,1,2,1
BRDA:28,1,3,1
BRDA:46,2,0,1
BRDA:49,3,0,1
BRDA:49,3,1,1
BRDA:49,3,2,1
BRDA:49,3,3,1
BRDA:61,4,0,1
BRDA:62,5,0,1
BRDA:62,5,1,1
BRDA:62,5,2,1
BRDA:62,5,3,1
BRDA:74,6,0,1
BRDA:75,7,0,1
BRDA:75,7,1,1
BRDA:75,7,2,1
BRDA:75,7,3,1
BRDA:75,7,4,1
BRDA:89,8,0,1
BRDA:90,9,0,1
BRDA:90,9,1,1
BRDA:90,9,2,1
BRDA:90,9,3,1
BRDA:90,9,4,1
BRDA:104,10,0,1
BRDA:105,11,0,1
BRDA:105,11,1,1
BRDA:105,11,2,1
BRDA:105,11,3,1
BRDA:105,11,4,1
BRF:33
BRH:32
end_of_record
TN:
SF:D:\MY FILES\Studies\5 SEMESTER\Software engineering\eds-store\frontend\src\reducers\userReducers.js
FN:29,(anonymous_0)
FN:44,(anonymous_1)
FN:57,(anonymous_2)
FN:72,(anonymous_3)
FN:85,(anonymous_4)
FN:100,(anonymous_5)
FN:113,(anonymous_6)
FNF:7
FNH:7
FNDA:5,(anonymous_0)
FNDA:4,(anonymous_1)
FNDA:5,(anonymous_2)
FNDA:4,(anonymous_3)
FNDA:5,(anonymous_4)
FNDA:4,(anonymous_5)
FNDA:5,(anonymous_6)
DA:29,1
DA:30,5
DA:32,1
DA:34,1
DA:36,1
DA:38,1
DA:40,1
DA:44,1
DA:45,4
DA:47,1
DA:49,1
DA:51,1
DA:53,1
DA:57,1
DA:58,5
DA:60,1
DA:62,1
DA:64,1
DA:66,1
DA:68,1
DA:72,1
DA:73,4
DA:75,1
DA:77,1
DA:79,1
DA:81,1
DA:85,1
DA:86,5
DA:88,1
DA:90,1
DA:92,1
DA:94,1
DA:96,1
DA:100,1
DA:101,4
DA:103,1
DA:105,1
DA:107,1
DA:109,1
DA:113,1
DA:114,5
DA:116,1
DA:118,1
DA:120,1
DA:122,1
DA:126,1
LF:46
LH:46
BRDA:29,0,0,1
BRDA:30,1,0,1
BRDA:30,1,1,1
BRDA:30,1,2,1
BRDA:30,1,3,1
BRDA:30,1,4,1
BRDA:44,2,0,1
BRDA:45,3,0,1
BRDA:45,3,1,1
BRDA:45,3,2,1
BRDA:45,3,3,1
BRDA:57,4,0,1
BRDA:58,5,0,1
BRDA:58,5,1,1
BRDA:58,5,2,1
BRDA:58,5,3,1
BRDA:58,5,4,1
BRDA:72,6,0,1
BRDA:73,7,0,1
BRDA:73,7,1,1
BRDA:73,7,2,1
BRDA:73,7,3,1
BRDA:85,8,0,1
BRDA:86,9,0,1
BRDA:86,9,1,1
BRDA:86,9,2,1
BRDA:86,9,3,1
BRDA:86,9,4,1
BRDA:100,10,0,1
BRDA:101,11,0,1
BRDA:101,11,1,1
BRDA:101,11,2,1
BRDA:101,11,3,1
BRDA:113,12,0,1
BRDA:114,13,0,1
BRDA:114,13,1,1
BRDA:114,13,2,1
BRDA:114,13,3,1
BRDA:114,13,4,1
BRF:39
BRH:39
end_of_record
